{"/home/akira/github/9Jang/backend/src/app.module.ts": {"path":"/home/akira/github/9Jang/backend/src/app.module.ts","statementMap":{"0":{"start":{"line":1,"column":0},"end":{"line":1,"column":40}},"1":{"start":{"line":2,"column":0},"end":{"line":2,"column":46}},"2":{"start":{"line":3,"column":0},"end":{"line":3,"column":54}},"3":{"start":{"line":4,"column":0},"end":{"line":4,"column":57}},"4":{"start":{"line":5,"column":0},"end":{"line":5,"column":66}},"5":{"start":{"line":17,"column":7},"end":{"line":17,"column":null}},"6":{"start":{"line":17,"column":13},"end":{"line":17,"column":22}},"7":{"start":{"line":17,"column":13},"end":{"line":17,"column":null}}},"fnMap":{},"branchMap":{},"s":{"0":0,"1":0,"2":0,"3":0,"4":0,"5":0,"6":0,"7":0},"f":{},"b":{}}
,"/home/akira/github/9Jang/backend/src/main.ts": {"path":"/home/akira/github/9Jang/backend/src/main.ts","statementMap":{"0":{"start":{"line":1,"column":0},"end":{"line":1,"column":43}},"1":{"start":{"line":2,"column":0},"end":{"line":2,"column":41}},"2":{"start":{"line":3,"column":0},"end":{"line":3,"column":47}},"3":{"start":{"line":4,"column":0},"end":{"line":4,"column":77}},"4":{"start":{"line":5,"column":0},"end":{"line":5,"column":82}},"5":{"start":{"line":6,"column":0},"end":{"line":6,"column":56}},"6":{"start":{"line":7,"column":0},"end":{"line":7,"column":65}},"7":{"start":{"line":10,"column":14},"end":{"line":10,"column":49}},"8":{"start":{"line":13,"column":24},"end":{"line":13,"column":61}},"9":{"start":{"line":14,"column":22},"end":{"line":18,"column":31}},"10":{"start":{"line":15,"column":58},"end":{"line":15,"column":71}},"11":{"start":{"line":20,"column":2},"end":{"line":37,"column":5}},"12":{"start":{"line":40,"column":2},"end":{"line":40,"column":46}},"13":{"start":{"line":43,"column":2},"end":{"line":43,"column":50}},"14":{"start":{"line":46,"column":24},"end":{"line":46,"column":46}},"15":{"start":{"line":47,"column":2},"end":{"line":47,"column":68}},"16":{"start":{"line":50,"column":2},"end":{"line":50,"column":29}},"17":{"start":{"line":53,"column":17},"end":{"line":80,"column":12}},"18":{"start":{"line":82,"column":19},"end":{"line":82,"column":60}},"19":{"start":{"line":83,"column":2},"end":{"line":90,"column":5}},"20":{"start":{"line":92,"column":15},"end":{"line":92,"column":39}},"21":{"start":{"line":93,"column":2},"end":{"line":93,"column":25}},"22":{"start":{"line":94,"column":2},"end":{"line":94,"column":69}},"23":{"start":{"line":95,"column":2},"end":{"line":95,"column":82}},"24":{"start":{"line":97,"column":0},"end":{"line":97,"column":12}}},"fnMap":{"0":{"name":"bootstrap","decl":{"start":{"line":9,"column":15},"end":{"line":9,"column":24}},"loc":{"start":{"line":9,"column":24},"end":{"line":96,"column":1}}},"1":{"name":"(anonymous_1)","decl":{"start":{"line":15,"column":46},"end":{"line":15,"column":47}},"loc":{"start":{"line":15,"column":58},"end":{"line":15,"column":71}}}},"branchMap":{"0":{"loc":{"start":{"line":14,"column":22},"end":{"line":18,"column":31}},"type":"cond-expr","locations":[{"start":{"line":15,"column":6},"end":{"line":15,"column":72}},{"start":{"line":16,"column":6},"end":{"line":18,"column":31}}]},"1":{"loc":{"start":{"line":16,"column":6},"end":{"line":18,"column":31}},"type":"cond-expr","locations":[{"start":{"line":17,"column":6},"end":{"line":17,"column":10}},{"start":{"line":18,"column":6},"end":{"line":18,"column":31}}]},"2":{"loc":{"start":{"line":92,"column":15},"end":{"line":92,"column":39}},"type":"binary-expr","locations":[{"start":{"line":92,"column":15},"end":{"line":92,"column":31}},{"start":{"line":92,"column":35},"end":{"line":92,"column":39}}]}},"s":{"0":0,"1":0,"2":0,"3":0,"4":0,"5":0,"6":0,"7":0,"8":0,"9":0,"10":0,"11":0,"12":0,"13":0,"14":0,"15":0,"16":0,"17":0,"18":0,"19":0,"20":0,"21":0,"22":0,"23":0,"24":0},"f":{"0":0,"1":0},"b":{"0":[0,0],"1":[0,0],"2":[0,0]}}
,"/home/akira/github/9Jang/backend/src/test-db-connection.ts": {"path":"/home/akira/github/9Jang/backend/src/test-db-connection.ts","statementMap":{"0":{"start":{"line":8,"column":0},"end":{"line":8,"column":54}},"1":{"start":{"line":10,"column":15},"end":{"line":10,"column":33}},"2":{"start":{"line":13,"column":2},"end":{"line":13,"column":50}},"3":{"start":{"line":15,"column":2},"end":{"line":154,"column":3}},"4":{"start":{"line":17,"column":4},"end":{"line":17,"column":33}},"5":{"start":{"line":18,"column":4},"end":{"line":18,"column":28}},"6":{"start":{"line":19,"column":4},"end":{"line":19,"column":31}},"7":{"start":{"line":22,"column":4},"end":{"line":22,"column":40}},"8":{"start":{"line":23,"column":22},"end":{"line":23,"column":60}},"9":{"start":{"line":24,"column":4},"end":{"line":24,"column":63}},"10":{"start":{"line":26,"column":22},"end":{"line":26,"column":54}},"11":{"start":{"line":27,"column":4},"end":{"line":27,"column":57}},"12":{"start":{"line":29,"column":26},"end":{"line":29,"column":62}},"13":{"start":{"line":30,"column":4},"end":{"line":30,"column":67}},"14":{"start":{"line":33,"column":4},"end":{"line":33,"column":43}},"15":{"start":{"line":34,"column":25},"end":{"line":34,"column":63}},"16":{"start":{"line":35,"column":4},"end":{"line":35,"column":66}},"17":{"start":{"line":37,"column":25},"end":{"line":37,"column":63}},"18":{"start":{"line":38,"column":4},"end":{"line":38,"column":66}},"19":{"start":{"line":40,"column":24},"end":{"line":40,"column":61}},"20":{"start":{"line":41,"column":4},"end":{"line":41,"column":64}},"21":{"start":{"line":43,"column":26},"end":{"line":43,"column":69}},"22":{"start":{"line":44,"column":4},"end":{"line":44,"column":72}},"23":{"start":{"line":46,"column":26},"end":{"line":46,"column":73}},"24":{"start":{"line":47,"column":4},"end":{"line":47,"column":78}},"25":{"start":{"line":50,"column":4},"end":{"line":50,"column":66}},"26":{"start":{"line":51,"column":28},"end":{"line":56,"column":6}},"27":{"start":{"line":57,"column":4},"end":{"line":61,"column":5}},"28":{"start":{"line":58,"column":6},"end":{"line":58,"column":79}},"29":{"start":{"line":60,"column":6},"end":{"line":60,"column":39}},"30":{"start":{"line":63,"column":30},"end":{"line":72,"column":6}},"31":{"start":{"line":73,"column":4},"end":{"line":77,"column":5}},"32":{"start":{"line":74,"column":6},"end":{"line":74,"column":87}},"33":{"start":{"line":76,"column":6},"end":{"line":76,"column":39}},"34":{"start":{"line":78,"column":4},"end":{"line":78,"column":20}},"35":{"start":{"line":81,"column":4},"end":{"line":81,"column":71}},"36":{"start":{"line":82,"column":32},"end":{"line":91,"column":6}},"37":{"start":{"line":92,"column":4},"end":{"line":97,"column":5}},"38":{"start":{"line":93,"column":6},"end":{"line":93,"column":91}},"39":{"start":{"line":94,"column":6},"end":{"line":94,"column":68}},"40":{"start":{"line":96,"column":6},"end":{"line":96,"column":42}},"41":{"start":{"line":98,"column":4},"end":{"line":98,"column":20}},"42":{"start":{"line":101,"column":4},"end":{"line":101,"column":39}},"43":{"start":{"line":102,"column":27},"end":{"line":110,"column":6}},"44":{"start":{"line":111,"column":4},"end":{"line":111,"column":65}},"45":{"start":{"line":114,"column":4},"end":{"line":114,"column":52}},"46":{"start":{"line":115,"column":28},"end":{"line":123,"column":6}},"47":{"start":{"line":124,"column":4},"end":{"line":124,"column":68}},"48":{"start":{"line":127,"column":4},"end":{"line":127,"column":36}},"49":{"start":{"line":128,"column":29},"end":{"line":135,"column":6}},"50":{"start":{"line":136,"column":4},"end":{"line":145,"column":5}},"51":{"start":{"line":137,"column":22},"end":{"line":137,"column":53}},"52":{"start":{"line":138,"column":6},"end":{"line":142,"column":7}},"53":{"start":{"line":139,"column":8},"end":{"line":139,"column":55}},"54":{"start":{"line":141,"column":8},"end":{"line":141,"column":44}},"55":{"start":{"line":144,"column":6},"end":{"line":144,"column":43}},"56":{"start":{"line":146,"column":4},"end":{"line":146,"column":20}},"57":{"start":{"line":148,"column":4},"end":{"line":148,"column":48}},"58":{"start":{"line":150,"column":4},"end":{"line":150,"column":36}},"59":{"start":{"line":151,"column":4},"end":{"line":151,"column":16}},"60":{"start":{"line":153,"column":4},"end":{"line":153,"column":31}},"61":{"start":{"line":158,"column":0},"end":{"line":166,"column":5}},"62":{"start":{"line":160,"column":4},"end":{"line":160,"column":27}},"63":{"start":{"line":161,"column":4},"end":{"line":161,"column":20}},"64":{"start":{"line":164,"column":4},"end":{"line":164,"column":36}},"65":{"start":{"line":165,"column":4},"end":{"line":165,"column":20}}},"fnMap":{"0":{"name":"testDatabaseConnection","decl":{"start":{"line":12,"column":15},"end":{"line":12,"column":37}},"loc":{"start":{"line":12,"column":37},"end":{"line":155,"column":1}}},"1":{"name":"(anonymous_1)","decl":{"start":{"line":159,"column":8},"end":{"line":159,"column":11}},"loc":{"start":{"line":159,"column":13},"end":{"line":162,"column":3}}},"2":{"name":"(anonymous_2)","decl":{"start":{"line":163,"column":9},"end":{"line":163,"column":10}},"loc":{"start":{"line":163,"column":19},"end":{"line":166,"column":3}}}},"branchMap":{"0":{"loc":{"start":{"line":57,"column":4},"end":{"line":61,"column":5}},"type":"if","locations":[{"start":{"line":57,"column":4},"end":{"line":61,"column":5}},{"start":{"line":59,"column":11},"end":{"line":61,"column":5}}]},"1":{"loc":{"start":{"line":73,"column":4},"end":{"line":77,"column":5}},"type":"if","locations":[{"start":{"line":73,"column":4},"end":{"line":77,"column":5}},{"start":{"line":75,"column":11},"end":{"line":77,"column":5}}]},"2":{"loc":{"start":{"line":92,"column":4},"end":{"line":97,"column":5}},"type":"if","locations":[{"start":{"line":92,"column":4},"end":{"line":97,"column":5}},{"start":{"line":95,"column":11},"end":{"line":97,"column":5}}]},"3":{"loc":{"start":{"line":136,"column":4},"end":{"line":145,"column":5}},"type":"if","locations":[{"start":{"line":136,"column":4},"end":{"line":145,"column":5}},{"start":{"line":143,"column":11},"end":{"line":145,"column":5}}]},"4":{"loc":{"start":{"line":136,"column":8},"end":{"line":136,"column":52}},"type":"binary-expr","locations":[{"start":{"line":136,"column":8},"end":{"line":136,"column":24}},{"start":{"line":136,"column":28},"end":{"line":136,"column":52}}]},"5":{"loc":{"start":{"line":138,"column":6},"end":{"line":142,"column":7}},"type":"if","locations":[{"start":{"line":138,"column":6},"end":{"line":142,"column":7}},{"start":{"line":140,"column":13},"end":{"line":142,"column":7}}]}},"s":{"0":0,"1":0,"2":0,"3":0,"4":0,"5":0,"6":0,"7":0,"8":0,"9":0,"10":0,"11":0,"12":0,"13":0,"14":0,"15":0,"16":0,"17":0,"18":0,"19":0,"20":0,"21":0,"22":0,"23":0,"24":0,"25":0,"26":0,"27":0,"28":0,"29":0,"30":0,"31":0,"32":0,"33":0,"34":0,"35":0,"36":0,"37":0,"38":0,"39":0,"40":0,"41":0,"42":0,"43":0,"44":0,"45":0,"46":0,"47":0,"48":0,"49":0,"50":0,"51":0,"52":0,"53":0,"54":0,"55":0,"56":0,"57":0,"58":0,"59":0,"60":0,"61":0,"62":0,"63":0,"64":0,"65":0},"f":{"0":0,"1":0,"2":0},"b":{"0":[0,0],"1":[0,0],"2":[0,0],"3":[0,0],"4":[0,0],"5":[0,0]}}
,"/home/akira/github/9Jang/backend/src/account/account.controller.ts": {"path":"/home/akira/github/9Jang/backend/src/account/account.controller.ts","statementMap":{"0":{"start":{"line":1,"column":0},"end":{"line":1,"column":null}},"1":{"start":{"line":12,"column":0},"end":{"line":12,"column":104}},"2":{"start":{"line":14,"column":0},"end":{"line":14,"column":51}},"3":{"start":{"line":23,"column":0},"end":{"line":23,"column":null}},"4":{"start":{"line":28,"column":0},"end":{"line":28,"column":47}},"5":{"start":{"line":29,"column":0},"end":{"line":29,"column":55}},"6":{"start":{"line":33,"column":7},"end":{"line":227,"column":null}},"7":{"start":{"line":34,"column":31},"end":{"line":34,"column":47}},"8":{"start":{"line":43,"column":4},"end":{"line":43,"column":47}},"9":{"start":{"line":70,"column":4},"end":{"line":70,"column":31}},"10":{"start":{"line":81,"column":4},"end":{"line":81,"column":61}},"11":{"start":{"line":91,"column":4},"end":{"line":91,"column":59}},"12":{"start":{"line":112,"column":4},"end":{"line":112,"column":69}},"13":{"start":{"line":126,"column":4},"end":{"line":126,"column":66}},"14":{"start":{"line":138,"column":4},"end":{"line":138,"column":54}},"15":{"start":{"line":152,"column":4},"end":{"line":152,"column":74}},"16":{"start":{"line":167,"column":4},"end":{"line":167,"column":77}},"17":{"start":{"line":168,"column":4},"end":{"line":168,"column":33}},"18":{"start":{"line":183,"column":4},"end":{"line":183,"column":56}},"19":{"start":{"line":195,"column":4},"end":{"line":195,"column":47}},"20":{"start":{"line":210,"column":4},"end":{"line":210,"column":56}},"21":{"start":{"line":225,"column":4},"end":{"line":225,"column":60}},"22":{"start":{"line":33,"column":13},"end":{"line":33,"column":30}},"23":{"start":{"line":40,"column":8},"end":{"line":44,"column":null}},"24":{"start":{"line":52,"column":8},"end":{"line":71,"column":null}},"25":{"start":{"line":77,"column":8},"end":{"line":82,"column":null}},"26":{"start":{"line":90,"column":8},"end":{"line":92,"column":null}},"27":{"start":{"line":101,"column":8},"end":{"line":113,"column":null}},"28":{"start":{"line":122,"column":8},"end":{"line":127,"column":null}},"29":{"start":{"line":135,"column":8},"end":{"line":139,"column":null}},"30":{"start":{"line":143,"column":8},"end":{"line":153,"column":null}},"31":{"start":{"line":162,"column":8},"end":{"line":169,"column":null}},"32":{"start":{"line":179,"column":8},"end":{"line":184,"column":null}},"33":{"start":{"line":194,"column":8},"end":{"line":196,"column":null}},"34":{"start":{"line":206,"column":8},"end":{"line":211,"column":null}},"35":{"start":{"line":221,"column":8},"end":{"line":226,"column":null}},"36":{"start":{"line":33,"column":13},"end":{"line":227,"column":null}}},"fnMap":{"0":{"name":"(anonymous_4)","decl":{"start":{"line":34,"column":2},"end":{"line":34,"column":31}},"loc":{"start":{"line":34,"column":61},"end":{"line":34,"column":66}}},"1":{"name":"(anonymous_5)","decl":{"start":{"line":40,"column":2},"end":{"line":40,"column":7}},"loc":{"start":{"line":41,"column":78},"end":{"line":44,"column":3}}},"2":{"name":"(anonymous_6)","decl":{"start":{"line":52,"column":2},"end":{"line":52,"column":7}},"loc":{"start":{"line":52,"column":14},"end":{"line":71,"column":3}}},"3":{"name":"(anonymous_7)","decl":{"start":{"line":77,"column":2},"end":{"line":77,"column":7}},"loc":{"start":{"line":79,"column":43},"end":{"line":82,"column":3}}},"4":{"name":"(anonymous_8)","decl":{"start":{"line":90,"column":2},"end":{"line":90,"column":7}},"loc":{"start":{"line":90,"column":50},"end":{"line":92,"column":3}}},"5":{"name":"(anonymous_9)","decl":{"start":{"line":101,"column":2},"end":{"line":101,"column":7}},"loc":{"start":{"line":103,"column":41},"end":{"line":113,"column":3}}},"6":{"name":"(anonymous_10)","decl":{"start":{"line":122,"column":2},"end":{"line":122,"column":7}},"loc":{"start":{"line":124,"column":34},"end":{"line":127,"column":3}}},"7":{"name":"(anonymous_11)","decl":{"start":{"line":135,"column":2},"end":{"line":135,"column":7}},"loc":{"start":{"line":136,"column":31},"end":{"line":139,"column":3}}},"8":{"name":"(anonymous_12)","decl":{"start":{"line":143,"column":2},"end":{"line":143,"column":7}},"loc":{"start":{"line":145,"column":37},"end":{"line":153,"column":3}}},"9":{"name":"(anonymous_13)","decl":{"start":{"line":162,"column":2},"end":{"line":162,"column":7}},"loc":{"start":{"line":165,"column":47},"end":{"line":169,"column":3}}},"10":{"name":"(anonymous_14)","decl":{"start":{"line":179,"column":2},"end":{"line":179,"column":7}},"loc":{"start":{"line":181,"column":83},"end":{"line":184,"column":3}}},"11":{"name":"(anonymous_15)","decl":{"start":{"line":194,"column":2},"end":{"line":194,"column":7}},"loc":{"start":{"line":194,"column":53},"end":{"line":196,"column":3}}},"12":{"name":"(anonymous_16)","decl":{"start":{"line":206,"column":2},"end":{"line":206,"column":7}},"loc":{"start":{"line":208,"column":83},"end":{"line":211,"column":3}}},"13":{"name":"(anonymous_17)","decl":{"start":{"line":221,"column":2},"end":{"line":221,"column":7}},"loc":{"start":{"line":223,"column":83},"end":{"line":226,"column":3}}}},"branchMap":{"0":{"loc":{"start":{"line":180,"column":57},"end":{"line":180,"column":73}},"type":"default-arg","locations":[{"start":{"line":180,"column":72},"end":{"line":180,"column":73}}]},"1":{"loc":{"start":{"line":181,"column":62},"end":{"line":181,"column":83}},"type":"default-arg","locations":[{"start":{"line":181,"column":81},"end":{"line":181,"column":83}}]},"2":{"loc":{"start":{"line":207,"column":57},"end":{"line":207,"column":73}},"type":"default-arg","locations":[{"start":{"line":207,"column":72},"end":{"line":207,"column":73}}]},"3":{"loc":{"start":{"line":208,"column":62},"end":{"line":208,"column":83}},"type":"default-arg","locations":[{"start":{"line":208,"column":81},"end":{"line":208,"column":83}}]},"4":{"loc":{"start":{"line":222,"column":57},"end":{"line":222,"column":73}},"type":"default-arg","locations":[{"start":{"line":222,"column":72},"end":{"line":222,"column":73}}]},"5":{"loc":{"start":{"line":223,"column":62},"end":{"line":223,"column":83}},"type":"default-arg","locations":[{"start":{"line":223,"column":81},"end":{"line":223,"column":83}}]}},"s":{"0":1,"1":1,"2":1,"3":1,"4":1,"5":1,"6":1,"7":28,"8":2,"9":2,"10":2,"11":2,"12":3,"13":2,"14":2,"15":2,"16":2,"17":2,"18":3,"19":2,"20":2,"21":2,"22":1,"23":1,"24":1,"25":1,"26":1,"27":1,"28":1,"29":1,"30":1,"31":1,"32":1,"33":1,"34":1,"35":1,"36":1},"f":{"0":28,"1":2,"2":2,"3":2,"4":2,"5":3,"6":2,"7":2,"8":2,"9":2,"10":3,"11":2,"12":2,"13":2},"b":{"0":[2],"1":[2],"2":[1],"3":[1],"4":[1],"5":[1]}}
,"/home/akira/github/9Jang/backend/src/account/account.module.ts": {"path":"/home/akira/github/9Jang/backend/src/account/account.module.ts","statementMap":{"0":{"start":{"line":1,"column":0},"end":{"line":1,"column":40}},"1":{"start":{"line":2,"column":0},"end":{"line":2,"column":40}},"2":{"start":{"line":3,"column":0},"end":{"line":3,"column":50}},"3":{"start":{"line":4,"column":0},"end":{"line":4,"column":61}},"4":{"start":{"line":5,"column":0},"end":{"line":5,"column":57}},"5":{"start":{"line":6,"column":0},"end":{"line":6,"column":51}},"6":{"start":{"line":7,"column":0},"end":{"line":7,"column":56}},"7":{"start":{"line":27,"column":7},"end":{"line":27,"column":null}},"8":{"start":{"line":27,"column":13},"end":{"line":27,"column":26}},"9":{"start":{"line":27,"column":13},"end":{"line":27,"column":null}},"10":{"start":{"line":14,"column":59},"end":{"line":19,"column":8}}},"fnMap":{"0":{"name":"(anonymous_1)","decl":{"start":{"line":14,"column":18},"end":{"line":14,"column":23}},"loc":{"start":{"line":14,"column":59},"end":{"line":19,"column":8}}}},"branchMap":{"0":{"loc":{"start":{"line":15,"column":16},"end":{"line":15,"column":68}},"type":"binary-expr","locations":[{"start":{"line":15,"column":16},"end":{"line":15,"column":47}},{"start":{"line":15,"column":51},"end":{"line":15,"column":68}}]}},"s":{"0":0,"1":0,"2":0,"3":0,"4":0,"5":0,"6":0,"7":0,"8":0,"9":0,"10":0},"f":{"0":0},"b":{"0":[0,0]}}
,"/home/akira/github/9Jang/backend/src/account/account.service.ts": {"path":"/home/akira/github/9Jang/backend/src/account/account.service.ts","statementMap":{"0":{"start":{"line":1,"column":0},"end":{"line":1,"column":127}},"1":{"start":{"line":2,"column":0},"end":{"line":2,"column":41}},"2":{"start":{"line":3,"column":0},"end":{"line":3,"column":33}},"3":{"start":{"line":4,"column":0},"end":{"line":4,"column":57}},"4":{"start":{"line":8,"column":7},"end":{"line":408,"column":null}},"5":{"start":{"line":10,"column":12},"end":{"line":10,"column":20}},"6":{"start":{"line":11,"column":12},"end":{"line":11,"column":24}},"7":{"start":{"line":16,"column":15},"end":{"line":31,"column":6}},"8":{"start":{"line":33,"column":4},"end":{"line":35,"column":5}},"9":{"start":{"line":34,"column":6},"end":{"line":34,"column":49}},"10":{"start":{"line":38,"column":28},"end":{"line":38,"column":82}},"11":{"start":{"line":39,"column":4},"end":{"line":41,"column":5}},"12":{"start":{"line":40,"column":6},"end":{"line":40,"column":49}},"13":{"start":{"line":43,"column":4},"end":{"line":45,"column":5}},"14":{"start":{"line":44,"column":6},"end":{"line":44,"column":48}},"15":{"start":{"line":48,"column":20},"end":{"line":48,"column":61}},"16":{"start":{"line":49,"column":19},"end":{"line":49,"column":69}},"17":{"start":{"line":50,"column":20},"end":{"line":50,"column":70}},"18":{"start":{"line":52,"column":4},"end":{"line":56,"column":6}},"19":{"start":{"line":60,"column":17},"end":{"line":70,"column":6}},"20":{"start":{"line":72,"column":4},"end":{"line":74,"column":5}},"21":{"start":{"line":73,"column":6},"end":{"line":73,"column":43}},"22":{"start":{"line":76,"column":4},"end":{"line":76,"column":32}},"23":{"start":{"line":80,"column":17},"end":{"line":82,"column":6}},"24":{"start":{"line":84,"column":4},"end":{"line":86,"column":5}},"25":{"start":{"line":85,"column":6},"end":{"line":85,"column":43}},"26":{"start":{"line":89,"column":31},"end":{"line":89,"column":98}},"27":{"start":{"line":90,"column":4},"end":{"line":92,"column":5}},"28":{"start":{"line":91,"column":6},"end":{"line":91,"column":47}},"29":{"start":{"line":95,"column":27},"end":{"line":95,"column":80}},"30":{"start":{"line":98,"column":4},"end":{"line":104,"column":7}},"31":{"start":{"line":108,"column":4},"end":{"line":120,"column":5}},"32":{"start":{"line":109,"column":22},"end":{"line":109,"column":69}},"33":{"start":{"line":110,"column":24},"end":{"line":112,"column":null}},"34":{"start":{"line":115,"column":6},"end":{"line":117,"column":8}},"35":{"start":{"line":119,"column":6},"end":{"line":119,"column":63}},"36":{"start":{"line":124,"column":17},"end":{"line":124,"column":38}},"37":{"start":{"line":125,"column":29},"end":{"line":139,"column":6}},"38":{"start":{"line":141,"column":4},"end":{"line":146,"column":6}},"39":{"start":{"line":145,"column":37},"end":{"line":145,"column":57}},"40":{"start":{"line":150,"column":17},"end":{"line":160,"column":6}},"41":{"start":{"line":162,"column":4},"end":{"line":164,"column":5}},"42":{"start":{"line":163,"column":6},"end":{"line":163,"column":66}},"43":{"start":{"line":166,"column":4},"end":{"line":166,"column":32}},"44":{"start":{"line":170,"column":17},"end":{"line":170,"column":38}},"45":{"start":{"line":171,"column":29},"end":{"line":180,"column":6}},"46":{"start":{"line":182,"column":4},"end":{"line":204,"column":6}},"47":{"start":{"line":186,"column":38},"end":{"line":203,"column":8}},"48":{"start":{"line":194,"column":50},"end":{"line":201,"column":10}},"49":{"start":{"line":208,"column":17},"end":{"line":208,"column":38}},"50":{"start":{"line":209,"column":29},"end":{"line":216,"column":6}},"51":{"start":{"line":218,"column":4},"end":{"line":238,"column":6}},"52":{"start":{"line":222,"column":37},"end":{"line":237,"column":8}},"53":{"start":{"line":242,"column":4},"end":{"line":256,"column":6}},"54":{"start":{"line":260,"column":44},"end":{"line":265,"column":6}},"55":{"start":{"line":266,"column":4},"end":{"line":266,"column":33}},"56":{"start":{"line":270,"column":17},"end":{"line":272,"column":6}},"57":{"start":{"line":274,"column":4},"end":{"line":276,"column":5}},"58":{"start":{"line":275,"column":6},"end":{"line":275,"column":50}},"59":{"start":{"line":278,"column":23},"end":{"line":278,"column":68}},"60":{"start":{"line":279,"column":4},"end":{"line":281,"column":5}},"61":{"start":{"line":280,"column":6},"end":{"line":280,"column":75}},"62":{"start":{"line":285,"column":4},"end":{"line":289,"column":6}},"63":{"start":{"line":293,"column":17},"end":{"line":295,"column":6}},"64":{"start":{"line":297,"column":4},"end":{"line":299,"column":5}},"65":{"start":{"line":298,"column":6},"end":{"line":298,"column":50}},"66":{"start":{"line":303,"column":4},"end":{"line":306,"column":6}},"67":{"start":{"line":317,"column":17},"end":{"line":319,"column":6}},"68":{"start":{"line":321,"column":4},"end":{"line":323,"column":5}},"69":{"start":{"line":322,"column":6},"end":{"line":322,"column":52}},"70":{"start":{"line":325,"column":23},"end":{"line":325,"column":68}},"71":{"start":{"line":326,"column":43},"end":{"line":326,"column":47}},"72":{"start":{"line":329,"column":4},"end":{"line":334,"column":5}},"73":{"start":{"line":331,"column":6},"end":{"line":333,"column":7}},"74":{"start":{"line":332,"column":8},"end":{"line":332,"column":37}},"75":{"start":{"line":336,"column":25},"end":{"line":336,"column":34}},"76":{"start":{"line":337,"column":26},"end":{"line":337,"column":59}},"77":{"start":{"line":339,"column":4},"end":{"line":346,"column":6}},"78":{"start":{"line":355,"column":22},"end":{"line":357,"column":6}},"79":{"start":{"line":359,"column":4},"end":{"line":361,"column":5}},"80":{"start":{"line":360,"column":6},"end":{"line":360,"column":52}},"81":{"start":{"line":363,"column":23},"end":{"line":373,"column":6}},"82":{"start":{"line":375,"column":4},"end":{"line":377,"column":5}},"83":{"start":{"line":376,"column":6},"end":{"line":376,"column":45}},"84":{"start":{"line":380,"column":20},"end":{"line":380,"column":73}},"85":{"start":{"line":381,"column":19},"end":{"line":381,"column":69}},"86":{"start":{"line":382,"column":20},"end":{"line":382,"column":70}},"87":{"start":{"line":386,"column":26},"end":{"line":399,"column":6}},"88":{"start":{"line":401,"column":4},"end":{"line":406,"column":6}},"89":{"start":{"line":8,"column":13},"end":{"line":8,"column":27}},"90":{"start":{"line":8,"column":13},"end":{"line":408,"column":null}}},"fnMap":{"0":{"name":"(anonymous_2)","decl":{"start":{"line":9,"column":2},"end":{"line":9,"column":null}},"loc":{"start":{"line":11,"column":34},"end":{"line":12,"column":6}}},"1":{"name":"(anonymous_3)","decl":{"start":{"line":14,"column":2},"end":{"line":14,"column":7}},"loc":{"start":{"line":14,"column":39},"end":{"line":57,"column":3}}},"2":{"name":"(anonymous_4)","decl":{"start":{"line":59,"column":2},"end":{"line":59,"column":7}},"loc":{"start":{"line":59,"column":37},"end":{"line":77,"column":3}}},"3":{"name":"(anonymous_5)","decl":{"start":{"line":79,"column":2},"end":{"line":79,"column":7}},"loc":{"start":{"line":79,"column":82},"end":{"line":105,"column":3}}},"4":{"name":"(anonymous_6)","decl":{"start":{"line":107,"column":2},"end":{"line":107,"column":7}},"loc":{"start":{"line":107,"column":60},"end":{"line":121,"column":3}}},"5":{"name":"(anonymous_7)","decl":{"start":{"line":123,"column":2},"end":{"line":123,"column":7}},"loc":{"start":{"line":123,"column":56},"end":{"line":147,"column":3}}},"6":{"name":"(anonymous_8)","decl":{"start":{"line":145,"column":27},"end":{"line":145,"column":28}},"loc":{"start":{"line":145,"column":37},"end":{"line":145,"column":57}}},"7":{"name":"(anonymous_9)","decl":{"start":{"line":149,"column":2},"end":{"line":149,"column":7}},"loc":{"start":{"line":149,"column":30},"end":{"line":167,"column":3}}},"8":{"name":"(anonymous_10)","decl":{"start":{"line":169,"column":2},"end":{"line":169,"column":7}},"loc":{"start":{"line":169,"column":56},"end":{"line":205,"column":3}}},"9":{"name":"(anonymous_11)","decl":{"start":{"line":186,"column":27},"end":{"line":186,"column":28}},"loc":{"start":{"line":186,"column":38},"end":{"line":203,"column":8}}},"10":{"name":"(anonymous_12)","decl":{"start":{"line":194,"column":42},"end":{"line":194,"column":43}},"loc":{"start":{"line":194,"column":50},"end":{"line":201,"column":10}}},"11":{"name":"(anonymous_13)","decl":{"start":{"line":207,"column":2},"end":{"line":207,"column":7}},"loc":{"start":{"line":207,"column":60},"end":{"line":239,"column":3}}},"12":{"name":"(anonymous_14)","decl":{"start":{"line":222,"column":27},"end":{"line":222,"column":28}},"loc":{"start":{"line":222,"column":37},"end":{"line":237,"column":8}}},"13":{"name":"(anonymous_15)","decl":{"start":{"line":241,"column":10},"end":{"line":241,"column":19}},"loc":{"start":{"line":241,"column":29},"end":{"line":257,"column":3}}},"14":{"name":"(anonymous_16)","decl":{"start":{"line":259,"column":10},"end":{"line":259,"column":24}},"loc":{"start":{"line":259,"column":37},"end":{"line":267,"column":3}}},"15":{"name":"(anonymous_17)","decl":{"start":{"line":269,"column":2},"end":{"line":269,"column":7}},"loc":{"start":{"line":269,"column":53},"end":{"line":290,"column":3}}},"16":{"name":"(anonymous_18)","decl":{"start":{"line":292,"column":2},"end":{"line":292,"column":7}},"loc":{"start":{"line":292,"column":32},"end":{"line":307,"column":3}}},"17":{"name":"(anonymous_19)","decl":{"start":{"line":309,"column":2},"end":{"line":309,"column":7}},"loc":{"start":{"line":309,"column":56},"end":{"line":347,"column":3}}},"18":{"name":"(anonymous_20)","decl":{"start":{"line":349,"column":2},"end":{"line":349,"column":7}},"loc":{"start":{"line":349,"column":65},"end":{"line":407,"column":3}}}},"branchMap":{"0":{"loc":{"start":{"line":33,"column":4},"end":{"line":35,"column":5}},"type":"if","locations":[{"start":{"line":33,"column":4},"end":{"line":35,"column":5}}]},"1":{"loc":{"start":{"line":39,"column":4},"end":{"line":41,"column":5}},"type":"if","locations":[{"start":{"line":39,"column":4},"end":{"line":41,"column":5}}]},"2":{"loc":{"start":{"line":43,"column":4},"end":{"line":45,"column":5}},"type":"if","locations":[{"start":{"line":43,"column":4},"end":{"line":45,"column":5}}]},"3":{"loc":{"start":{"line":72,"column":4},"end":{"line":74,"column":5}},"type":"if","locations":[{"start":{"line":72,"column":4},"end":{"line":74,"column":5}}]},"4":{"loc":{"start":{"line":84,"column":4},"end":{"line":86,"column":5}},"type":"if","locations":[{"start":{"line":84,"column":4},"end":{"line":86,"column":5}}]},"5":{"loc":{"start":{"line":90,"column":4},"end":{"line":92,"column":5}},"type":"if","locations":[{"start":{"line":90,"column":4},"end":{"line":92,"column":5}}]},"6":{"loc":{"start":{"line":123,"column":17},"end":{"line":123,"column":33}},"type":"default-arg","locations":[{"start":{"line":123,"column":32},"end":{"line":123,"column":33}}]},"7":{"loc":{"start":{"line":123,"column":35},"end":{"line":123,"column":56}},"type":"default-arg","locations":[{"start":{"line":123,"column":54},"end":{"line":123,"column":56}}]},"8":{"loc":{"start":{"line":143,"column":12},"end":{"line":143,"column":53}},"type":"cond-expr","locations":[{"start":{"line":143,"column":38},"end":{"line":143,"column":46}},{"start":{"line":143,"column":49},"end":{"line":143,"column":53}}]},"9":{"loc":{"start":{"line":144,"column":16},"end":{"line":144,"column":42}},"type":"cond-expr","locations":[{"start":{"line":144,"column":27},"end":{"line":144,"column":35}},{"start":{"line":144,"column":38},"end":{"line":144,"column":42}}]},"10":{"loc":{"start":{"line":162,"column":4},"end":{"line":164,"column":5}},"type":"if","locations":[{"start":{"line":162,"column":4},"end":{"line":164,"column":5}}]},"11":{"loc":{"start":{"line":169,"column":17},"end":{"line":169,"column":33}},"type":"default-arg","locations":[{"start":{"line":169,"column":32},"end":{"line":169,"column":33}}]},"12":{"loc":{"start":{"line":169,"column":35},"end":{"line":169,"column":56}},"type":"default-arg","locations":[{"start":{"line":169,"column":54},"end":{"line":169,"column":56}}]},"13":{"loc":{"start":{"line":184,"column":12},"end":{"line":184,"column":53}},"type":"cond-expr","locations":[{"start":{"line":184,"column":38},"end":{"line":184,"column":46}},{"start":{"line":184,"column":49},"end":{"line":184,"column":53}}]},"14":{"loc":{"start":{"line":185,"column":16},"end":{"line":185,"column":42}},"type":"cond-expr","locations":[{"start":{"line":185,"column":27},"end":{"line":185,"column":35}},{"start":{"line":185,"column":38},"end":{"line":185,"column":42}}]},"15":{"loc":{"start":{"line":207,"column":21},"end":{"line":207,"column":37}},"type":"default-arg","locations":[{"start":{"line":207,"column":36},"end":{"line":207,"column":37}}]},"16":{"loc":{"start":{"line":207,"column":39},"end":{"line":207,"column":60}},"type":"default-arg","locations":[{"start":{"line":207,"column":58},"end":{"line":207,"column":60}}]},"17":{"loc":{"start":{"line":220,"column":12},"end":{"line":220,"column":53}},"type":"cond-expr","locations":[{"start":{"line":220,"column":38},"end":{"line":220,"column":46}},{"start":{"line":220,"column":49},"end":{"line":220,"column":53}}]},"18":{"loc":{"start":{"line":221,"column":16},"end":{"line":221,"column":42}},"type":"cond-expr","locations":[{"start":{"line":221,"column":27},"end":{"line":221,"column":35}},{"start":{"line":221,"column":38},"end":{"line":221,"column":42}}]},"19":{"loc":{"start":{"line":246,"column":18},"end":{"line":246,"column":38}},"type":"binary-expr","locations":[{"start":{"line":246,"column":18},"end":{"line":246,"column":32}},{"start":{"line":246,"column":36},"end":{"line":246,"column":38}}]},"20":{"loc":{"start":{"line":247,"column":17},"end":{"line":247,"column":36}},"type":"binary-expr","locations":[{"start":{"line":247,"column":17},"end":{"line":247,"column":30}},{"start":{"line":247,"column":34},"end":{"line":247,"column":36}}]},"21":{"loc":{"start":{"line":251,"column":24},"end":{"line":251,"column":53}},"type":"binary-expr","locations":[{"start":{"line":251,"column":24},"end":{"line":251,"column":45}},{"start":{"line":251,"column":49},"end":{"line":251,"column":53}}]},"22":{"loc":{"start":{"line":255,"column":18},"end":{"line":255,"column":56}},"type":"binary-expr","locations":[{"start":{"line":255,"column":18},"end":{"line":255,"column":48}},{"start":{"line":255,"column":52},"end":{"line":255,"column":56}}]},"23":{"loc":{"start":{"line":266,"column":11},"end":{"line":266,"column":32}},"type":"binary-expr","locations":[{"start":{"line":266,"column":11},"end":{"line":266,"column":24}},{"start":{"line":266,"column":28},"end":{"line":266,"column":32}}]},"24":{"loc":{"start":{"line":274,"column":4},"end":{"line":276,"column":5}},"type":"if","locations":[{"start":{"line":274,"column":4},"end":{"line":276,"column":5}}]},"25":{"loc":{"start":{"line":274,"column":8},"end":{"line":274,"column":38}},"type":"binary-expr","locations":[{"start":{"line":274,"column":8},"end":{"line":274,"column":13}},{"start":{"line":274,"column":17},"end":{"line":274,"column":38}}]},"26":{"loc":{"start":{"line":279,"column":4},"end":{"line":281,"column":5}},"type":"if","locations":[{"start":{"line":279,"column":4},"end":{"line":281,"column":5}}]},"27":{"loc":{"start":{"line":297,"column":4},"end":{"line":299,"column":5}},"type":"if","locations":[{"start":{"line":297,"column":4},"end":{"line":299,"column":5}}]},"28":{"loc":{"start":{"line":297,"column":8},"end":{"line":297,"column":38}},"type":"binary-expr","locations":[{"start":{"line":297,"column":8},"end":{"line":297,"column":13}},{"start":{"line":297,"column":17},"end":{"line":297,"column":38}}]},"29":{"loc":{"start":{"line":321,"column":4},"end":{"line":323,"column":5}},"type":"if","locations":[{"start":{"line":321,"column":4},"end":{"line":323,"column":5}}]},"30":{"loc":{"start":{"line":329,"column":4},"end":{"line":334,"column":5}},"type":"if","locations":[{"start":{"line":329,"column":4},"end":{"line":334,"column":5}}]},"31":{"loc":{"start":{"line":329,"column":8},"end":{"line":329,"column":49}},"type":"binary-expr","locations":[{"start":{"line":329,"column":8},"end":{"line":329,"column":16}},{"start":{"line":329,"column":20},"end":{"line":329,"column":49}}]},"32":{"loc":{"start":{"line":331,"column":6},"end":{"line":333,"column":7}},"type":"if","locations":[{"start":{"line":331,"column":6},"end":{"line":333,"column":7}}]},"33":{"loc":{"start":{"line":337,"column":26},"end":{"line":337,"column":59}},"type":"binary-expr","locations":[{"start":{"line":337,"column":26},"end":{"line":337,"column":43}},{"start":{"line":337,"column":47},"end":{"line":337,"column":59}}]},"34":{"loc":{"start":{"line":343,"column":25},"end":{"line":343,"column":90}},"type":"cond-expr","locations":[{"start":{"line":343,"column":45},"end":{"line":343,"column":83}},{"start":{"line":343,"column":86},"end":{"line":343,"column":90}}]},"35":{"loc":{"start":{"line":359,"column":4},"end":{"line":361,"column":5}},"type":"if","locations":[{"start":{"line":359,"column":4},"end":{"line":361,"column":5}}]},"36":{"loc":{"start":{"line":359,"column":8},"end":{"line":359,"column":48}},"type":"binary-expr","locations":[{"start":{"line":359,"column":8},"end":{"line":359,"column":18}},{"start":{"line":359,"column":22},"end":{"line":359,"column":48}}]},"37":{"loc":{"start":{"line":375,"column":4},"end":{"line":377,"column":5}},"type":"if","locations":[{"start":{"line":375,"column":4},"end":{"line":377,"column":5}}]},"38":{"loc":{"start":{"line":390,"column":18},"end":{"line":390,"column":44}},"type":"binary-expr","locations":[{"start":{"line":390,"column":18},"end":{"line":390,"column":38}},{"start":{"line":390,"column":42},"end":{"line":390,"column":44}}]},"39":{"loc":{"start":{"line":391,"column":17},"end":{"line":391,"column":42}},"type":"binary-expr","locations":[{"start":{"line":391,"column":17},"end":{"line":391,"column":36}},{"start":{"line":391,"column":40},"end":{"line":391,"column":42}}]},"40":{"loc":{"start":{"line":394,"column":24},"end":{"line":394,"column":59}},"type":"binary-expr","locations":[{"start":{"line":394,"column":24},"end":{"line":394,"column":51}},{"start":{"line":394,"column":55},"end":{"line":394,"column":59}}]},"41":{"loc":{"start":{"line":398,"column":18},"end":{"line":398,"column":62}},"type":"binary-expr","locations":[{"start":{"line":398,"column":18},"end":{"line":398,"column":54}},{"start":{"line":398,"column":58},"end":{"line":398,"column":62}}]}},"s":{"0":2,"1":2,"2":2,"3":2,"4":2,"5":36,"6":36,"7":9,"8":9,"9":2,"10":7,"11":7,"12":2,"13":5,"14":2,"15":3,"16":3,"17":3,"18":3,"19":3,"20":3,"21":2,"22":1,"23":5,"24":5,"25":1,"26":4,"27":4,"28":2,"29":2,"30":2,"31":4,"32":4,"33":1,"34":1,"35":3,"36":2,"37":2,"38":2,"39":2,"40":3,"41":3,"42":2,"43":1,"44":1,"45":1,"46":1,"47":2,"48":0,"49":1,"50":1,"51":1,"52":2,"53":7,"54":22,"55":22,"56":9,"57":9,"58":2,"59":7,"60":7,"61":2,"62":5,"63":3,"64":3,"65":2,"66":1,"67":6,"68":6,"69":2,"70":4,"71":4,"72":4,"73":2,"74":1,"75":4,"76":4,"77":4,"78":5,"79":5,"80":2,"81":3,"82":3,"83":1,"84":2,"85":2,"86":2,"87":2,"88":2,"89":2,"90":2},"f":{"0":36,"1":9,"2":3,"3":5,"4":4,"5":2,"6":2,"7":3,"8":1,"9":2,"10":0,"11":1,"12":2,"13":7,"14":22,"15":9,"16":3,"17":6,"18":5},"b":{"0":[2],"1":[2],"2":[2],"3":[2],"4":[1],"5":[2],"6":[0],"7":[0],"8":[2,0],"9":[1,1],"10":[2],"11":[0],"12":[0],"13":[0,1],"14":[0,1],"15":[0],"16":[0],"17":[0,1],"18":[0,1],"19":[7,0],"20":[7,0],"21":[7,0],"22":[7,7],"23":[22,0],"24":[2],"25":[9,9],"26":[2],"27":[2],"28":[3,3],"29":[2],"30":[2],"31":[4,3],"32":[1],"33":[4,3],"34":[1,3],"35":[2],"36":[5,5],"37":[1],"38":[2,0],"39":[2,0],"40":[2,0],"41":[2,2]}}
,"/home/akira/github/9Jang/backend/src/account/guards/jwt-auth.guard.ts": {"path":"/home/akira/github/9Jang/backend/src/account/guards/jwt-auth.guard.ts","statementMap":{"0":{"start":{"line":1,"column":0},"end":{"line":1,"column":44}},"1":{"start":{"line":2,"column":0},"end":{"line":2,"column":45}},"2":{"start":{"line":5,"column":7},"end":{"line":5,"column":null}},"3":{"start":{"line":5,"column":13},"end":{"line":5,"column":25}},"4":{"start":{"line":5,"column":13},"end":{"line":5,"column":null}}},"fnMap":{},"branchMap":{},"s":{"0":5,"1":5,"2":5,"3":5,"4":5},"f":{},"b":{}}
,"/home/akira/github/9Jang/backend/src/common/filters/http-exception.filter.ts": {"path":"/home/akira/github/9Jang/backend/src/common/filters/http-exception.filter.ts","statementMap":{"0":{"start":{"line":1,"column":0},"end":{"line":1,"column":null}},"1":{"start":{"line":9,"column":0},"end":{"line":9,"column":31}},"2":{"start":{"line":12,"column":7},"end":{"line":56,"column":null}},"3":{"start":{"line":14,"column":16},"end":{"line":14,"column":35}},"4":{"start":{"line":15,"column":21},"end":{"line":15,"column":48}},"5":{"start":{"line":17,"column":17},"end":{"line":17,"column":49}},"6":{"start":{"line":18,"column":23},"end":{"line":18,"column":46}},"7":{"start":{"line":20,"column":4},"end":{"line":34,"column":5}},"8":{"start":{"line":21,"column":6},"end":{"line":21,"column":37}},"9":{"start":{"line":22,"column":6},"end":{"line":22,"column":40}},"10":{"start":{"line":23,"column":11},"end":{"line":34,"column":5}},"11":{"start":{"line":25,"column":6},"end":{"line":25,"column":38}},"12":{"start":{"line":26,"column":21},"end":{"line":29,"column":9}},"13":{"start":{"line":26,"column":52},"end":{"line":29,"column":8}},"14":{"start":{"line":30,"column":6},"end":{"line":33,"column":8}},"15":{"start":{"line":37,"column":31},"end":{"line":39,"column":6}},"16":{"start":{"line":42,"column":4},"end":{"line":52,"column":5}},"17":{"start":{"line":43,"column":6},"end":{"line":45,"column":7}},"18":{"start":{"line":44,"column":8},"end":{"line":44,"column":55}},"19":{"start":{"line":47,"column":6},"end":{"line":51,"column":9}},"20":{"start":{"line":48,"column":8},"end":{"line":50,"column":9}},"21":{"start":{"line":49,"column":10},"end":{"line":49,"column":53}},"22":{"start":{"line":54,"column":4},"end":{"line":54,"column":48}},"23":{"start":{"line":12,"column":13},"end":{"line":12,"column":32}},"24":{"start":{"line":12,"column":13},"end":{"line":56,"column":null}}},"fnMap":{"0":{"name":"(anonymous_1)","decl":{"start":{"line":13,"column":2},"end":{"line":13,"column":7}},"loc":{"start":{"line":13,"column":47},"end":{"line":55,"column":3}}},"1":{"name":"(anonymous_2)","decl":{"start":{"line":26,"column":42},"end":{"line":26,"column":43}},"loc":{"start":{"line":26,"column":52},"end":{"line":29,"column":8}}},"2":{"name":"(anonymous_3)","decl":{"start":{"line":47,"column":35},"end":{"line":47,"column":36}},"loc":{"start":{"line":47,"column":43},"end":{"line":51,"column":7}}}},"branchMap":{"0":{"loc":{"start":{"line":20,"column":4},"end":{"line":34,"column":5}},"type":"if","locations":[{"start":{"line":20,"column":4},"end":{"line":34,"column":5}},{"start":{"line":23,"column":11},"end":{"line":34,"column":5}}]},"1":{"loc":{"start":{"line":23,"column":11},"end":{"line":34,"column":5}},"type":"if","locations":[{"start":{"line":23,"column":11},"end":{"line":34,"column":5}}]},"2":{"loc":{"start":{"line":38,"column":14},"end":{"line":38,"column":128}},"type":"cond-expr","locations":[{"start":{"line":38,"column":44},"end":{"line":38,"column":51}},{"start":{"line":38,"column":55},"end":{"line":38,"column":128}}]},"3":{"loc":{"start":{"line":38,"column":55},"end":{"line":38,"column":128}},"type":"binary-expr","locations":[{"start":{"line":38,"column":55},"end":{"line":38,"column":77}},{"start":{"line":38,"column":82},"end":{"line":38,"column":105}},{"start":{"line":38,"column":109},"end":{"line":38,"column":128}}]},"4":{"loc":{"start":{"line":42,"column":4},"end":{"line":52,"column":5}},"type":"if","locations":[{"start":{"line":42,"column":4},"end":{"line":52,"column":5}}]},"5":{"loc":{"start":{"line":42,"column":8},"end":{"line":42,"column":55}},"type":"binary-expr","locations":[{"start":{"line":42,"column":8},"end":{"line":42,"column":35}},{"start":{"line":42,"column":39},"end":{"line":42,"column":55}}]},"6":{"loc":{"start":{"line":43,"column":6},"end":{"line":45,"column":7}},"type":"if","locations":[{"start":{"line":43,"column":6},"end":{"line":45,"column":7}}]},"7":{"loc":{"start":{"line":48,"column":8},"end":{"line":50,"column":9}},"type":"if","locations":[{"start":{"line":48,"column":8},"end":{"line":50,"column":9}}]},"8":{"loc":{"start":{"line":48,"column":12},"end":{"line":48,"column":49}},"type":"binary-expr","locations":[{"start":{"line":48,"column":12},"end":{"line":48,"column":28}},{"start":{"line":48,"column":32},"end":{"line":48,"column":49}}]}},"s":{"0":0,"1":0,"2":0,"3":0,"4":0,"5":0,"6":0,"7":0,"8":0,"9":0,"10":0,"11":0,"12":0,"13":0,"14":0,"15":0,"16":0,"17":0,"18":0,"19":0,"20":0,"21":0,"22":0,"23":0,"24":0},"f":{"0":0,"1":0,"2":0},"b":{"0":[0,0],"1":[0],"2":[0,0],"3":[0,0,0],"4":[0],"5":[0,0],"6":[0],"7":[0],"8":[0,0]}}
,"/home/akira/github/9Jang/backend/src/common/utils/pagination.util.ts": {"path":"/home/akira/github/9Jang/backend/src/common/utils/pagination.util.ts","statementMap":{"0":{"start":{"line":8,"column":0},"end":{"line":8,"column":16}},"1":{"start":{"line":14,"column":2},"end":{"line":19,"column":4}}},"fnMap":{"0":{"name":"createPaginatedResponse","decl":{"start":{"line":8,"column":16},"end":{"line":8,"column":39}},"loc":{"start":{"line":12,"column":18},"end":{"line":20,"column":1}}}},"branchMap":{"0":{"loc":{"start":{"line":16,"column":10},"end":{"line":16,"column":74}},"type":"cond-expr","locations":[{"start":{"line":16,"column":59},"end":{"line":16,"column":67}},{"start":{"line":16,"column":70},"end":{"line":16,"column":74}}]},"1":{"loc":{"start":{"line":17,"column":14},"end":{"line":17,"column":40}},"type":"cond-expr","locations":[{"start":{"line":17,"column":25},"end":{"line":17,"column":33}},{"start":{"line":17,"column":36},"end":{"line":17,"column":40}}]}},"s":{"0":8,"1":13},"f":{"0":13},"b":{"0":[4,9],"1":[2,11]}}
,"/home/akira/github/9Jang/backend/src/cramschool/cramschool.module.ts": {"path":"/home/akira/github/9Jang/backend/src/cramschool/cramschool.module.ts","statementMap":{"0":{"start":{"line":1,"column":0},"end":{"line":1,"column":40}},"1":{"start":{"line":2,"column":0},"end":{"line":2,"column":71}},"2":{"start":{"line":3,"column":0},"end":{"line":3,"column":71}},"3":{"start":{"line":4,"column":0},"end":{"line":4,"column":69}},"4":{"start":{"line":5,"column":0},"end":{"line":5,"column":77}},"5":{"start":{"line":6,"column":0},"end":{"line":6,"column":90}},"6":{"start":{"line":7,"column":0},"end":{"line":7,"column":67}},"7":{"start":{"line":8,"column":0},"end":{"line":8,"column":73}},"8":{"start":{"line":9,"column":0},"end":{"line":9,"column":73}},"9":{"start":{"line":10,"column":0},"end":{"line":10,"column":82}},"10":{"start":{"line":11,"column":0},"end":{"line":11,"column":63}},"11":{"start":{"line":12,"column":0},"end":{"line":12,"column":71}},"12":{"start":{"line":13,"column":0},"end":{"line":13,"column":92}},"13":{"start":{"line":14,"column":0},"end":{"line":14,"column":82}},"14":{"start":{"line":15,"column":0},"end":{"line":15,"column":78}},"15":{"start":{"line":16,"column":0},"end":{"line":16,"column":82}},"16":{"start":{"line":17,"column":0},"end":{"line":17,"column":62}},"17":{"start":{"line":18,"column":0},"end":{"line":18,"column":60}},"18":{"start":{"line":19,"column":0},"end":{"line":19,"column":68}},"19":{"start":{"line":20,"column":0},"end":{"line":20,"column":81}},"20":{"start":{"line":21,"column":0},"end":{"line":21,"column":58}},"21":{"start":{"line":22,"column":0},"end":{"line":22,"column":74}},"22":{"start":{"line":23,"column":0},"end":{"line":23,"column":95}},"23":{"start":{"line":24,"column":0},"end":{"line":24,"column":85}},"24":{"start":{"line":25,"column":0},"end":{"line":25,"column":87}},"25":{"start":{"line":26,"column":0},"end":{"line":26,"column":87}},"26":{"start":{"line":27,"column":0},"end":{"line":27,"column":64}},"27":{"start":{"line":28,"column":0},"end":{"line":28,"column":73}},"28":{"start":{"line":29,"column":0},"end":{"line":29,"column":54}},"29":{"start":{"line":30,"column":0},"end":{"line":30,"column":65}},"30":{"start":{"line":31,"column":0},"end":{"line":31,"column":77}},"31":{"start":{"line":32,"column":0},"end":{"line":32,"column":71}},"32":{"start":{"line":33,"column":0},"end":{"line":33,"column":68}},"33":{"start":{"line":34,"column":0},"end":{"line":34,"column":62}},"34":{"start":{"line":35,"column":0},"end":{"line":35,"column":71}},"35":{"start":{"line":36,"column":0},"end":{"line":36,"column":62}},"36":{"start":{"line":37,"column":0},"end":{"line":37,"column":71}},"37":{"start":{"line":38,"column":0},"end":{"line":38,"column":62}},"38":{"start":{"line":39,"column":0},"end":{"line":39,"column":80}},"39":{"start":{"line":40,"column":0},"end":{"line":40,"column":71}},"40":{"start":{"line":41,"column":0},"end":{"line":41,"column":84}},"41":{"start":{"line":42,"column":0},"end":{"line":42,"column":75}},"42":{"start":{"line":43,"column":0},"end":{"line":43,"column":77}},"43":{"start":{"line":44,"column":0},"end":{"line":44,"column":68}},"44":{"start":{"line":45,"column":0},"end":{"line":45,"column":78}},"45":{"start":{"line":46,"column":0},"end":{"line":46,"column":69}},"46":{"start":{"line":47,"column":0},"end":{"line":47,"column":67}},"47":{"start":{"line":48,"column":0},"end":{"line":48,"column":58}},"48":{"start":{"line":49,"column":0},"end":{"line":49,"column":76}},"49":{"start":{"line":50,"column":0},"end":{"line":50,"column":67}},"50":{"start":{"line":51,"column":0},"end":{"line":51,"column":88}},"51":{"start":{"line":52,"column":0},"end":{"line":52,"column":79}},"52":{"start":{"line":53,"column":0},"end":{"line":53,"column":74}},"53":{"start":{"line":54,"column":0},"end":{"line":54,"column":65}},"54":{"start":{"line":55,"column":0},"end":{"line":55,"column":95}},"55":{"start":{"line":56,"column":0},"end":{"line":56,"column":86}},"56":{"start":{"line":57,"column":0},"end":{"line":57,"column":85}},"57":{"start":{"line":58,"column":0},"end":{"line":58,"column":76}},"58":{"start":{"line":59,"column":0},"end":{"line":59,"column":106}},"59":{"start":{"line":60,"column":0},"end":{"line":60,"column":97}},"60":{"start":{"line":61,"column":0},"end":{"line":61,"column":71}},"61":{"start":{"line":62,"column":0},"end":{"line":62,"column":79}},"62":{"start":{"line":136,"column":7},"end":{"line":136,"column":null}},"63":{"start":{"line":136,"column":13},"end":{"line":136,"column":29}},"64":{"start":{"line":136,"column":13},"end":{"line":136,"column":null}}},"fnMap":{},"branchMap":{},"s":{"0":0,"1":0,"2":0,"3":0,"4":0,"5":0,"6":0,"7":0,"8":0,"9":0,"10":0,"11":0,"12":0,"13":0,"14":0,"15":0,"16":0,"17":0,"18":0,"19":0,"20":0,"21":0,"22":0,"23":0,"24":0,"25":0,"26":0,"27":0,"28":0,"29":0,"30":0,"31":0,"32":0,"33":0,"34":0,"35":0,"36":0,"37":0,"38":0,"39":0,"40":0,"41":0,"42":0,"43":0,"44":0,"45":0,"46":0,"47":0,"48":0,"49":0,"50":0,"51":0,"52":0,"53":0,"54":0,"55":0,"56":0,"57":0,"58":0,"59":0,"60":0,"61":0,"62":0,"63":0,"64":0},"f":{},"b":{}}
,"/home/akira/github/9Jang/backend/src/cramschool/controllers/attendances.controller.ts": {"path":"/home/akira/github/9Jang/backend/src/cramschool/controllers/attendances.controller.ts","statementMap":{"0":{"start":{"line":1,"column":0},"end":{"line":1,"column":null}},"1":{"start":{"line":13,"column":0},"end":{"line":13,"column":104}},"2":{"start":{"line":14,"column":0},"end":{"line":14,"column":69}},"3":{"start":{"line":15,"column":0},"end":{"line":15,"column":null}},"4":{"start":{"line":22,"column":0},"end":{"line":22,"column":47}},"5":{"start":{"line":23,"column":0},"end":{"line":23,"column":67}},"6":{"start":{"line":28,"column":7},"end":{"line":100,"column":null}},"7":{"start":{"line":29,"column":31},"end":{"line":29,"column":51}},"8":{"start":{"line":44,"column":4},"end":{"line":44,"column":93}},"9":{"start":{"line":54,"column":4},"end":{"line":54,"column":53}},"10":{"start":{"line":65,"column":4},"end":{"line":65,"column":63}},"11":{"start":{"line":78,"column":4},"end":{"line":78,"column":67}},"12":{"start":{"line":88,"column":4},"end":{"line":88,"column":56}},"13":{"start":{"line":98,"column":4},"end":{"line":98,"column":57}},"14":{"start":{"line":28,"column":13},"end":{"line":28,"column":34}},"15":{"start":{"line":39,"column":8},"end":{"line":45,"column":null}},"16":{"start":{"line":53,"column":8},"end":{"line":55,"column":null}},"17":{"start":{"line":62,"column":8},"end":{"line":66,"column":null}},"18":{"start":{"line":74,"column":8},"end":{"line":79,"column":null}},"19":{"start":{"line":87,"column":8},"end":{"line":89,"column":null}},"20":{"start":{"line":97,"column":8},"end":{"line":99,"column":null}},"21":{"start":{"line":28,"column":13},"end":{"line":100,"column":null}}},"fnMap":{"0":{"name":"(anonymous_4)","decl":{"start":{"line":29,"column":2},"end":{"line":29,"column":31}},"loc":{"start":{"line":29,"column":69},"end":{"line":29,"column":73}}},"1":{"name":"(anonymous_5)","decl":{"start":{"line":39,"column":2},"end":{"line":39,"column":7}},"loc":{"start":{"line":42,"column":83},"end":{"line":45,"column":3}}},"2":{"name":"(anonymous_6)","decl":{"start":{"line":53,"column":2},"end":{"line":53,"column":7}},"loc":{"start":{"line":53,"column":59},"end":{"line":55,"column":3}}},"3":{"name":"(anonymous_7)","decl":{"start":{"line":62,"column":2},"end":{"line":62,"column":7}},"loc":{"start":{"line":63,"column":87},"end":{"line":66,"column":3}}},"4":{"name":"(anonymous_8)","decl":{"start":{"line":74,"column":2},"end":{"line":74,"column":7}},"loc":{"start":{"line":76,"column":87},"end":{"line":79,"column":3}}},"5":{"name":"(anonymous_9)","decl":{"start":{"line":87,"column":2},"end":{"line":87,"column":7}},"loc":{"start":{"line":87,"column":62},"end":{"line":89,"column":3}}},"6":{"name":"(anonymous_10)","decl":{"start":{"line":97,"column":2},"end":{"line":97,"column":7}},"loc":{"start":{"line":97,"column":63},"end":{"line":99,"column":3}}}},"branchMap":{"0":{"loc":{"start":{"line":40,"column":30},"end":{"line":40,"column":62}},"type":"default-arg","locations":[{"start":{"line":40,"column":55},"end":{"line":40,"column":62}}]},"1":{"loc":{"start":{"line":41,"column":57},"end":{"line":41,"column":73}},"type":"default-arg","locations":[{"start":{"line":41,"column":72},"end":{"line":41,"column":73}}]},"2":{"loc":{"start":{"line":42,"column":62},"end":{"line":42,"column":83}},"type":"default-arg","locations":[{"start":{"line":42,"column":81},"end":{"line":42,"column":83}}]}},"s":{"0":0,"1":0,"2":0,"3":0,"4":0,"5":0,"6":0,"7":0,"8":0,"9":0,"10":0,"11":0,"12":0,"13":0,"14":0,"15":0,"16":0,"17":0,"18":0,"19":0,"20":0,"21":0},"f":{"0":0,"1":0,"2":0,"3":0,"4":0,"5":0,"6":0},"b":{"0":[0],"1":[0],"2":[0]}}
,"/home/akira/github/9Jang/backend/src/cramschool/controllers/content-templates.controller.ts": {"path":"/home/akira/github/9Jang/backend/src/cramschool/controllers/content-templates.controller.ts","statementMap":{"0":{"start":{"line":2,"column":0},"end":{"line":2,"column":104}},"1":{"start":{"line":3,"column":0},"end":{"line":3,"column":null}},"2":{"start":{"line":16,"column":0},"end":{"line":16,"column":80}},"3":{"start":{"line":17,"column":0},"end":{"line":17,"column":60}},"4":{"start":{"line":18,"column":0},"end":{"line":18,"column":null}},"5":{"start":{"line":25,"column":0},"end":{"line":25,"column":47}},"6":{"start":{"line":26,"column":0},"end":{"line":26,"column":67}},"7":{"start":{"line":31,"column":7},"end":{"line":116,"column":null}},"8":{"start":{"line":33,"column":21},"end":{"line":33,"column":46}},"9":{"start":{"line":34,"column":21},"end":{"line":34,"column":29}},"10":{"start":{"line":49,"column":17},"end":{"line":49,"column":25}},"11":{"start":{"line":50,"column":23},"end":{"line":52,"column":6}},"12":{"start":{"line":53,"column":21},"end":{"line":53,"column":43}},"13":{"start":{"line":54,"column":4},"end":{"line":54,"column":95}},"14":{"start":{"line":67,"column":17},"end":{"line":67,"column":25}},"15":{"start":{"line":68,"column":23},"end":{"line":70,"column":6}},"16":{"start":{"line":71,"column":21},"end":{"line":71,"column":43}},"17":{"start":{"line":72,"column":4},"end":{"line":72,"column":82}},"18":{"start":{"line":84,"column":17},"end":{"line":84,"column":25}},"19":{"start":{"line":85,"column":4},"end":{"line":85,"column":82}},"20":{"start":{"line":99,"column":17},"end":{"line":99,"column":25}},"21":{"start":{"line":100,"column":4},"end":{"line":100,"column":86}},"22":{"start":{"line":113,"column":17},"end":{"line":113,"column":25}},"23":{"start":{"line":114,"column":4},"end":{"line":114,"column":75}},"24":{"start":{"line":31,"column":13},"end":{"line":31,"column":39}},"25":{"start":{"line":44,"column":8},"end":{"line":55,"column":null}},"26":{"start":{"line":63,"column":8},"end":{"line":73,"column":null}},"27":{"start":{"line":80,"column":8},"end":{"line":86,"column":null}},"28":{"start":{"line":94,"column":8},"end":{"line":101,"column":null}},"29":{"start":{"line":109,"column":8},"end":{"line":115,"column":null}},"30":{"start":{"line":31,"column":13},"end":{"line":116,"column":null}}},"fnMap":{"0":{"name":"(anonymous_4)","decl":{"start":{"line":32,"column":2},"end":{"line":32,"column":null}},"loc":{"start":{"line":34,"column":42},"end":{"line":35,"column":6}}},"1":{"name":"(anonymous_5)","decl":{"start":{"line":44,"column":2},"end":{"line":44,"column":7}},"loc":{"start":{"line":47,"column":83},"end":{"line":55,"column":3}}},"2":{"name":"(anonymous_6)","decl":{"start":{"line":63,"column":2},"end":{"line":63,"column":7}},"loc":{"start":{"line":65,"column":41},"end":{"line":73,"column":3}}},"3":{"name":"(anonymous_7)","decl":{"start":{"line":80,"column":2},"end":{"line":80,"column":7}},"loc":{"start":{"line":82,"column":97},"end":{"line":86,"column":3}}},"4":{"name":"(anonymous_8)","decl":{"start":{"line":94,"column":2},"end":{"line":94,"column":7}},"loc":{"start":{"line":97,"column":97},"end":{"line":101,"column":3}}},"5":{"name":"(anonymous_9)","decl":{"start":{"line":109,"column":2},"end":{"line":109,"column":7}},"loc":{"start":{"line":111,"column":41},"end":{"line":115,"column":3}}}},"branchMap":{"0":{"loc":{"start":{"line":46,"column":57},"end":{"line":46,"column":73}},"type":"default-arg","locations":[{"start":{"line":46,"column":72},"end":{"line":46,"column":73}}]},"1":{"loc":{"start":{"line":47,"column":62},"end":{"line":47,"column":83}},"type":"default-arg","locations":[{"start":{"line":47,"column":81},"end":{"line":47,"column":83}}]},"2":{"loc":{"start":{"line":53,"column":21},"end":{"line":53,"column":43}},"type":"binary-expr","locations":[{"start":{"line":53,"column":21},"end":{"line":53,"column":37}},{"start":{"line":53,"column":41},"end":{"line":53,"column":43}}]},"3":{"loc":{"start":{"line":71,"column":21},"end":{"line":71,"column":43}},"type":"binary-expr","locations":[{"start":{"line":71,"column":21},"end":{"line":71,"column":37}},{"start":{"line":71,"column":41},"end":{"line":71,"column":43}}]}},"s":{"0":0,"1":0,"2":0,"3":0,"4":0,"5":0,"6":0,"7":0,"8":0,"9":0,"10":0,"11":0,"12":0,"13":0,"14":0,"15":0,"16":0,"17":0,"18":0,"19":0,"20":0,"21":0,"22":0,"23":0,"24":0,"25":0,"26":0,"27":0,"28":0,"29":0,"30":0},"f":{"0":0,"1":0,"2":0,"3":0,"4":0,"5":0},"b":{"0":[0],"1":[0],"2":[0,0],"3":[0,0]}}
,"/home/akira/github/9Jang/backend/src/cramschool/controllers/courses.controller.ts": {"path":"/home/akira/github/9Jang/backend/src/cramschool/controllers/courses.controller.ts","statementMap":{"0":{"start":{"line":2,"column":0},"end":{"line":2,"column":104}},"1":{"start":{"line":3,"column":0},"end":{"line":3,"column":null}},"2":{"start":{"line":16,"column":0},"end":{"line":16,"column":61}},"3":{"start":{"line":17,"column":0},"end":{"line":17,"column":60}},"4":{"start":{"line":18,"column":0},"end":{"line":18,"column":null}},"5":{"start":{"line":25,"column":0},"end":{"line":25,"column":47}},"6":{"start":{"line":26,"column":0},"end":{"line":26,"column":67}},"7":{"start":{"line":31,"column":7},"end":{"line":188,"column":null}},"8":{"start":{"line":33,"column":21},"end":{"line":33,"column":37}},"9":{"start":{"line":34,"column":21},"end":{"line":34,"column":29}},"10":{"start":{"line":70,"column":4},"end":{"line":70,"column":58}},"11":{"start":{"line":88,"column":4},"end":{"line":88,"column":45}},"12":{"start":{"line":108,"column":4},"end":{"line":108,"column":55}},"13":{"start":{"line":130,"column":4},"end":{"line":130,"column":59}},"14":{"start":{"line":145,"column":4},"end":{"line":145,"column":48}},"15":{"start":{"line":162,"column":4},"end":{"line":162,"column":52}},"16":{"start":{"line":182,"column":17},"end":{"line":182,"column":25}},"17":{"start":{"line":183,"column":23},"end":{"line":185,"column":6}},"18":{"start":{"line":186,"column":4},"end":{"line":186,"column":88}},"19":{"start":{"line":31,"column":13},"end":{"line":31,"column":30}},"20":{"start":{"line":66,"column":8},"end":{"line":71,"column":null}},"21":{"start":{"line":87,"column":8},"end":{"line":89,"column":null}},"22":{"start":{"line":105,"column":8},"end":{"line":109,"column":null}},"23":{"start":{"line":126,"column":8},"end":{"line":131,"column":null}},"24":{"start":{"line":144,"column":8},"end":{"line":146,"column":null}},"25":{"start":{"line":161,"column":8},"end":{"line":163,"column":null}},"26":{"start":{"line":178,"column":8},"end":{"line":187,"column":null}},"27":{"start":{"line":31,"column":13},"end":{"line":188,"column":null}}},"fnMap":{"0":{"name":"(anonymous_4)","decl":{"start":{"line":32,"column":2},"end":{"line":32,"column":null}},"loc":{"start":{"line":34,"column":42},"end":{"line":35,"column":6}}},"1":{"name":"(anonymous_5)","decl":{"start":{"line":66,"column":2},"end":{"line":66,"column":7}},"loc":{"start":{"line":68,"column":83},"end":{"line":71,"column":3}}},"2":{"name":"(anonymous_6)","decl":{"start":{"line":87,"column":2},"end":{"line":87,"column":7}},"loc":{"start":{"line":87,"column":55},"end":{"line":89,"column":3}}},"3":{"name":"(anonymous_7)","decl":{"start":{"line":105,"column":2},"end":{"line":105,"column":7}},"loc":{"start":{"line":106,"column":79},"end":{"line":109,"column":3}}},"4":{"name":"(anonymous_8)","decl":{"start":{"line":126,"column":2},"end":{"line":126,"column":7}},"loc":{"start":{"line":128,"column":79},"end":{"line":131,"column":3}}},"5":{"name":"(anonymous_9)","decl":{"start":{"line":144,"column":2},"end":{"line":144,"column":7}},"loc":{"start":{"line":144,"column":58},"end":{"line":146,"column":3}}},"6":{"name":"(anonymous_10)","decl":{"start":{"line":161,"column":2},"end":{"line":161,"column":7}},"loc":{"start":{"line":161,"column":62},"end":{"line":163,"column":3}}},"7":{"name":"(anonymous_11)","decl":{"start":{"line":178,"column":2},"end":{"line":178,"column":7}},"loc":{"start":{"line":180,"column":31},"end":{"line":187,"column":3}}}},"branchMap":{"0":{"loc":{"start":{"line":67,"column":57},"end":{"line":67,"column":73}},"type":"default-arg","locations":[{"start":{"line":67,"column":72},"end":{"line":67,"column":73}}]},"1":{"loc":{"start":{"line":68,"column":62},"end":{"line":68,"column":83}},"type":"default-arg","locations":[{"start":{"line":68,"column":81},"end":{"line":68,"column":83}}]},"2":{"loc":{"start":{"line":186,"column":57},"end":{"line":186,"column":86}},"type":"binary-expr","locations":[{"start":{"line":186,"column":57},"end":{"line":186,"column":73}},{"start":{"line":186,"column":77},"end":{"line":186,"column":86}}]}},"s":{"0":1,"1":1,"2":1,"3":1,"4":1,"5":1,"6":1,"7":1,"8":5,"9":5,"10":1,"11":1,"12":1,"13":1,"14":1,"15":0,"16":0,"17":0,"18":0,"19":1,"20":1,"21":1,"22":1,"23":1,"24":1,"25":1,"26":1,"27":1},"f":{"0":5,"1":1,"2":1,"3":1,"4":1,"5":1,"6":0,"7":0},"b":{"0":[1],"1":[1],"2":[0,0]}}
,"/home/akira/github/9Jang/backend/src/cramschool/controllers/enrollment-periods.controller.ts": {"path":"/home/akira/github/9Jang/backend/src/cramschool/controllers/enrollment-periods.controller.ts","statementMap":{"0":{"start":{"line":1,"column":0},"end":{"line":1,"column":null}},"1":{"start":{"line":13,"column":0},"end":{"line":13,"column":104}},"2":{"start":{"line":14,"column":0},"end":{"line":14,"column":82}},"3":{"start":{"line":15,"column":0},"end":{"line":15,"column":null}},"4":{"start":{"line":20,"column":0},"end":{"line":20,"column":47}},"5":{"start":{"line":21,"column":0},"end":{"line":21,"column":67}},"6":{"start":{"line":26,"column":7},"end":{"line":81,"column":null}},"7":{"start":{"line":27,"column":31},"end":{"line":27,"column":57}},"8":{"start":{"line":35,"column":4},"end":{"line":35,"column":66}},"9":{"start":{"line":45,"column":4},"end":{"line":45,"column":55}},"10":{"start":{"line":56,"column":4},"end":{"line":56,"column":65}},"11":{"start":{"line":69,"column":4},"end":{"line":69,"column":69}},"12":{"start":{"line":79,"column":4},"end":{"line":79,"column":58}},"13":{"start":{"line":26,"column":13},"end":{"line":26,"column":40}},"14":{"start":{"line":34,"column":8},"end":{"line":36,"column":null}},"15":{"start":{"line":44,"column":8},"end":{"line":46,"column":null}},"16":{"start":{"line":53,"column":8},"end":{"line":57,"column":null}},"17":{"start":{"line":65,"column":8},"end":{"line":70,"column":null}},"18":{"start":{"line":78,"column":8},"end":{"line":80,"column":null}},"19":{"start":{"line":26,"column":13},"end":{"line":81,"column":null}}},"fnMap":{"0":{"name":"(anonymous_4)","decl":{"start":{"line":27,"column":2},"end":{"line":27,"column":31}},"loc":{"start":{"line":27,"column":81},"end":{"line":27,"column":85}}},"1":{"name":"(anonymous_5)","decl":{"start":{"line":34,"column":2},"end":{"line":34,"column":7}},"loc":{"start":{"line":34,"column":99},"end":{"line":36,"column":3}}},"2":{"name":"(anonymous_6)","decl":{"start":{"line":44,"column":2},"end":{"line":44,"column":7}},"loc":{"start":{"line":44,"column":55},"end":{"line":46,"column":3}}},"3":{"name":"(anonymous_7)","decl":{"start":{"line":53,"column":2},"end":{"line":53,"column":7}},"loc":{"start":{"line":54,"column":99},"end":{"line":57,"column":3}}},"4":{"name":"(anonymous_8)","decl":{"start":{"line":65,"column":2},"end":{"line":65,"column":7}},"loc":{"start":{"line":67,"column":118},"end":{"line":70,"column":3}}},"5":{"name":"(anonymous_9)","decl":{"start":{"line":78,"column":2},"end":{"line":78,"column":7}},"loc":{"start":{"line":78,"column":58},"end":{"line":80,"column":3}}}},"branchMap":{},"s":{"0":0,"1":0,"2":0,"3":0,"4":0,"5":0,"6":0,"7":0,"8":0,"9":0,"10":0,"11":0,"12":0,"13":0,"14":0,"15":0,"16":0,"17":0,"18":0,"19":0},"f":{"0":0,"1":0,"2":0,"3":0,"4":0,"5":0},"b":{}}
,"/home/akira/github/9Jang/backend/src/cramschool/controllers/enrollments.controller.ts": {"path":"/home/akira/github/9Jang/backend/src/cramschool/controllers/enrollments.controller.ts","statementMap":{"0":{"start":{"line":1,"column":0},"end":{"line":1,"column":null}},"1":{"start":{"line":13,"column":0},"end":{"line":13,"column":104}},"2":{"start":{"line":14,"column":0},"end":{"line":14,"column":69}},"3":{"start":{"line":15,"column":0},"end":{"line":15,"column":null}},"4":{"start":{"line":20,"column":0},"end":{"line":20,"column":47}},"5":{"start":{"line":21,"column":0},"end":{"line":21,"column":67}},"6":{"start":{"line":26,"column":7},"end":{"line":87,"column":null}},"7":{"start":{"line":27,"column":31},"end":{"line":27,"column":51}},"8":{"start":{"line":39,"column":4},"end":{"line":39,"column":66}},"9":{"start":{"line":49,"column":4},"end":{"line":49,"column":53}},"10":{"start":{"line":61,"column":4},"end":{"line":61,"column":63}},"11":{"start":{"line":75,"column":4},"end":{"line":75,"column":67}},"12":{"start":{"line":85,"column":4},"end":{"line":85,"column":56}},"13":{"start":{"line":26,"column":13},"end":{"line":26,"column":34}},"14":{"start":{"line":35,"column":8},"end":{"line":40,"column":null}},"15":{"start":{"line":48,"column":8},"end":{"line":50,"column":null}},"16":{"start":{"line":57,"column":8},"end":{"line":62,"column":null}},"17":{"start":{"line":70,"column":8},"end":{"line":76,"column":null}},"18":{"start":{"line":84,"column":8},"end":{"line":86,"column":null}},"19":{"start":{"line":26,"column":13},"end":{"line":87,"column":null}}},"fnMap":{"0":{"name":"(anonymous_4)","decl":{"start":{"line":27,"column":2},"end":{"line":27,"column":31}},"loc":{"start":{"line":27,"column":69},"end":{"line":27,"column":73}}},"1":{"name":"(anonymous_5)","decl":{"start":{"line":35,"column":2},"end":{"line":35,"column":7}},"loc":{"start":{"line":37,"column":83},"end":{"line":40,"column":3}}},"2":{"name":"(anonymous_6)","decl":{"start":{"line":48,"column":2},"end":{"line":48,"column":7}},"loc":{"start":{"line":48,"column":59},"end":{"line":50,"column":3}}},"3":{"name":"(anonymous_7)","decl":{"start":{"line":57,"column":2},"end":{"line":57,"column":7}},"loc":{"start":{"line":59,"column":41},"end":{"line":62,"column":3}}},"4":{"name":"(anonymous_8)","decl":{"start":{"line":70,"column":2},"end":{"line":70,"column":7}},"loc":{"start":{"line":73,"column":50},"end":{"line":76,"column":3}}},"5":{"name":"(anonymous_9)","decl":{"start":{"line":84,"column":2},"end":{"line":84,"column":7}},"loc":{"start":{"line":84,"column":62},"end":{"line":86,"column":3}}}},"branchMap":{"0":{"loc":{"start":{"line":36,"column":57},"end":{"line":36,"column":73}},"type":"default-arg","locations":[{"start":{"line":36,"column":72},"end":{"line":36,"column":73}}]},"1":{"loc":{"start":{"line":37,"column":62},"end":{"line":37,"column":83}},"type":"default-arg","locations":[{"start":{"line":37,"column":81},"end":{"line":37,"column":83}}]}},"s":{"0":1,"1":1,"2":1,"3":1,"4":1,"5":1,"6":1,"7":5,"8":1,"9":1,"10":1,"11":1,"12":1,"13":1,"14":1,"15":1,"16":1,"17":1,"18":1,"19":1},"f":{"0":5,"1":1,"2":1,"3":1,"4":1,"5":1},"b":{"0":[1],"1":[1]}}
,"/home/akira/github/9Jang/backend/src/cramschool/controllers/error-log-images.controller.ts": {"path":"/home/akira/github/9Jang/backend/src/cramschool/controllers/error-log-images.controller.ts","statementMap":{"0":{"start":{"line":2,"column":0},"end":{"line":2,"column":104}},"1":{"start":{"line":3,"column":0},"end":{"line":3,"column":null}},"2":{"start":{"line":16,"column":0},"end":{"line":16,"column":77}},"3":{"start":{"line":17,"column":0},"end":{"line":17,"column":60}},"4":{"start":{"line":18,"column":0},"end":{"line":18,"column":null}},"5":{"start":{"line":25,"column":0},"end":{"line":25,"column":47}},"6":{"start":{"line":26,"column":0},"end":{"line":26,"column":67}},"7":{"start":{"line":31,"column":7},"end":{"line":107,"column":null}},"8":{"start":{"line":33,"column":21},"end":{"line":33,"column":44}},"9":{"start":{"line":34,"column":21},"end":{"line":34,"column":29}},"10":{"start":{"line":50,"column":17},"end":{"line":50,"column":25}},"11":{"start":{"line":51,"column":23},"end":{"line":53,"column":6}},"12":{"start":{"line":54,"column":21},"end":{"line":54,"column":43}},"13":{"start":{"line":57,"column":4},"end":{"line":59,"column":5}},"14":{"start":{"line":58,"column":6},"end":{"line":58,"column":69}},"15":{"start":{"line":61,"column":4},"end":{"line":61,"column":84}},"16":{"start":{"line":71,"column":4},"end":{"line":71,"column":59}},"17":{"start":{"line":82,"column":4},"end":{"line":82,"column":69}},"18":{"start":{"line":95,"column":4},"end":{"line":95,"column":73}},"19":{"start":{"line":105,"column":4},"end":{"line":105,"column":62}},"20":{"start":{"line":31,"column":13},"end":{"line":31,"column":37}},"21":{"start":{"line":44,"column":8},"end":{"line":62,"column":null}},"22":{"start":{"line":70,"column":8},"end":{"line":72,"column":null}},"23":{"start":{"line":79,"column":8},"end":{"line":83,"column":null}},"24":{"start":{"line":91,"column":8},"end":{"line":96,"column":null}},"25":{"start":{"line":104,"column":8},"end":{"line":106,"column":null}},"26":{"start":{"line":31,"column":13},"end":{"line":107,"column":null}}},"fnMap":{"0":{"name":"(anonymous_4)","decl":{"start":{"line":32,"column":2},"end":{"line":32,"column":null}},"loc":{"start":{"line":34,"column":42},"end":{"line":35,"column":6}}},"1":{"name":"(anonymous_5)","decl":{"start":{"line":44,"column":2},"end":{"line":44,"column":7}},"loc":{"start":{"line":48,"column":83},"end":{"line":62,"column":3}}},"2":{"name":"(anonymous_6)","decl":{"start":{"line":70,"column":2},"end":{"line":70,"column":7}},"loc":{"start":{"line":70,"column":62},"end":{"line":72,"column":3}}},"3":{"name":"(anonymous_7)","decl":{"start":{"line":79,"column":2},"end":{"line":79,"column":7}},"loc":{"start":{"line":80,"column":93},"end":{"line":83,"column":3}}},"4":{"name":"(anonymous_8)","decl":{"start":{"line":91,"column":2},"end":{"line":91,"column":7}},"loc":{"start":{"line":93,"column":93},"end":{"line":96,"column":3}}},"5":{"name":"(anonymous_9)","decl":{"start":{"line":104,"column":2},"end":{"line":104,"column":7}},"loc":{"start":{"line":104,"column":65},"end":{"line":106,"column":3}}}},"branchMap":{"0":{"loc":{"start":{"line":47,"column":57},"end":{"line":47,"column":73}},"type":"default-arg","locations":[{"start":{"line":47,"column":72},"end":{"line":47,"column":73}}]},"1":{"loc":{"start":{"line":48,"column":62},"end":{"line":48,"column":83}},"type":"default-arg","locations":[{"start":{"line":48,"column":81},"end":{"line":48,"column":83}}]},"2":{"loc":{"start":{"line":54,"column":21},"end":{"line":54,"column":43}},"type":"binary-expr","locations":[{"start":{"line":54,"column":21},"end":{"line":54,"column":37}},{"start":{"line":54,"column":41},"end":{"line":54,"column":43}}]},"3":{"loc":{"start":{"line":57,"column":4},"end":{"line":59,"column":5}},"type":"if","locations":[{"start":{"line":57,"column":4},"end":{"line":59,"column":5}}]},"4":{"loc":{"start":{"line":57,"column":8},"end":{"line":57,"column":59}},"type":"binary-expr","locations":[{"start":{"line":57,"column":8},"end":{"line":57,"column":33}},{"start":{"line":57,"column":37},"end":{"line":57,"column":59}}]}},"s":{"0":0,"1":0,"2":0,"3":0,"4":0,"5":0,"6":0,"7":0,"8":0,"9":0,"10":0,"11":0,"12":0,"13":0,"14":0,"15":0,"16":0,"17":0,"18":0,"19":0,"20":0,"21":0,"22":0,"23":0,"24":0,"25":0,"26":0},"f":{"0":0,"1":0,"2":0,"3":0,"4":0,"5":0},"b":{"0":[0],"1":[0],"2":[0,0],"3":[0],"4":[0,0]}}
,"/home/akira/github/9Jang/backend/src/cramschool/controllers/error-logs.controller.ts": {"path":"/home/akira/github/9Jang/backend/src/cramschool/controllers/error-logs.controller.ts","statementMap":{"0":{"start":{"line":2,"column":0},"end":{"line":2,"column":113}},"1":{"start":{"line":3,"column":0},"end":{"line":3,"column":null}},"2":{"start":{"line":18,"column":0},"end":{"line":18,"column":60}},"3":{"start":{"line":19,"column":0},"end":{"line":19,"column":66}},"4":{"start":{"line":20,"column":0},"end":{"line":20,"column":60}},"5":{"start":{"line":21,"column":0},"end":{"line":21,"column":null}},"6":{"start":{"line":28,"column":0},"end":{"line":28,"column":47}},"7":{"start":{"line":29,"column":0},"end":{"line":29,"column":67}},"8":{"start":{"line":34,"column":7},"end":{"line":314,"column":null}},"9":{"start":{"line":36,"column":21},"end":{"line":36,"column":39}},"10":{"start":{"line":37,"column":21},"end":{"line":37,"column":29}},"11":{"start":{"line":78,"column":17},"end":{"line":78,"column":25}},"12":{"start":{"line":79,"column":23},"end":{"line":81,"column":6}},"13":{"start":{"line":82,"column":21},"end":{"line":82,"column":43}},"14":{"start":{"line":83,"column":4},"end":{"line":90,"column":6}},"15":{"start":{"line":108,"column":4},"end":{"line":108,"column":49}},"16":{"start":{"line":127,"column":4},"end":{"line":127,"column":59}},"17":{"start":{"line":149,"column":4},"end":{"line":149,"column":63}},"18":{"start":{"line":163,"column":4},"end":{"line":163,"column":52}},"19":{"start":{"line":181,"column":4},"end":{"line":181,"column":53}},"20":{"start":{"line":202,"column":17},"end":{"line":202,"column":25}},"21":{"start":{"line":203,"column":23},"end":{"line":205,"column":6}},"22":{"start":{"line":206,"column":21},"end":{"line":206,"column":43}},"23":{"start":{"line":209,"column":4},"end":{"line":211,"column":5}},"24":{"start":{"line":210,"column":6},"end":{"line":210,"column":34}},"25":{"start":{"line":214,"column":4},"end":{"line":216,"column":5}},"26":{"start":{"line":215,"column":6},"end":{"line":215,"column":29}},"27":{"start":{"line":218,"column":4},"end":{"line":218,"column":67}},"28":{"start":{"line":242,"column":17},"end":{"line":242,"column":25}},"29":{"start":{"line":243,"column":23},"end":{"line":245,"column":6}},"30":{"start":{"line":246,"column":21},"end":{"line":246,"column":43}},"31":{"start":{"line":249,"column":4},"end":{"line":251,"column":5}},"32":{"start":{"line":250,"column":6},"end":{"line":250,"column":41}},"33":{"start":{"line":254,"column":4},"end":{"line":256,"column":5}},"34":{"start":{"line":255,"column":6},"end":{"line":255,"column":29}},"35":{"start":{"line":258,"column":4},"end":{"line":260,"column":5}},"36":{"start":{"line":259,"column":6},"end":{"line":259,"column":32}},"37":{"start":{"line":262,"column":4},"end":{"line":262,"column":57}},"38":{"start":{"line":292,"column":17},"end":{"line":292,"column":25}},"39":{"start":{"line":293,"column":23},"end":{"line":295,"column":6}},"40":{"start":{"line":296,"column":21},"end":{"line":296,"column":43}},"41":{"start":{"line":299,"column":4},"end":{"line":301,"column":5}},"42":{"start":{"line":300,"column":6},"end":{"line":300,"column":32}},"43":{"start":{"line":304,"column":4},"end":{"line":306,"column":5}},"44":{"start":{"line":305,"column":6},"end":{"line":305,"column":29}},"45":{"start":{"line":308,"column":4},"end":{"line":310,"column":5}},"46":{"start":{"line":309,"column":6},"end":{"line":309,"column":39}},"47":{"start":{"line":312,"column":4},"end":{"line":312,"column":67}},"48":{"start":{"line":34,"column":13},"end":{"line":34,"column":32}},"49":{"start":{"line":71,"column":8},"end":{"line":91,"column":null}},"50":{"start":{"line":107,"column":8},"end":{"line":109,"column":null}},"51":{"start":{"line":124,"column":8},"end":{"line":128,"column":null}},"52":{"start":{"line":145,"column":8},"end":{"line":150,"column":null}},"53":{"start":{"line":162,"column":8},"end":{"line":164,"column":null}},"54":{"start":{"line":180,"column":8},"end":{"line":182,"column":null}},"55":{"start":{"line":198,"column":8},"end":{"line":219,"column":null}},"56":{"start":{"line":237,"column":8},"end":{"line":263,"column":null}},"57":{"start":{"line":287,"column":8},"end":{"line":313,"column":null}},"58":{"start":{"line":34,"column":13},"end":{"line":314,"column":null}}},"fnMap":{"0":{"name":"(anonymous_4)","decl":{"start":{"line":35,"column":2},"end":{"line":35,"column":null}},"loc":{"start":{"line":37,"column":42},"end":{"line":38,"column":6}}},"1":{"name":"(anonymous_5)","decl":{"start":{"line":71,"column":2},"end":{"line":71,"column":7}},"loc":{"start":{"line":76,"column":83},"end":{"line":91,"column":3}}},"2":{"name":"(anonymous_6)","decl":{"start":{"line":107,"column":2},"end":{"line":107,"column":7}},"loc":{"start":{"line":107,"column":57},"end":{"line":109,"column":3}}},"3":{"name":"(anonymous_7)","decl":{"start":{"line":124,"column":2},"end":{"line":124,"column":7}},"loc":{"start":{"line":125,"column":83},"end":{"line":128,"column":3}}},"4":{"name":"(anonymous_8)","decl":{"start":{"line":145,"column":2},"end":{"line":145,"column":7}},"loc":{"start":{"line":147,"column":83},"end":{"line":150,"column":3}}},"5":{"name":"(anonymous_9)","decl":{"start":{"line":162,"column":2},"end":{"line":162,"column":7}},"loc":{"start":{"line":162,"column":60},"end":{"line":164,"column":3}}},"6":{"name":"(anonymous_10)","decl":{"start":{"line":180,"column":2},"end":{"line":180,"column":7}},"loc":{"start":{"line":180,"column":61},"end":{"line":182,"column":3}}},"7":{"name":"(anonymous_11)","decl":{"start":{"line":198,"column":2},"end":{"line":198,"column":7}},"loc":{"start":{"line":200,"column":41},"end":{"line":219,"column":3}}},"8":{"name":"(anonymous_12)","decl":{"start":{"line":237,"column":2},"end":{"line":237,"column":7}},"loc":{"start":{"line":240,"column":49},"end":{"line":263,"column":3}}},"9":{"name":"(anonymous_13)","decl":{"start":{"line":287,"column":2},"end":{"line":287,"column":7}},"loc":{"start":{"line":290,"column":41},"end":{"line":313,"column":3}}}},"branchMap":{"0":{"loc":{"start":{"line":73,"column":30},"end":{"line":73,"column":62}},"type":"default-arg","locations":[{"start":{"line":73,"column":55},"end":{"line":73,"column":62}}]},"1":{"loc":{"start":{"line":75,"column":57},"end":{"line":75,"column":73}},"type":"default-arg","locations":[{"start":{"line":75,"column":72},"end":{"line":75,"column":73}}]},"2":{"loc":{"start":{"line":76,"column":62},"end":{"line":76,"column":83}},"type":"default-arg","locations":[{"start":{"line":76,"column":81},"end":{"line":76,"column":83}}]},"3":{"loc":{"start":{"line":82,"column":21},"end":{"line":82,"column":43}},"type":"binary-expr","locations":[{"start":{"line":82,"column":21},"end":{"line":82,"column":37}},{"start":{"line":82,"column":41},"end":{"line":82,"column":43}}]},"4":{"loc":{"start":{"line":206,"column":21},"end":{"line":206,"column":43}},"type":"binary-expr","locations":[{"start":{"line":206,"column":21},"end":{"line":206,"column":37}},{"start":{"line":206,"column":41},"end":{"line":206,"column":43}}]},"5":{"loc":{"start":{"line":209,"column":4},"end":{"line":211,"column":5}},"type":"if","locations
[...]
":{"loc":{"start":{"line":434,"column":2},"end":{"line":436,"column":3}},"type":"if","locations":[{"start":{"line":434,"column":2},"end":{"line":436,"column":3}}]},"50":{"loc":{"start":{"line":438,"column":2},"end":{"line":440,"column":3}},"type":"if","locations":[{"start":{"line":438,"column":2},"end":{"line":440,"column":3}}]},"51":{"loc":{"start":{"line":452,"column":6},"end":{"line":466,"column":7}},"type":"if","locations":[{"start":{"line":452,"column":6},"end":{"line":466,"column":7}}]},"52":{"loc":{"start":{"line":452,"column":10},"end":{"line":452,"column":34}},"type":"binary-expr","locations":[{"start":{"line":452,"column":10},"end":{"line":452,"column":23}},{"start":{"line":452,"column":27},"end":{"line":452,"column":34}}]},"53":{"loc":{"start":{"line":458,"column":12},"end":{"line":461,"column":13}},"type":"if","locations":[{"start":{"line":458,"column":12},"end":{"line":461,"column":13}}]},"54":{"loc":{"start":{"line":480,"column":14},"end":{"line":486,"column":15}},"type":"if","locations":[{"start":{"line":480,"column":14},"end":{"line":486,"column":15}},{"start":{"line":482,"column":21},"end":{"line":486,"column":15}}]},"55":{"loc":{"start":{"line":482,"column":21},"end":{"line":486,"column":15}},"type":"if","locations":[{"start":{"line":482,"column":21},"end":{"line":486,"column":15}},{"start":{"line":484,"column":21},"end":{"line":486,"column":15}}]},"56":{"loc":{"start":{"line":498,"column":6},"end":{"line":501,"column":7}},"type":"if","locations":[{"start":{"line":498,"column":6},"end":{"line":501,"column":7}}]},"57":{"loc":{"start":{"line":506,"column":4},"end":{"line":510,"column":5}},"type":"if","locations":[{"start":{"line":506,"column":4},"end":{"line":510,"column":5}},{"start":{"line":508,"column":11},"end":{"line":510,"column":5}}]},"58":{"loc":{"start":{"line":520,"column":2},"end":{"line":522,"column":3}},"type":"if","locations":[{"start":{"line":520,"column":2},"end":{"line":522,"column":3}}]},"59":{"loc":{"start":{"line":536,"column":2},"end":{"line":550,"column":3}},"type":"if","locations":[{"start":{"line":536,"column":2},"end":{"line":550,"column":3}},{"start":{"line":538,"column":9},"end":{"line":550,"column":3}}]},"60":{"loc":{"start":{"line":544,"column":4},"end":{"line":549,"column":5}},"type":"if","locations":[{"start":{"line":544,"column":4},"end":{"line":549,"column":5}}]},"61":{"loc":{"start":{"line":546,"column":6},"end":{"line":548,"column":7}},"type":"if","locations":[{"start":{"line":546,"column":6},"end":{"line":548,"column":7}}]}},"s":{"0":0,"1":0,"2":0,"3":0,"4":0,"5":0,"6":0,"7":0,"8":0,"9":0,"10":0,"11":0,"12":0,"13":0,"14":0,"15":0,"16":0,"17":0,"18":0,"19":0,"20":0,"21":0,"22":0,"23":0,"24":0,"25":0,"26":0,"27":0,"28":0,"29":0,"30":0,"31":0,"32":0,"33":0,"34":0,"35":0,"36":0,"37":0,"38":0,"39":0,"40":0,"41":0,"42":0,"43":0,"44":0,"45":0,"46":0,"47":0,"48":0,"49":0,"50":0,"51":0,"52":0,"53":0,"54":0,"55":0,"56":0,"57":0,"58":0,"59":0,"60":0,"61":0,"62":0,"63":0,"64":0,"65":0,"66":0,"67":0,"68":0,"69":0,"70":0,"71":0,"72":0,"73":0,"74":0,"75":0,"76":0,"77":0,"78":0,"79":0,"80":0,"81":0,"82":0,"83":0,"84":0,"85":0,"86":0,"87":0,"88":0,"89":0,"90":0,"91":0,"92":0,"93":0,"94":0,"95":0,"96":0,"97":0,"98":0,"99":0,"100":0,"101":0,"102":0,"103":0,"104":0,"105":0,"106":0,"107":0,"108":0,"109":0,"110":0,"111":0,"112":0,"113":0,"114":0,"115":0,"116":0,"117":0,"118":0,"119":0,"120":0,"121":0,"122":0,"123":0,"124":0,"125":0,"126":0,"127":0,"128":0,"129":0,"130":0,"131":0,"132":0,"133":0,"134":0,"135":0,"136":0,"137":0,"138":0,"139":0,"140":0,"141":0,"142":0,"143":0,"144":0,"145":0,"146":0,"147":0,"148":0,"149":0,"150":0,"151":0,"152":0,"153":0,"154":0,"155":0,"156":0,"157":0,"158":0,"159":0,"160":0,"161":0,"162":0,"163":0,"164":0,"165":0,"166":0,"167":0,"168":0,"169":0,"170":0,"171":0,"172":0,"173":0,"174":0,"175":0,"176":0,"177":0,"178":0,"179":0,"180":0,"181":0,"182":0,"183":0,"184":0,"185":0,"186":0,"187":0,"188":0,"189":0,"190":0,"191":0,"192":0,"193":0,"194":0,"195":0,"196":0},"f":{"0":0,"1":0,"2":0,"3":0,"4":0,"5":0,"6":0,"7":0,"8":0,"9":0,"10":0,"11":0,"12":0},"b":{"0":[0],"1":[0],"2":[0],"3":[0,0],"4":[0],"5":[0,0],"6":[0],"7":[0,0,0],"8":[0],"9":[0],"10":[0,0],"11":[0],"12":[0,0],"13":[0],"14":[0],"15":[0,0],"16":[0,0],"17":[0,0],"18":[0],"19":[0,0,0],"20":[0],"21":[0],"22":[0],"23":[0],"24":[0],"25":[0,0],"26":[0,0],"27":[0,0],"28":[0,0],"29":[0,0],"30":[0],"31":[0,0],"32":[0,0],"33":[0,0],"34":[0],"35":[0,0],"36":[0,0],"37":[0,0],"38":[0],"39":[0,0],"40":[0],"41":[0],"42":[0],"43":[0,0],"44":[0,0],"45":[0,0],"46":[0],"47":[0],"48":[0],"49":[0],"50":[0],"51":[0],"52":[0,0],"53":[0],"54":[0,0],"55":[0,0],"56":[0],"57":[0,0],"58":[0],"59":[0,0],"60":[0],"61":[0]}}
,"/home/akira/github/9Jang/backend/src/test/helpers/mock-prisma.helper.ts": {"path":"/home/akira/github/9Jang/backend/src/test/helpers/mock-prisma.helper.ts","statementMap":{"0":{"start":{"line":6,"column":39},"end":{"line":204,"column":2}},"1":{"start":{"line":6,"column":46},"end":{"line":204,"column":2}},"2":{"start":{"line":191,"column":38},"end":{"line":203,"column":4}},"3":{"start":{"line":6,"column":13},"end":{"line":6,"column":39}},"4":{"start":{"line":210,"column":29},"end":{"line":220,"column":1}},"5":{"start":{"line":211,"column":2},"end":{"line":219,"column":5}},"6":{"start":{"line":212,"column":4},"end":{"line":218,"column":5}},"7":{"start":{"line":213,"column":6},"end":{"line":217,"column":9}},"8":{"start":{"line":214,"column":8},"end":{"line":216,"column":9}},"9":{"start":{"line":215,"column":10},"end":{"line":215,"column":46}},"10":{"start":{"line":210,"column":13},"end":{"line":210,"column":29}}},"fnMap":{"0":{"name":"(anonymous_0)","decl":{"start":{"line":6,"column":39},"end":{"line":6,"column":42}},"loc":{"start":{"line":6,"column":46},"end":{"line":204,"column":2}}},"1":{"name":"(anonymous_1)","decl":{"start":{"line":191,"column":24},"end":{"line":191,"column":25}},"loc":{"start":{"line":191,"column":38},"end":{"line":203,"column":4}}},"2":{"name":"(anonymous_2)","decl":{"start":{"line":210,"column":29},"end":{"line":210,"column":30}},"loc":{"start":{"line":210,"column":49},"end":{"line":220,"column":1}}},"3":{"name":"(anonymous_3)","decl":{"start":{"line":211,"column":34},"end":{"line":211,"column":35}},"loc":{"start":{"line":211,"column":42},"end":{"line":219,"column":3}}},"4":{"name":"(anonymous_4)","decl":{"start":{"line":213,"column":43},"end":{"line":213,"column":44}},"loc":{"start":{"line":213,"column":54},"end":{"line":217,"column":7}}}},"branchMap":{"0":{"loc":{"start":{"line":212,"column":4},"end":{"line":218,"column":5}},"type":"if","locations":[{"start":{"line":212,"column":4},"end":{"line":218,"column":5}}]},"1":{"loc":{"start":{"line":212,"column":8},"end":{"line":212,"column":71}},"type":"binary-expr","locations":[{"start":{"line":212,"column":8},"end":{"line":212,"column":43}},{"start":{"line":212,"column":47},"end":{"line":212,"column":71}}]},"2":{"loc":{"start":{"line":214,"column":8},"end":{"line":216,"column":9}},"type":"if","locations":[{"start":{"line":214,"column":8},"end":{"line":216,"column":9}}]}},"s":{"0":6,"1":126,"2":0,"3":6,"4":6,"5":102,"6":1836,"7":1734,"8":12546,"9":12546,"10":6},"f":{"0":126,"1":0,"2":102,"3":1836,"4":12546},"b":{"0":[1734],"1":[1836,1734],"2":[12546]}}
,"/home/akira/github/9Jang/backend/src/test/helpers/test-data.helper.ts": {"path":"/home/akira/github/9Jang/backend/src/test/helpers/test-data.helper.ts","statementMap":{"0":{"start":{"line":9,"column":30},"end":{"line":29,"column":2}},"1":{"start":{"line":9,"column":56},"end":{"line":29,"column":2}},"2":{"start":{"line":9,"column":13},"end":{"line":9,"column":30}},"3":{"start":{"line":34,"column":43},"end":{"line":47,"column":2}},"4":{"start":{"line":34,"column":69},"end":{"line":47,"column":2}},"5":{"start":{"line":34,"column":13},"end":{"line":34,"column":43}},"6":{"start":{"line":52,"column":33},"end":{"line":72,"column":2}},"7":{"start":{"line":52,"column":59},"end":{"line":72,"column":2}},"8":{"start":{"line":52,"column":13},"end":{"line":52,"column":33}},"9":{"start":{"line":77,"column":46},"end":{"line":87,"column":1}},"10":{"start":{"line":78,"column":22},"end":{"line":78,"column":50}},"11":{"start":{"line":79,"column":2},"end":{"line":86,"column":4}},"12":{"start":{"line":77,"column":13},"end":{"line":77,"column":46}},"13":{"start":{"line":92,"column":32},"end":{"line":109,"column":2}},"14":{"start":{"line":92,"column":58},"end":{"line":109,"column":2}},"15":{"start":{"line":92,"column":13},"end":{"line":92,"column":32}},"16":{"start":{"line":114,"column":36},"end":{"line":130,"column":2}},"17":{"start":{"line":114,"column":62},"end":{"line":130,"column":2}},"18":{"start":{"line":114,"column":13},"end":{"line":114,"column":36}},"19":{"start":{"line":135,"column":29},"end":{"line":151,"column":2}},"20":{"start":{"line":135,"column":55},"end":{"line":151,"column":2}},"21":{"start":{"line":135,"column":13},"end":{"line":135,"column":29}},"22":{"start":{"line":156,"column":33},"end":{"line":169,"column":2}},"23":{"start":{"line":156,"column":59},"end":{"line":169,"column":2}},"24":{"start":{"line":156,"column":13},"end":{"line":156,"column":33}},"25":{"start":{"line":174,"column":33},"end":{"line":184,"column":2}},"26":{"start":{"line":174,"column":59},"end":{"line":184,"column":2}},"27":{"start":{"line":174,"column":13},"end":{"line":174,"column":33}},"28":{"start":{"line":189,"column":30},"end":{"line":199,"column":2}},"29":{"start":{"line":189,"column":56},"end":{"line":199,"column":2}},"30":{"start":{"line":189,"column":13},"end":{"line":189,"column":30}},"31":{"start":{"line":204,"column":36},"end":{"line":212,"column":2}},"32":{"start":{"line":204,"column":62},"end":{"line":212,"column":2}},"33":{"start":{"line":204,"column":13},"end":{"line":204,"column":36}},"34":{"start":{"line":217,"column":34},"end":{"line":233,"column":2}},"35":{"start":{"line":217,"column":60},"end":{"line":233,"column":2}},"36":{"start":{"line":217,"column":13},"end":{"line":217,"column":34}},"37":{"start":{"line":238,"column":36},"end":{"line":244,"column":2}},"38":{"start":{"line":238,"column":62},"end":{"line":244,"column":2}},"39":{"start":{"line":238,"column":13},"end":{"line":238,"column":36}},"40":{"start":{"line":249,"column":37},"end":{"line":260,"column":2}},"41":{"start":{"line":249,"column":63},"end":{"line":260,"column":2}},"42":{"start":{"line":249,"column":13},"end":{"line":249,"column":37}},"43":{"start":{"line":265,"column":43},"end":{"line":275,"column":2}},"44":{"start":{"line":270,"column":6},"end":{"line":275,"column":2}},"45":{"start":{"line":265,"column":13},"end":{"line":265,"column":43}}},"fnMap":{"0":{"name":"(anonymous_0)","decl":{"start":{"line":9,"column":30},"end":{"line":9,"column":31}},"loc":{"start":{"line":9,"column":56},"end":{"line":29,"column":2}}},"1":{"name":"(anonymous_1)","decl":{"start":{"line":34,"column":43},"end":{"line":34,"column":44}},"loc":{"start":{"line":34,"column":69},"end":{"line":47,"column":2}}},"2":{"name":"(anonymous_2)","decl":{"start":{"line":52,"column":33},"end":{"line":52,"column":34}},"loc":{"start":{"line":52,"column":59},"end":{"line":72,"column":2}}},"3":{"name":"(anonymous_3)","decl":{"start":{"line":77,"column":46},"end":{"line":77,"column":47}},"loc":{"start":{"line":77,"column":70},"end":{"line":87,"column":1}}},"4":{"name":"(anonymous_4)","decl":{"start":{"line":92,"column":32},"end":{"line":92,"column":33}},"loc":{"start":{"line":92,"column":58},"end":{"line":109,"column":2}}},"5":{"name":"(anonymous_5)","decl":{"start":{"line":114,"column":36},"end":{"line":114,"column":37}},"loc":{"start":{"line":114,"column":62},"end":{"line":130,"column":2}}},"6":{"name":"(anonymous_6)","decl":{"start":{"line":135,"column":29},"end":{"line":135,"column":30}},"loc":{"start":{"line":135,"column":55},"end":{"line":151,"column":2}}},"7":{"name":"(anonymous_7)","decl":{"start":{"line":156,"column":33},"end":{"line":156,"column":34}},"loc":{"start":{"line":156,"column":59},"end":{"line":169,"column":2}}},"8":{"name":"(anonymous_8)","decl":{"start":{"line":174,"column":33},"end":{"line":174,"column":34}},"loc":{"start":{"line":174,"column":59},"end":{"line":184,"column":2}}},"9":{"name":"(anonymous_9)","decl":{"start":{"line":189,"column":30},"end":{"line":189,"column":31}},"loc":{"start":{"line":189,"column":56},"end":{"line":199,"column":2}}},"10":{"name":"(anonymous_10)","decl":{"start":{"line":204,"column":36},"end":{"line":204,"column":37}},"loc":{"start":{"line":204,"column":62},"end":{"line":212,"column":2}}},"11":{"name":"(anonymous_11)","decl":{"start":{"line":217,"column":34},"end":{"line":217,"column":35}},"loc":{"start":{"line":217,"column":60},"end":{"line":233,"column":2}}},"12":{"name":"(anonymous_12)","decl":{"start":{"line":238,"column":36},"end":{"line":238,"column":37}},"loc":{"start":{"line":238,"column":62},"end":{"line":244,"column":2}}},"13":{"name":"(anonymous_13)","decl":{"start":{"line":249,"column":37},"end":{"line":249,"column":38}},"loc":{"start":{"line":249,"column":63},"end":{"line":260,"column":2}}},"14":{"name":"(anonymous_14)","decl":{"start":{"line":265,"column":43},"end":{"line":265,"column":null}},"loc":{"start":{"line":270,"column":6},"end":{"line":275,"column":2}}}},"branchMap":{"0":{"loc":{"start":{"line":9,"column":31},"end":{"line":9,"column":50}},"type":"default-arg","locations":[{"start":{"line":9,"column":48},"end":{"line":9,"column":50}}]},"1":{"loc":{"start":{"line":34,"column":44},"end":{"line":34,"column":63}},"type":"default-arg","locations":[{"start":{"line":34,"column":61},"end":{"line":34,"column":63}}]},"2":{"loc":{"start":{"line":36,"column":14},"end":{"line":45,"column":null}},"type":"binary-expr","locations":[{"start":{"line":36,"column":14},"end":{"line":36,"column":34}},{"start":{"line":36,"column":38},"end":{"line":45,"column":null}}]},"3":{"loc":{"start":{"line":46,"column":18},"end":{"line":46,"column":50}},"type":"binary-expr","locations":[{"start":{"line":46,"column":18},"end":{"line":46,"column":42}},{"start":{"line":46,"column":46},"end":{"line":46,"column":50}}]},"4":{"loc":{"start":{"line":52,"column":34},"end":{"line":52,"column":53}},"type":"default-arg","locations":[{"start":{"line":52,"column":51},"end":{"line":52,"column":53}}]},"5":{"loc":{"start":{"line":77,"column":47},"end":{"line":77,"column":66}},"type":"default-arg","locations":[{"start":{"line":77,"column":64},"end":{"line":77,"column":66}}]},"6":{"loc":{"start":{"line":81,"column":16},"end":{"line":81,"column":61}},"type":"binary-expr","locations":[{"start":{"line":81,"column":16},"end":{"line":81,"column":36}},{"start":{"line":81,"column":40},"end":{"line":81,"column":61}}]},"7":{"loc":{"start":{"line":82,"column":10},"end":{"line":82,"column":70}},"type":"binary-expr","locations":[{"start":{"line":82,"column":10},"end":{"line":82,"column":24}},{"start":{"line":82,"column":28},"end":{"line":82,"column":70}}]},"8":{"loc":{"start":{"line":83,"column":17},"end":{"line":83,"column":44}},"type":"binary-expr","locations":[{"start":{"line":83,"column":17},"end":{"line":83,"column":38}},{"start":{"line":83,"column":42},"end":{"line":83,"column":44}}]},"9":{"loc":{"start":{"line":84,"column":10},"end":{"line":84,"column":30}},"type":"binary-expr","locations":[{"start":{"line":84,"column":10},"end":{"line":84,"column":24}},{"start":{"line":84,"column":28},"end":{"line":84,"column":30}}]},"10":{"loc":{"start":{"line":85,"column":12},"end":{"line":85,"column":34}},"type":"binary-expr","locations":[{"start":{"line":85,"column":12},"end":{"line":85,"column":28}},{"start":{"line":85,"column":32},"end":{"line":85,"column":34}}]},"11":{"loc":{"start":{"line":92,"column":33},"end":{"line":92,"column":52}},"type":"default-arg","locations":[{"start":{"line":92,"column":50},"end":{"line":92,"column":52}}]},"12":{"loc":{"start":{"line":114,"column":37},"end":{"line":114,"column":56}},"type":"default-arg","locations":[{"start":{"line":114,"column":54},"end":{"line":114,"column":56}}]},"13":{"loc":{"start":{"line":135,"column":30},"end":{"line":135,"column":49}},"type":"default-arg","locations":[{"start":{"line":135,"column":47},"end":{"line":135,"column":49}}]},"14":{"loc":{"start":{"line":156,"column":34},"end":{"line":156,"column":53}},"type":"default-arg","locations":[{"start":{"line":156,"column":51},"end":{"line":156,"column":53}}]},"15":{"loc":{"start":{"line":174,"column":34},"end":{"line":174,"column":53}},"type":"default-arg","locations":[{"start":{"line":174,"column":51},"end":{"line":174,"column":53}}]},"16":{"loc":{"start":{"line":189,"column":31},"end":{"line":189,"column":50}},"type":"default-arg","locations":[{"start":{"line":189,"column":48},"end":{"line":189,"column":50}}]},"17":{"loc":{"start":{"line":204,"column":37},"end":{"line":204,"column":56}},"type":"default-arg","locations":[{"start":{"line":204,"column":54},"end":{"line":204,"column":56}}]},"18":{"loc":{"start":{"line":217,"column":35},"end":{"line":217,"column":54}},"type":"default-arg","locations":[{"start":{"line":217,"column":52},"end":{"line":217,"column":54}}]},"19":{"loc":{"start":{"line":238,"column":37},"end":{"line":238,"column":56}},"type":"default-arg","locations":[{"start":{"line":238,"column":54},"end":{"line":238,"column":56}}]},"20":{"loc":{"start":{"line":249,"column":38},"end":{"line":249,"column":57}},"type":"default-arg","locations":[{"start":{"line":249,"column":55},"end":{"line":249,"column":57}}]},"21":{"loc":{"start":{"line":255,"column":8},"end":{"line":255,"column":28}},"type":"binary-expr","locations":[{"start":{"line":255,"column":8},"end":{"line":255,"column":22}},{"start":{"line":255,"column":26},"end":{"line":255,"column":28}}]},"22":{"loc":{"start":{"line":256,"column":10},"end":{"line":256,"column":32}},"type":"binary-expr","locations":[{"start":{"line":256,"column":10},"end":{"line":256,"column":26}},{"start":{"line":256,"column":30},"end":{"line":256,"column":32}}]},"23":{"loc":{"start":{"line":257,"column":9},"end":{"line":257,"column":30}},"type":"binary-expr","locations":[{"start":{"line":257,"column":9},"end":{"line":257,"column":24}},{"start":{"line":257,"column":28},"end":{"line":257,"column":30}}]},"24":{"loc":{"start":{"line":258,"column":11},"end":{"line":258,"column":34}},"type":"binary-expr","locations":[{"start":{"line":258,"column":11},"end":{"line":258,"column":28}},{"start":{"line":258,"column":32},"end":{"line":258,"column":34}}]},"25":{"loc":{"start":{"line":268,"column":2},"end":{"line":268,"column":18}},"type":"default-arg","locations":[{"start":{"line":268,"column":17},"end":{"line":268,"column":18}}]},"26":{"loc":{"start":{"line":269,"column":2},"end":{"line":269,"column":23}},"type":"default-arg","locations":[{"start":{"line":269,"column":21},"end":{"line":269,"column":23}}]},"27":{"loc":{"start":{"line":272,"column":8},"end":{"line":272,"column":51}},"type":"cond-expr","locations":[{"start":{"line":272,"column":36},"end":{"line":272,"column":44}},{"start":{"line":272,"column":47},"end":{"line":272,"column":51}}]},"28":{"loc":{"start":{"line":273,"column":12},"end":{"line":273,"column":38}},"type":"cond-expr","locations":[{"start":{"line":273,"column":23},"end":{"line":273,"column":31}},{"start":{"line":273,"column":34},"end":{"line":273,"column":38}}]}},"s":{"0":10,"1":64,"2":10,"3":10,"4":9,"5":10,"6":10,"7":33,"8":10,"9":10,"10":20,"11":20,"12":10,"13":10,"14":11,"15":10,"16":10,"17":11,"18":10,"19":10,"20":22,"21":10,"22":10,"23":0,"24":10,"25":10,"26":0,"27":10,"28":10,"29":2,"30":10,"31":10,"32":0,"33":10,"34":10,"35":2,"36":10,"37":10,"38":1,"39":10,"40":10,"41":19,"42":10,"43":10,"44":15,"45":10},"f":{"0":64,"1":9,"2":33,"3":20,"4":11,"5":11,"6":22,"7":0,"8":0,"9":2,"10":0,"11":2,"12":1,"13":19,"14":15},"b":{"0":[4],"1":[0],"2":[9,9],"3":[9,9],"4":[5],"5":[6],"6":[20,19],"7":[20,20],"8":[20,19],"9":[20,20],"10":[20,20],"11":[9],"12":[9],"13":[9],"14":[0],"15":[0],"16":[0],"17":[0],"18":[0],"19":[0],"20":[0],"21":[19,19],"22":[19,19],"23":[19,19],"24":[19,19],"25":[0],"26":[0],"27":[6,9],"28":[5,10]}}
}
