TN:
SF:src/app.module.ts
FNF:0
FNH:0
DA:1,0
DA:2,0
DA:3,0
DA:4,0
DA:5,0
DA:17,0
LF:6
LH:0
BRF:0
BRH:0
end_of_record
TN:
SF:src/main.ts
FN:9,bootstrap
FN:15,(anonymous_1)
FNF:2
FNH:0
FNDA:0,bootstrap
FNDA:0,(anonymous_1)
DA:1,0
DA:2,0
DA:3,0
DA:4,0
DA:5,0
DA:6,0
DA:7,0
DA:10,0
DA:13,0
DA:14,0
DA:15,0
DA:20,0
DA:40,0
DA:43,0
DA:46,0
DA:47,0
DA:50,0
DA:53,0
DA:82,0
DA:83,0
DA:92,0
DA:93,0
DA:94,0
DA:95,0
DA:97,0
LF:25
LH:0
BRDA:14,0,0,0
BRDA:14,0,1,0
BRDA:16,1,0,0
BRDA:16,1,1,0
BRDA:92,2,0,0
BRDA:92,2,1,0
BRF:6
BRH:0
end_of_record
TN:
SF:src/test-db-connection.ts
FN:12,testDatabaseConnection
FN:159,(anonymous_1)
FN:163,(anonymous_2)
FNF:3
FNH:0
FNDA:0,testDatabaseConnection
FNDA:0,(anonymous_1)
FNDA:0,(anonymous_2)
DA:8,0
DA:10,0
DA:13,0
DA:15,0
DA:17,0
DA:18,0
DA:19,0
DA:22,0
DA:23,0
DA:24,0
DA:26,0
DA:27,0
DA:29,0
DA:30,0
DA:33,0
DA:34,0
DA:35,0
DA:37,0
DA:38,0
DA:40,0
DA:41,0
DA:43,0
DA:44,0
DA:46,0
DA:47,0
DA:50,0
DA:51,0
DA:57,0
DA:58,0
DA:60,0
DA:63,0
DA:73,0
DA:74,0
DA:76,0
DA:78,0
DA:81,0
DA:82,0
DA:92,0
DA:93,0
DA:94,0
DA:96,0
DA:98,0
DA:101,0
DA:102,0
DA:111,0
DA:114,0
DA:115,0
DA:124,0
DA:127,0
DA:128,0
DA:136,0
DA:137,0
DA:138,0
DA:139,0
DA:141,0
DA:144,0
DA:146,0
DA:148,0
DA:150,0
DA:151,0
DA:153,0
DA:158,0
DA:160,0
DA:161,0
DA:164,0
DA:165,0
LF:66
LH:0
BRDA:57,0,0,0
BRDA:57,0,1,0
BRDA:73,1,0,0
BRDA:73,1,1,0
BRDA:92,2,0,0
BRDA:92,2,1,0
BRDA:136,3,0,0
BRDA:136,3,1,0
BRDA:136,4,0,0
BRDA:136,4,1,0
BRDA:138,5,0,0
BRDA:138,5,1,0
BRF:12
BRH:0
end_of_record
TN:
SF:src/account/account.controller.ts
FN:34,(anonymous_4)
FN:40,(anonymous_5)
FN:52,(anonymous_6)
FN:77,(anonymous_7)
FN:90,(anonymous_8)
FN:101,(anonymous_9)
FN:122,(anonymous_10)
FN:135,(anonymous_11)
FN:143,(anonymous_12)
FN:162,(anonymous_13)
FN:179,(anonymous_14)
FN:194,(anonymous_15)
FN:206,(anonymous_16)
FN:221,(anonymous_17)
FNF:14
FNH:14
FNDA:28,(anonymous_4)
FNDA:2,(anonymous_5)
FNDA:2,(anonymous_6)
FNDA:2,(anonymous_7)
FNDA:2,(anonymous_8)
FNDA:3,(anonymous_9)
FNDA:2,(anonymous_10)
FNDA:2,(anonymous_11)
FNDA:2,(anonymous_12)
FNDA:2,(anonymous_13)
FNDA:3,(anonymous_14)
FNDA:2,(anonymous_15)
FNDA:2,(anonymous_16)
FNDA:2,(anonymous_17)
DA:1,1
DA:12,1
DA:14,1
DA:23,1
DA:28,1
DA:29,1
DA:33,1
DA:34,28
DA:40,1
DA:43,2
DA:52,1
DA:70,2
DA:77,1
DA:81,2
DA:90,1
DA:91,2
DA:101,1
DA:112,3
DA:122,1
DA:126,2
DA:135,1
DA:138,2
DA:143,1
DA:152,2
DA:162,1
DA:167,2
DA:168,2
DA:179,1
DA:183,3
DA:194,1
DA:195,2
DA:206,1
DA:210,2
DA:221,1
DA:225,2
LF:35
LH:35
BRDA:180,0,0,2
BRDA:181,1,0,2
BRDA:207,2,0,1
BRDA:208,3,0,1
BRDA:222,4,0,1
BRDA:223,5,0,1
BRF:6
BRH:6
end_of_record
TN:
SF:src/account/account.module.ts
FN:14,(anonymous_1)
FNF:1
FNH:0
FNDA:0,(anonymous_1)
DA:1,0
DA:2,0
DA:3,0
DA:4,0
DA:5,0
DA:6,0
DA:7,0
DA:14,0
DA:27,0
LF:9
LH:0
BRDA:15,0,0,0
BRDA:15,0,1,0
BRF:2
BRH:0
end_of_record
TN:
SF:src/account/account.service.ts
FN:9,(anonymous_2)
FN:14,(anonymous_3)
FN:59,(anonymous_4)
FN:79,(anonymous_5)
FN:107,(anonymous_6)
FN:123,(anonymous_7)
FN:145,(anonymous_8)
FN:149,(anonymous_9)
FN:169,(anonymous_10)
FN:186,(anonymous_11)
FN:194,(anonymous_12)
FN:207,(anonymous_13)
FN:222,(anonymous_14)
FN:241,(anonymous_15)
FN:259,(anonymous_16)
FN:269,(anonymous_17)
FN:292,(anonymous_18)
FN:309,(anonymous_19)
FN:349,(anonymous_20)
FNF:19
FNH:18
FNDA:36,(anonymous_2)
FNDA:9,(anonymous_3)
FNDA:3,(anonymous_4)
FNDA:5,(anonymous_5)
FNDA:4,(anonymous_6)
FNDA:2,(anonymous_7)
FNDA:2,(anonymous_8)
FNDA:3,(anonymous_9)
FNDA:1,(anonymous_10)
FNDA:2,(anonymous_11)
FNDA:0,(anonymous_12)
FNDA:1,(anonymous_13)
FNDA:2,(anonymous_14)
FNDA:7,(anonymous_15)
FNDA:22,(anonymous_16)
FNDA:9,(anonymous_17)
FNDA:3,(anonymous_18)
FNDA:6,(anonymous_19)
FNDA:5,(anonymous_20)
DA:1,2
DA:2,2
DA:3,2
DA:4,2
DA:8,2
DA:10,36
DA:11,36
DA:16,9
DA:33,9
DA:34,2
DA:38,7
DA:39,7
DA:40,2
DA:43,5
DA:44,2
DA:48,3
DA:49,3
DA:50,3
DA:52,3
DA:60,3
DA:72,3
DA:73,2
DA:76,1
DA:80,5
DA:84,5
DA:85,1
DA:89,4
DA:90,4
DA:91,2
DA:95,2
DA:98,2
DA:108,4
DA:109,4
DA:110,1
DA:115,1
DA:119,3
DA:124,2
DA:125,2
DA:141,2
DA:145,2
DA:150,3
DA:162,3
DA:163,2
DA:166,1
DA:170,1
DA:171,1
DA:182,1
DA:186,2
DA:194,0
DA:208,1
DA:209,1
DA:218,1
DA:222,2
DA:242,7
DA:260,22
DA:266,22
DA:270,9
DA:274,9
DA:275,2
DA:278,7
DA:279,7
DA:280,2
DA:285,5
DA:293,3
DA:297,3
DA:298,2
DA:303,1
DA:317,6
DA:321,6
DA:322,2
DA:325,4
DA:326,4
DA:329,4
DA:331,2
DA:332,1
DA:336,4
DA:337,4
DA:339,4
DA:355,5
DA:359,5
DA:360,2
DA:363,3
DA:375,3
DA:376,1
DA:380,2
DA:381,2
DA:382,2
DA:386,2
DA:401,2
LF:89
LH:88
BRDA:33,0,0,2
BRDA:39,1,0,2
BRDA:43,2,0,2
BRDA:72,3,0,2
BRDA:84,4,0,1
BRDA:90,5,0,2
BRDA:123,6,0,0
BRDA:123,7,0,0
BRDA:143,8,0,2
BRDA:143,8,1,0
BRDA:144,9,0,1
BRDA:144,9,1,1
BRDA:162,10,0,2
BRDA:169,11,0,0
BRDA:169,12,0,0
BRDA:184,13,0,0
BRDA:184,13,1,1
BRDA:185,14,0,0
BRDA:185,14,1,1
BRDA:207,15,0,0
BRDA:207,16,0,0
BRDA:220,17,0,0
BRDA:220,17,1,1
BRDA:221,18,0,0
BRDA:221,18,1,1
BRDA:246,19,0,7
BRDA:246,19,1,0
BRDA:247,20,0,7
BRDA:247,20,1,0
BRDA:251,21,0,7
BRDA:251,21,1,0
BRDA:255,22,0,7
BRDA:255,22,1,7
BRDA:266,23,0,22
BRDA:266,23,1,0
BRDA:274,24,0,2
BRDA:274,25,0,9
BRDA:274,25,1,9
BRDA:279,26,0,2
BRDA:297,27,0,2
BRDA:297,28,0,3
BRDA:297,28,1,3
BRDA:321,29,0,2
BRDA:329,30,0,2
BRDA:329,31,0,4
BRDA:329,31,1,3
BRDA:331,32,0,1
BRDA:337,33,0,4
BRDA:337,33,1,3
BRDA:343,34,0,1
BRDA:343,34,1,3
BRDA:359,35,0,2
BRDA:359,36,0,5
BRDA:359,36,1,5
BRDA:375,37,0,1
BRDA:390,38,0,2
BRDA:390,38,1,0
BRDA:391,39,0,2
BRDA:391,39,1,0
BRDA:394,40,0,2
BRDA:394,40,1,0
BRDA:398,41,0,2
BRDA:398,41,1,2
BRF:63
BRH:45
end_of_record
TN:
SF:src/account/guards/jwt-auth.guard.ts
FNF:0
FNH:0
DA:1,5
DA:2,5
DA:5,5
LF:3
LH:3
BRF:0
BRH:0
end_of_record
TN:
SF:src/common/filters/http-exception.filter.ts
FN:13,(anonymous_1)
FN:26,(anonymous_2)
FN:47,(anonymous_3)
FNF:3
FNH:0
FNDA:0,(anonymous_1)
FNDA:0,(anonymous_2)
FNDA:0,(anonymous_3)
DA:1,0
DA:9,0
DA:12,0
DA:14,0
DA:15,0
DA:17,0
DA:18,0
DA:20,0
DA:21,0
DA:22,0
DA:23,0
DA:25,0
DA:26,0
DA:30,0
DA:37,0
DA:42,0
DA:43,0
DA:44,0
DA:47,0
DA:48,0
DA:49,0
DA:54,0
LF:22
LH:0
BRDA:20,0,0,0
BRDA:20,0,1,0
BRDA:23,1,0,0
BRDA:38,2,0,0
BRDA:38,2,1,0
BRDA:38,3,0,0
BRDA:38,3,1,0
BRDA:38,3,2,0
BRDA:42,4,0,0
BRDA:42,5,0,0
BRDA:42,5,1,0
BRDA:43,6,0,0
BRDA:48,7,0,0
BRDA:48,8,0,0
BRDA:48,8,1,0
BRF:15
BRH:0
end_of_record
TN:
SF:src/common/utils/pagination.util.ts
FN:8,createPaginatedResponse
FNF:1
FNH:1
FNDA:13,createPaginatedResponse
DA:8,8
DA:14,13
LF:2
LH:2
BRDA:16,0,0,4
BRDA:16,0,1,9
BRDA:17,1,0,2
BRDA:17,1,1,11
BRF:4
BRH:4
end_of_record
TN:
SF:src/cramschool/cramschool.module.ts
FNF:0
FNH:0
DA:1,0
DA:2,0
DA:3,0
DA:4,0
DA:5,0
DA:6,0
DA:7,0
DA:8,0
DA:9,0
DA:10,0
DA:11,0
DA:12,0
DA:13,0
DA:14,0
DA:15,0
DA:16,0
DA:17,0
DA:18,0
DA:19,0
DA:20,0
DA:21,0
DA:22,0
DA:23,0
DA:24,0
DA:25,0
DA:26,0
DA:27,0
DA:28,0
DA:29,0
DA:30,0
DA:31,0
DA:32,0
DA:33,0
DA:34,0
DA:35,0
DA:36,0
DA:37,0
DA:38,0
DA:39,0
DA:40,0
DA:41,0
DA:42,0
DA:43,0
DA:44,0
DA:45,0
DA:46,0
DA:47,0
DA:48,0
DA:49,0
DA:50,0
DA:51,0
DA:52,0
DA:53,0
DA:54,0
DA:55,0
DA:56,0
DA:57,0
DA:58,0
DA:59,0
DA:60,0
DA:61,0
DA:62,0
DA:136,0
LF:63
LH:0
BRF:0
BRH:0
end_of_record
TN:
SF:src/cramschool/controllers/attendances.controller.ts
FN:29,(anonymous_4)
FN:39,(anonymous_5)
FN:53,(anonymous_6)
FN:62,(anonymous_7)
FN:74,(anonymous_8)
FN:87,(anonymous_9)
FN:97,(anonymous_10)
FNF:7
FNH:0
FNDA:0,(anonymous_4)
FNDA:0,(anonymous_5)
FNDA:0,(anonymous_6)
FNDA:0,(anonymous_7)
FNDA:0,(anonymous_8)
FNDA:0,(anonymous_9)
FNDA:0,(anonymous_10)
DA:1,0
DA:13,0
DA:14,0
DA:15,0
DA:22,0
DA:23,0
DA:28,0
DA:29,0
DA:39,0
DA:44,0
DA:53,0
DA:54,0
DA:62,0
DA:65,0
DA:74,0
DA:78,0
DA:87,0
DA:88,0
DA:97,0
DA:98,0
LF:20
LH:0
BRDA:40,0,0,0
BRDA:41,1,0,0
BRDA:42,2,0,0
BRF:3
BRH:0
end_of_record
TN:
SF:src/cramschool/controllers/content-templates.controller.ts
FN:32,(anonymous_4)
FN:44,(anonymous_5)
FN:63,(anonymous_6)
FN:80,(anonymous_7)
FN:94,(anonymous_8)
FN:109,(anonymous_9)
FNF:6
FNH:0
FNDA:0,(anonymous_4)
FNDA:0,(anonymous_5)
FNDA:0,(anonymous_6)
FNDA:0,(anonymous_7)
FNDA:0,(anonymous_8)
FNDA:0,(anonymous_9)
DA:2,0
DA:3,0
DA:16,0
DA:17,0
DA:18,0
DA:25,0
DA:26,0
DA:31,0
DA:33,0
DA:34,0
DA:44,0
DA:49,0
DA:50,0
DA:53,0
DA:54,0
DA:63,0
DA:67,0
DA:68,0
DA:71,0
DA:72,0
DA:80,0
DA:84,0
DA:85,0
DA:94,0
DA:99,0
DA:100,0
DA:109,0
DA:113,0
DA:114,0
LF:29
LH:0
BRDA:46,0,0,0
BRDA:47,1,0,0
BRDA:53,2,0,0
BRDA:53,2,1,0
BRDA:71,3,0,0
BRDA:71,3,1,0
BRF:6
BRH:0
end_of_record
TN:
SF:src/cramschool/controllers/courses.controller.ts
FN:32,(anonymous_4)
FN:66,(anonymous_5)
FN:87,(anonymous_6)
FN:105,(anonymous_7)
FN:126,(anonymous_8)
FN:144,(anonymous_9)
FN:161,(anonymous_10)
FN:178,(anonymous_11)
FNF:8
FNH:6
FNDA:5,(anonymous_4)
FNDA:1,(anonymous_5)
FNDA:1,(anonymous_6)
FNDA:1,(anonymous_7)
FNDA:1,(anonymous_8)
FNDA:1,(anonymous_9)
FNDA:0,(anonymous_10)
FNDA:0,(anonymous_11)
DA:2,1
DA:3,1
DA:16,1
DA:17,1
DA:18,1
DA:25,1
DA:26,1
DA:31,1
DA:33,5
DA:34,5
DA:66,1
DA:70,1
DA:87,1
DA:88,1
DA:105,1
DA:108,1
DA:126,1
DA:130,1
DA:144,1
DA:145,1
DA:161,1
DA:162,0
DA:178,1
DA:182,0
DA:183,0
DA:186,0
LF:26
LH:22
BRDA:67,0,0,1
BRDA:68,1,0,1
BRDA:186,2,0,0
BRDA:186,2,1,0
BRF:4
BRH:2
end_of_record
TN:
SF:src/cramschool/controllers/enrollment-periods.controller.ts
FN:27,(anonymous_4)
FN:34,(anonymous_5)
FN:44,(anonymous_6)
FN:53,(anonymous_7)
FN:65,(anonymous_8)
FN:78,(anonymous_9)
FNF:6
FNH:0
FNDA:0,(anonymous_4)
FNDA:0,(anonymous_5)
FNDA:0,(anonymous_6)
FNDA:0,(anonymous_7)
FNDA:0,(anonymous_8)
FNDA:0,(anonymous_9)
DA:1,0
DA:13,0
DA:14,0
DA:15,0
DA:20,0
DA:21,0
DA:26,0
DA:27,0
DA:34,0
DA:35,0
DA:44,0
DA:45,0
DA:53,0
DA:56,0
DA:65,0
DA:69,0
DA:78,0
DA:79,0
LF:18
LH:0
BRF:0
BRH:0
end_of_record
TN:
SF:src/cramschool/controllers/enrollments.controller.ts
FN:27,(anonymous_4)
FN:35,(anonymous_5)
FN:48,(anonymous_6)
FN:57,(anonymous_7)
FN:70,(anonymous_8)
FN:84,(anonymous_9)
FNF:6
FNH:6
FNDA:5,(anonymous_4)
FNDA:1,(anonymous_5)
FNDA:1,(anonymous_6)
FNDA:1,(anonymous_7)
FNDA:1,(anonymous_8)
FNDA:1,(anonymous_9)
DA:1,1
DA:13,1
DA:14,1
DA:15,1
DA:20,1
DA:21,1
DA:26,1
DA:27,5
DA:35,1
DA:39,1
DA:48,1
DA:49,1
DA:57,1
DA:61,1
DA:70,1
DA:75,1
DA:84,1
DA:85,1
LF:18
LH:18
BRDA:36,0,0,1
BRDA:37,1,0,1
BRF:2
BRH:2
end_of_record
TN:
SF:src/cramschool/controllers/error-log-images.controller.ts
FN:32,(anonymous_4)
FN:44,(anonymous_5)
FN:70,(anonymous_6)
FN:79,(anonymous_7)
FN:91,(anonymous_8)
FN:104,(anonymous_9)
FNF:6
FNH:0
FNDA:0,(anonymous_4)
FNDA:0,(anonymous_5)
FNDA:0,(anonymous_6)
FNDA:0,(anonymous_7)
FNDA:0,(anonymous_8)
FNDA:0,(anonymous_9)
DA:2,0
DA:3,0
DA:16,0
DA:17,0
DA:18,0
DA:25,0
DA:26,0
DA:31,0
DA:33,0
DA:34,0
DA:44,0
DA:50,0
DA:51,0
DA:54,0
DA:57,0
DA:58,0
DA:61,0
DA:70,0
DA:71,0
DA:79,0
DA:82,0
DA:91,0
DA:95,0
DA:104,0
DA:105,0
LF:25
LH:0
BRDA:47,0,0,0
BRDA:48,1,0,0
BRDA:54,2,0,0
BRDA:54,2,1,0
BRDA:57,3,0,0
BRDA:57,4,0,0
BRDA:57,4,1,0
BRF:7
BRH:0
end_of_record
TN:
SF:src/cramschool/controllers/error-logs.controller.ts
FN:35,(anonymous_4)
FN:71,(anonymous_5)
FN:107,(anonymous_6)
FN:124,(anonymous_7)
FN:145,(anonymous_8)
FN:162,(anonymous_9)
FN:180,(anonymous_10)
FN:198,(anonymous_11)
FN:237,(anonymous_12)
FN:287,(anonymous_13)
FNF:10
FNH:0
FNDA:0,(anonymous_4)
FNDA:0,(anonymous_5)
FNDA:0,(anonymous_6)
FNDA:0,(anonymous_7)
FNDA:0,(anonymous_8)
FNDA:0,(anonymous_9)
FNDA:0,(anonymous_10)
FNDA:0,(anonymous_11)
FNDA:0,(anonymous_12)
FNDA:0,(anonymous_13)
DA:2,0
DA:3,0
DA:18,0
DA:19,0
DA:20,0
DA:21,0
DA:28,0
DA:29,0
DA:34,0
DA:36,0
DA:37,0
DA:71,0
DA:78,0
DA:79,0
DA:82,0
DA:83,0
DA:107,0
DA:108,0
DA:124,0
DA:127,0
DA:145,0
DA:149,0
DA:162,0
DA:163,0
DA:180,0
DA:181,0
DA:198,0
DA:202,0
DA:203,0
DA:206,0
DA:209,0
DA:210,0
DA:214,0
DA:215,0
DA:218,0
DA:237,0
DA:242,0
DA:243,0
DA:246,0
DA:249,0
DA:250,0
DA:254,0
DA:255,0
DA:258,0
DA:259,0
DA:262,0
DA:287,0
DA:292,0
DA:293,0
DA:296,0
DA:299,0
DA:300,0
DA:304,0
DA:305,0
DA:308,0
DA:309,0
DA:312,0
LF:57
LH:0
BRDA:73,0,0,0
BRDA:75,1,0,0
BRDA:76,2,0,0
BRDA:82,3,0,0
BRDA:82,3,1,0
BRDA:206,4,0,0
BRDA:206,4,1,0
BRDA:209,5,0,0
BRDA:214,6,0,0
BRDA:214,7,0,0
BRDA:214,7,1,0
BRDA:246,8,0,0
BRDA:246,8,1,0
BRDA:249,9,0,0
BRDA:254,10,0,0
BRDA:254,11,0,0
BRDA:254,11,1,0
BRDA:254,11,2,0
BRDA:258,12,0,0
BRDA:258,13,0,0
BRDA:258,13,1,0
BRDA:296,14,0,0
BRDA:296,14,1,0
BRDA:299,15,0,0
BRDA:304,16,0,0
BRDA:304,17,0,0
BRDA:304,17,1,0
BRDA:304,17,2,0
BRDA:308,18,0,0
BRDA:308,19,0,0
BRDA:308,19,1,0
BRDA:308,19,2,0
BRF:32
BRH:0
end_of_record
TN:
SF:src/cramschool/controllers/fees.controller.ts
FN:30,(anonymous_4)
FN:41,(anonymous_5)
FN:61,(anonymous_6)
FN:70,(anonymous_7)
FN:82,(anonymous_8)
FN:95,(anonymous_9)
FN:105,(anonymous_10)
FNF:7
FNH:7
FNDA:7,(anonymous_4)
FNDA:2,(anonymous_5)
FNDA:1,(anonymous_6)
FNDA:1,(anonymous_7)
FNDA:1,(anonymous_8)
FNDA:1,(anonymous_9)
FNDA:1,(anonymous_10)
DA:1,1
DA:13,1
DA:14,1
DA:15,1
DA:23,1
DA:24,1
DA:29,1
DA:30,7
DA:41,1
DA:47,2
DA:61,1
DA:62,1
DA:70,1
DA:73,1
DA:82,1
DA:86,1
DA:95,1
DA:96,1
DA:97,1
DA:105,1
DA:109,1
LF:21
LH:21
BRDA:42,0,0,1
BRDA:43,1,0,1
BRF:2
BRH:2
end_of_record
TN:
SF:src/cramschool/controllers/group-orders.controller.ts
FN:32,(anonymous_4)
FN:44,(anonymous_5)
FN:66,(anonymous_6)
FN:75,(anonymous_7)
FN:89,(anonymous_8)
FN:102,(anonymous_9)
FN:112,(anonymous_10)
FNF:7
FNH:0
FNDA:0,(anonymous_4)
FNDA:0,(anonymous_5)
FNDA:0,(anonymous_6)
FNDA:0,(anonymous_7)
FNDA:0,(anonymous_8)
FNDA:0,(anonymous_9)
FNDA:0,(anonymous_10)
DA:2,0
DA:3,0
DA:16,0
DA:17,0
DA:18,0
DA:25,0
DA:26,0
DA:31,0
DA:33,0
DA:34,0
DA:44,0
DA:49,0
DA:50,0
DA:54,0
DA:55,0
DA:57,0
DA:66,0
DA:67,0
DA:75,0
DA:79,0
DA:80,0
DA:89,0
DA:93,0
DA:102,0
DA:103,0
DA:112,0
DA:116,0
DA:117,0
DA:120,0
DA:121,0
LF:30
LH:0
BRDA:46,0,0,0
BRDA:47,1,0,0
BRDA:54,2,0,0
BRDA:120,3,0,0
BRDA:120,3,1,0
BRF:5
BRH:0
end_of_record
TN:
SF:src/cramschool/controllers/hashtags.controller.ts
FN:27,(anonymous_4)
FN:30,(anonymous_5)
FN:38,(anonymous_6)
FN:43,(anonymous_7)
FN:50,(anonymous_8)
FN:58,(anonymous_9)
FNF:6
FNH:0
FNDA:0,(anonymous_4)
FNDA:0,(anonymous_5)
FNDA:0,(anonymous_6)
FNDA:0,(anonymous_7)
FNDA:0,(anonymous_8)
FNDA:0,(anonymous_9)
DA:1,0
DA:13,0
DA:14,0
DA:21,0
DA:22,0
DA:26,0
DA:27,0
DA:30,0
DA:34,0
DA:38,0
DA:39,0
DA:43,0
DA:46,0
DA:50,0
DA:54,0
DA:58,0
DA:59,0
LF:17
LH:0
BRDA:31,0,0,0
BRDA:32,1,0,0
BRF:2
BRH:0
end_of_record
TN:
SF:src/cramschool/controllers/leaves.controller.ts
FN:29,(anonymous_4)
FN:39,(anonymous_5)
FN:53,(anonymous_6)
FN:62,(anonymous_7)
FN:74,(anonymous_8)
FN:87,(anonymous_9)
FN:97,(anonymous_10)
FNF:7
FNH:0
FNDA:0,(anonymous_4)
FNDA:0,(anonymous_5)
FNDA:0,(anonymous_6)
FNDA:0,(anonymous_7)
FNDA:0,(anonymous_8)
FNDA:0,(anonymous_9)
FNDA:0,(anonymous_10)
DA:1,0
DA:13,0
DA:14,0
DA:15,0
DA:22,0
DA:23,0
DA:28,0
DA:29,0
DA:39,0
DA:44,0
DA:53,0
DA:54,0
DA:62,0
DA:65,0
DA:74,0
DA:78,0
DA:87,0
DA:88,0
DA:97,0
DA:98,0
LF:20
LH:0
BRDA:40,0,0,0
BRDA:41,1,0,0
BRDA:42,2,0,0
BRF:3
BRH:0
end_of_record
TN:
SF:src/cramschool/controllers/order-items.controller.ts
FN:29,(anonymous_4)
FN:38,(anonymous_5)
FN:52,(anonymous_6)
FN:61,(anonymous_7)
FN:73,(anonymous_8)
FN:86,(anonymous_9)
FNF:6
FNH:0
FNDA:0,(anonymous_4)
FNDA:0,(anonymous_5)
FNDA:0,(anonymous_6)
FNDA:0,(anonymous_7)
FNDA:0,(anonymous_8)
FNDA:0,(anonymous_9)
DA:1,0
DA:13,0
DA:14,0
DA:15,0
DA:22,0
DA:23,0
DA:28,0
DA:29,0
DA:38,0
DA:43,0
DA:52,0
DA:53,0
DA:61,0
DA:64,0
DA:73,0
DA:77,0
DA:86,0
DA:87,0
LF:18
LH:0
BRDA:40,0,0,0
BRDA:41,1,0,0
BRF:2
BRH:0
end_of_record
TN:
SF:src/cramschool/controllers/orders.controller.ts
FN:32,(anonymous_4)
FN:53,(anonymous_5)
FN:97,(anonymous_6)
FN:106,(anonymous_7)
FN:118,(anonymous_8)
FN:131,(anonymous_9)
FN:141,(anonymous_10)
FNF:7
FNH:0
FNDA:0,(anonymous_4)
FNDA:0,(anonymous_5)
FNDA:0,(anonymous_6)
FNDA:0,(anonymous_7)
FNDA:0,(anonymous_8)
FNDA:0,(anonymous_9)
FNDA:0,(anonymous_10)
DA:2,0
DA:3,0
DA:16,0
DA:17,0
DA:18,0
DA:25,0
DA:26,0
DA:31,0
DA:33,0
DA:34,0
DA:53,0
DA:61,0
DA:62,0
DA:66,0
DA:67,0
DA:71,0
DA:72,0
DA:75,0
DA:76,0
DA:78,0
DA:82,0
DA:97,0
DA:98,0
DA:106,0
DA:109,0
DA:118,0
DA:122,0
DA:131,0
DA:132,0
DA:141,0
DA:142,0
LF:31
LH:0
BRDA:55,0,0,0
BRDA:58,1,0,0
BRDA:59,2,0,0
BRDA:66,3,0,0
BRDA:71,4,0,0
BRDA:75,5,0,0
BRDA:75,5,1,0
BRF:7
BRH:0
end_of_record
TN:
SF:src/cramschool/controllers/question-tags.controller.ts
FN:27,(anonymous_4)
FN:30,(anonymous_5)
FN:38,(anonymous_6)
FN:43,(anonymous_7)
FN:50,(anonymous_8)
FN:58,(anonymous_9)
FNF:6
FNH:0
FNDA:0,(anonymous_4)
FNDA:0,(anonymous_5)
FNDA:0,(anonymous_6)
FNDA:0,(anonymous_7)
FNDA:0,(anonymous_8)
FNDA:0,(anonymous_9)
DA:1,0
DA:13,0
DA:14,0
DA:21,0
DA:22,0
DA:26,0
DA:27,0
DA:30,0
DA:34,0
DA:38,0
DA:39,0
DA:43,0
DA:46,0
DA:50,0
DA:54,0
DA:58,0
DA:59,0
LF:17
LH:0
BRDA:31,0,0,0
BRDA:32,1,0,0
BRF:2
BRH:0
end_of_record
TN:
SF:src/cramschool/controllers/questions.controller.ts
FN:38,(anonymous_4)
FN:54,(anonymous_5)
FN:72,(anonymous_6)
FN:82,(anonymous_7)
FN:101,(anonymous_8)
FN:120,(anonymous_9)
FN:136,(anonymous_10)
FN:149,(anonymous_11)
FN:160,(anonymous_12)
FN:171,(anonymous_13)
FN:182,(anonymous_14)
FN:201,(anonymous_15)
FN:231,(anonymous_16)
FN:242,(anonymous_17)
FN:244,(anonymous_18)
FN:270,(anonymous_19)
FN:282,(anonymous_20)
FN:284,(anonymous_21)
FNF:18
FNH:0
FNDA:0,(anonymous_4)
FNDA:0,(anonymous_5)
FNDA:0,(anonymous_6)
FNDA:0,(anonymous_7)
FNDA:0,(anonymous_8)
FNDA:0,(anonymous_9)
FNDA:0,(anonymous_10)
FNDA:0,(anonymous_11)
FNDA:0,(anonymous_12)
FNDA:0,(anonymous_13)
FNDA:0,(anonymous_14)
FNDA:0,(anonymous_15)
FNDA:0,(anonymous_16)
FNDA:0,(anonymous_17)
FNDA:0,(anonymous_18)
FNDA:0,(anonymous_19)
FNDA:0,(anonymous_20)
FNDA:0,(anonymous_21)
DA:2,0
DA:3,0
DA:19,0
DA:20,0
DA:21,0
DA:22,0
DA:31,0
DA:32,0
DA:37,0
DA:39,0
DA:40,0
DA:54,0
DA:58,0
DA:59,0
DA:62,0
DA:72,0
DA:73,0
DA:82,0
DA:86,0
DA:87,0
DA:90,0
DA:101,0
DA:106,0
DA:107,0
DA:110,0
DA:120,0
DA:121,0
DA:122,0
DA:125,0
DA:136,0
DA:141,0
DA:149,0
DA:150,0
DA:160,0
DA:161,0
DA:171,0
DA:172,0
DA:182,0
DA:187,0
DA:188,0
DA:191,0
DA:201,0
DA:206,0
DA:207,0
DA:208,0
DA:211,0
DA:231,0
DA:236,0
DA:237,0
DA:241,0
DA:242,0
DA:244,0
DA:246,0
DA:247,0
DA:250,0
DA:270,0
DA:275,0
DA:276,0
DA:277,0
DA:281,0
DA:282,0
DA:284,0
DA:286,0
DA:287,0
DA:290,0
LF:65
LH:0
BRDA:62,0,0,0
BRDA:62,0,1,0
BRDA:90,1,0,0
BRDA:90,1,1,0
BRDA:110,2,0,0
BRDA:110,2,1,0
BRDA:125,3,0,0
BRDA:125,3,1,0
BRDA:187,4,0,0
BRDA:187,5,0,0
BRDA:187,5,1,0
BRDA:187,5,2,0
BRDA:207,6,0,0
BRDA:207,7,0,0
BRDA:207,7,1,0
BRDA:207,7,2,0
BRDA:236,8,0,0
BRDA:236,9,0,0
BRDA:236,9,1,0
BRDA:236,9,2,0
BRDA:242,10,0,0
BRDA:242,10,1,0
BRDA:242,10,2,0
BRDA:244,11,0,0
BRDA:244,11,1,0
BRDA:246,12,0,0
BRDA:252,13,0,0
BRDA:252,13,1,0
BRDA:276,14,0,0
BRDA:276,15,0,0
BRDA:276,15,1,0
BRDA:276,15,2,0
BRDA:282,16,0,0
BRDA:282,16,1,0
BRDA:282,16,2,0
BRDA:284,17,0,0
BRDA:284,17,1,0
BRDA:286,18,0,0
BRDA:292,19,0,0
BRDA:292,19,1,0
BRF:40
BRH:0
end_of_record
TN:
SF:src/cramschool/controllers/resources.controller.ts
FN:32,(anonymous_4)
FN:52,(anonymous_5)
FN:87,(anonymous_6)
FN:105,(anonymous_7)
FN:132,(anonymous_8)
FN:156,(anonymous_9)
FN:186,(anonymous_10)
FN:224,(anonymous_11)
FN:254,(anonymous_12)
FNF:9
FNH:0
FNDA:0,(anonymous_4)
FNDA:0,(anonymous_5)
FNDA:0,(anonymous_6)
FNDA:0,(anonymous_7)
FNDA:0,(anonymous_8)
FNDA:0,(anonymous_9)
FNDA:0,(anonymous_10)
FNDA:0,(anonymous_11)
FNDA:0,(anonymous_12)
DA:2,0
DA:3,0
DA:16,0
DA:17,0
DA:18,0
DA:25,0
DA:26,0
DA:31,0
DA:33,0
DA:34,0
DA:52,0
DA:59,0
DA:60,0
DA:63,0
DA:87,0
DA:88,0
DA:105,0
DA:110,0
DA:111,0
DA:114,0
DA:132,0
DA:138,0
DA:139,0
DA:142,0
DA:156,0
DA:157,0
DA:158,0
DA:161,0
DA:186,0
DA:191,0
DA:192,0
DA:195,0
DA:197,0
DA:198,0
DA:201,0
DA:224,0
DA:228,0
DA:254,0
DA:258,0
LF:39
LH:0
BRDA:54,0,0,0
BRDA:55,1,0,0
BRDA:65,2,0,0
BRDA:65,2,1,0
BRDA:114,3,0,0
BRDA:114,3,1,0
BRDA:142,4,0,0
BRDA:142,4,1,0
BRDA:161,5,0,0
BRDA:161,5,1,0
BRDA:195,6,0,0
BRDA:195,6,1,0
BRDA:197,7,0,0
BRDA:201,8,0,0
BRDA:201,8,1,0
BRDA:228,9,0,0
BRDA:228,9,1,0
BRDA:258,10,0,0
BRDA:258,10,1,0
BRF:19
BRH:0
end_of_record
TN:
SF:src/cramschool/controllers/restaurants.controller.ts
FN:32,(anonymous_4)
FN:44,(anonymous_5)
FN:66,(anonymous_6)
FN:75,(anonymous_7)
FN:87,(anonymous_8)
FN:100,(anonymous_9)
FNF:6
FNH:0
FNDA:0,(anonymous_4)
FNDA:0,(anonymous_5)
FNDA:0,(anonymous_6)
FNDA:0,(anonymous_7)
FNDA:0,(anonymous_8)
FNDA:0,(anonymous_9)
DA:2,0
DA:3,0
DA:16,0
DA:17,0
DA:18,0
DA:25,0
DA:26,0
DA:31,0
DA:33,0
DA:34,0
DA:44,0
DA:49,0
DA:50,0
DA:54,0
DA:55,0
DA:57,0
DA:66,0
DA:67,0
DA:75,0
DA:78,0
DA:87,0
DA:91,0
DA:100,0
DA:101,0
LF:24
LH:0
BRDA:46,0,0,0
BRDA:47,1,0,0
BRDA:54,2,0,0
BRF:3
BRH:0
end_of_record
TN:
SF:src/cramschool/controllers/sessions.controller.ts
FN:29,(anonymous_4)
FN:37,(anonymous_5)
FN:50,(anonymous_6)
FN:59,(anonymous_7)
FN:71,(anonymous_8)
FN:84,(anonymous_9)
FNF:6
FNH:0
FNDA:0,(anonymous_4)
FNDA:0,(anonymous_5)
FNDA:0,(anonymous_6)
FNDA:0,(anonymous_7)
FNDA:0,(anonymous_8)
FNDA:0,(anonymous_9)
DA:1,0
DA:13,0
DA:14,0
DA:15,0
DA:22,0
DA:23,0
DA:28,0
DA:29,0
DA:37,0
DA:41,0
DA:50,0
DA:51,0
DA:59,0
DA:62,0
DA:71,0
DA:75,0
DA:84,0
DA:85,0
LF:18
LH:0
BRDA:38,0,0,0
BRDA:39,1,0,0
BRF:2
BRH:0
end_of_record
TN:
SF:src/cramschool/controllers/student-answers.controller.ts
FN:29,(anonymous_4)
FN:38,(anonymous_5)
FN:52,(anonymous_6)
FN:61,(anonymous_7)
FN:73,(anonymous_8)
FN:86,(anonymous_9)
FN:96,(anonymous_10)
FNF:7
FNH:0
FNDA:0,(anonymous_4)
FNDA:0,(anonymous_5)
FNDA:0,(anonymous_6)
FNDA:0,(anonymous_7)
FNDA:0,(anonymous_8)
FNDA:0,(anonymous_9)
FNDA:0,(anonymous_10)
DA:1,0
DA:13,0
DA:14,0
DA:15,0
DA:22,0
DA:23,0
DA:28,0
DA:29,0
DA:38,0
DA:43,0
DA:52,0
DA:53,0
DA:61,0
DA:64,0
DA:73,0
DA:77,0
DA:86,0
DA:87,0
DA:96,0
DA:97,0
LF:20
LH:0
BRDA:39,0,0,0
BRDA:40,1,0,0
BRDA:41,2,0,0
BRF:3
BRH:0
end_of_record
TN:
SF:src/cramschool/controllers/student-groups.controller.ts
FN:37,(anonymous_4)
FN:43,(anonymous_5)
FN:55,(anonymous_6)
FN:64,(anonymous_7)
FN:78,(anonymous_8)
FN:91,(anonymous_9)
FN:100,(anonymous_10)
FN:112,(anonymous_11)
FNF:8
FNH:0
FNDA:0,(anonymous_4)
FNDA:0,(anonymous_5)
FNDA:0,(anonymous_6)
FNDA:0,(anonymous_7)
FNDA:0,(anonymous_8)
FNDA:0,(anonymous_9)
FNDA:0,(anonymous_10)
FNDA:0,(anonymous_11)
DA:2,0
DA:3,0
DA:16,0
DA:17,0
DA:30,0
DA:31,0
DA:36,0
DA:37,0
DA:43,0
DA:46,0
DA:55,0
DA:56,0
DA:64,0
DA:68,0
DA:69,0
DA:78,0
DA:82,0
DA:91,0
DA:92,0
DA:100,0
DA:104,0
DA:112,0
DA:116,0
LF:23
LH:0
BRF:0
BRH:0
end_of_record
TN:
SF:src/cramschool/controllers/student-mistake-note-images.controller.ts
FN:32,(anonymous_4)
FN:44,(anonymous_5)
FN:64,(anonymous_6)
FN:81,(anonymous_7)
FN:99,(anonymous_8)
FN:118,(anonymous_9)
FNF:6
FNH:0
FNDA:0,(anonymous_4)
FNDA:0,(anonymous_5)
FNDA:0,(anonymous_6)
FNDA:0,(anonymous_7)
FNDA:0,(anonymous_8)
FNDA:0,(anonymous_9)
DA:2,0
DA:3,0
DA:16,0
DA:17,0
DA:18,0
DA:25,0
DA:26,0
DA:31,0
DA:33,0
DA:34,0
DA:44,0
DA:50,0
DA:51,0
DA:54,0
DA:55,0
DA:64,0
DA:68,0
DA:69,0
DA:72,0
DA:73,0
DA:81,0
DA:85,0
DA:86,0
DA:89,0
DA:90,0
DA:99,0
DA:104,0
DA:105,0
DA:108,0
DA:109,0
DA:118,0
DA:122,0
DA:123,0
DA:126,0
DA:127,0
LF:35
LH:0
BRDA:47,0,0,0
BRDA:48,1,0,0
BRDA:54,2,0,0
BRDA:54,2,1,0
BRDA:72,3,0,0
BRDA:72,3,1,0
BRDA:89,4,0,0
BRDA:89,4,1,0
BRDA:108,5,0,0
BRDA:108,5,1,0
BRDA:126,6,0,0
BRDA:126,6,1,0
BRF:12
BRH:0
end_of_record
TN:
SF:src/cramschool/controllers/student-mistake-notes.controller.ts
FN:35,(anonymous_4)
FN:50,(anonymous_5)
FN:80,(anonymous_6)
FN:97,(anonymous_7)
FN:115,(anonymous_8)
FN:134,(anonymous_9)
FN:152,(anonymous_10)
FN:163,(anonymous_11)
FN:208,(anonymous_12)
FN:238,(anonymous_13)
FNF:10
FNH:0
FNDA:0,(anonymous_4)
FNDA:0,(anonymous_5)
FNDA:0,(anonymous_6)
FNDA:0,(anonymous_7)
FNDA:0,(anonymous_8)
FNDA:0,(anonymous_9)
FNDA:0,(anonymous_10)
FNDA:0,(anonymous_11)
FNDA:0,(anonymous_12)
FNDA:0,(anonymous_13)
DA:2,0
DA:3,0
DA:18,0
DA:19,0
DA:20,0
DA:21,0
DA:28,0
DA:29,0
DA:34,0
DA:36,0
DA:37,0
DA:50,0
DA:58,0
DA:59,0
DA:62,0
DA:63,0
DA:80,0
DA:84,0
DA:85,0
DA:88,0
DA:89,0
DA:97,0
DA:101,0
DA:102,0
DA:105,0
DA:106,0
DA:115,0
DA:120,0
DA:121,0
DA:124,0
DA:125,0
DA:134,0
DA:138,0
DA:139,0
DA:142,0
DA:143,0
DA:152,0
DA:153,0
DA:163,0
DA:181,0
DA:182,0
DA:185,0
DA:188,0
DA:189,0
DA:193,0
DA:194,0
DA:197,0
DA:208,0
DA:213,0
DA:214,0
DA:217,0
DA:220,0
DA:221,0
DA:224,0
DA:225,0
DA:228,0
DA:238,0
DA:243,0
DA:244,0
DA:247,0
DA:250,0
DA:251,0
DA:254,0
DA:255,0
DA:258,0
LF:65
LH:0
BRDA:52,0,0,0
BRDA:55,1,0,0
BRDA:56,2,0,0
BRDA:62,3,0,0
BRDA:62,3,1,0
BRDA:88,4,0,0
BRDA:88,4,1,0
BRDA:105,5,0,0
BRDA:105,5,1,0
BRDA:124,6,0,0
BRDA:124,6,1,0
BRDA:142,7,0,0
BRDA:142,7,1,0
BRDA:185,8,0,0
BRDA:185,8,1,0
BRDA:188,9,0,0
BRDA:193,10,0,0
BRDA:193,11,0,0
BRDA:193,11,1,0
BRDA:217,12,0,0
BRDA:217,12,1,0
BRDA:220,13,0,0
BRDA:224,14,0,0
BRDA:224,15,0,0
BRDA:224,15,1,0
BRDA:247,16,0,0
BRDA:247,16,1,0
BRDA:250,17,0,0
BRDA:254,18,0,0
BRDA:254,19,0,0
BRDA:254,19,1,0
BRDA:254,19,2,0
BRF:32
BRH:0
end_of_record
TN:
SF:src/cramschool/controllers/students.controller.ts
FN:42,(anonymous_4)
FN:82,(anonymous_5)
FN:109,(anonymous_6)
FN:127,(anonymous_7)
FN:153,(anonymous_8)
FN:170,(anonymous_9)
FN:188,(anonymous_10)
FN:205,(anonymous_11)
FN:233,(anonymous_12)
FN:260,(anonymous_13)
FN:290,(anonymous_14)
FN:311,(anonymous_15)
FN:328,(anonymous_16)
FNF:13
FNH:13
FNDA:24,(anonymous_4)
FNDA:4,(anonymous_5)
FNDA:2,(anonymous_6)
FNDA:2,(anonymous_7)
FNDA:2,(anonymous_8)
FNDA:2,(anonymous_9)
FNDA:1,(anonymous_10)
FNDA:2,(anonymous_11)
FNDA:2,(anonymous_12)
FNDA:2,(anonymous_13)
FNDA:2,(anonymous_14)
FNDA:2,(anonymous_15)
FNDA:1,(anonymous_16)
DA:2,1
DA:3,1
DA:16,1
DA:17,1
DA:18,1
DA:27,1
DA:28,1
DA:41,1
DA:43,24
DA:44,24
DA:82,1
DA:86,4
DA:89,4
DA:92,4
DA:109,1
DA:110,2
DA:127,1
DA:131,2
DA:132,2
DA:135,2
DA:153,1
DA:157,2
DA:170,1
DA:171,2
DA:188,1
DA:189,1
DA:205,1
DA:206,2
DA:233,1
DA:237,2
DA:260,1
DA:263,2
DA:264,2
DA:265,2
DA:290,1
DA:294,2
DA:311,1
DA:312,2
DA:328,1
DA:329,1
LF:40
LH:40
BRDA:92,0,0,4
BRDA:92,0,1,1
BRDA:135,1,0,2
BRDA:135,1,1,0
BRDA:263,2,0,2
BRDA:263,2,1,0
BRDA:264,3,0,2
BRDA:264,3,1,0
BRF:8
BRH:5
end_of_record
TN:
SF:src/cramschool/controllers/subjects.controller.ts
FN:32,(anonymous_4)
FN:41,(anonymous_5)
FN:59,(anonymous_6)
FN:72,(anonymous_7)
FN:89,(anonymous_8)
FN:107,(anonymous_9)
FNF:6
FNH:0
FNDA:0,(anonymous_4)
FNDA:0,(anonymous_5)
FNDA:0,(anonymous_6)
FNDA:0,(anonymous_7)
FNDA:0,(anonymous_8)
FNDA:0,(anonymous_9)
DA:2,0
DA:3,0
DA:16,0
DA:17,0
DA:18,0
DA:25,0
DA:26,0
DA:31,0
DA:33,0
DA:34,0
DA:41,0
DA:46,0
DA:47,0
DA:50,0
DA:59,0
DA:60,0
DA:61,0
DA:64,0
DA:72,0
DA:76,0
DA:77,0
DA:80,0
DA:89,0
DA:94,0
DA:95,0
DA:98,0
DA:107,0
DA:108,0
DA:109,0
DA:112,0
LF:30
LH:0
BRDA:42,0,0,0
BRDA:43,1,0,0
BRDA:50,2,0,0
BRDA:50,2,1,0
BRDA:64,3,0,0
BRDA:64,3,1,0
BRDA:80,4,0,0
BRDA:80,4,1,0
BRDA:98,5,0,0
BRDA:98,5,1,0
BRDA:112,6,0,0
BRDA:112,6,1,0
BRF:12
BRH:0
end_of_record
TN:
SF:src/cramschool/controllers/teachers.controller.ts
FN:29,(anonymous_4)
FN:60,(anonymous_5)
FN:81,(anonymous_6)
FN:99,(anonymous_7)
FN:120,(anonymous_8)
FN:138,(anonymous_9)
FNF:6
FNH:0
FNDA:0,(anonymous_4)
FNDA:0,(anonymous_5)
FNDA:0,(anonymous_6)
FNDA:0,(anonymous_7)
FNDA:0,(anonymous_8)
FNDA:0,(anonymous_9)
DA:1,0
DA:13,0
DA:14,0
DA:15,0
DA:22,0
DA:23,0
DA:28,0
DA:29,0
DA:60,0
DA:64,0
DA:81,0
DA:82,0
DA:99,0
DA:102,0
DA:120,0
DA:124,0
DA:138,0
DA:139,0
LF:18
LH:0
BRDA:61,0,0,0
BRDA:62,1,0,0
BRF:2
BRH:0
end_of_record
TN:
SF:src/cramschool/services/attendances.service.ts
FN:12,(anonymous_2)
FN:14,(anonymous_3)
FN:44,(anonymous_4)
FN:51,(anonymous_5)
FN:71,(anonymous_6)
FN:91,(anonymous_7)
FN:120,(anonymous_8)
FN:139,(anonymous_9)
FN:171,(anonymous_10)
FNF:9
FNH:0
FNDA:0,(anonymous_2)
FNDA:0,(anonymous_3)
FNDA:0,(anonymous_4)
FNDA:0,(anonymous_5)
FNDA:0,(anonymous_6)
FNDA:0,(anonymous_7)
FNDA:0,(anonymous_8)
FNDA:0,(anonymous_9)
FNDA:0,(anonymous_10)
DA:1,0
DA:2,0
DA:8,0
DA:11,0
DA:12,0
DA:15,0
DA:16,0
DA:17,0
DA:18,0
DA:21,0
DA:43,0
DA:44,0
DA:52,0
DA:64,0
DA:65,0
DA:68,0
DA:72,0
DA:88,0
DA:92,0
DA:96,0
DA:97,0
DA:100,0
DA:117,0
DA:121,0
DA:125,0
DA:126,0
DA:130,0
DA:140,0
DA:144,0
DA:145,0
DA:148,0
DA:149,0
DA:152,0
DA:168,0
DA:177,0
DA:193,0
LF:36
LH:0
BRDA:14,0,0,0
BRDA:14,1,0,0
BRDA:14,2,0,0
BRDA:17,3,0,0
BRDA:64,4,0,0
BRDA:76,5,0,0
BRDA:76,5,1,0
BRDA:96,6,0,0
BRDA:125,7,0,0
BRDA:144,8,0,0
BRDA:148,9,0,0
BRDA:183,10,0,0
BRDA:183,10,1,0
BRDA:185,11,0,0
BRDA:185,11,1,0
BRDA:186,12,0,0
BRDA:186,12,1,0
BRDA:187,13,0,0
BRDA:187,13,1,0
BRDA:188,14,0,0
BRDA:188,14,1,0
BRF:21
BRH:0
end_of_record
TN:
SF:src/cramschool/services/content-templates.service.ts
FN:13,(anonymous_2)
FN:15,(anonymous_3)
FN:48,(anonymous_4)
FN:55,(anonymous_5)
FN:83,(anonymous_6)
FN:104,(anonymous_7)
FN:144,(anonymous_8)
FN:163,(anonymous_9)
FN:171,(anonymous_10)
FNF:9
FNH:0
FNDA:0,(anonymous_2)
FNDA:0,(anonymous_3)
FNDA:0,(anonymous_4)
FNDA:0,(anonymous_5)
FNDA:0,(anonymous_6)
FNDA:0,(anonymous_7)
FNDA:0,(anonymous_8)
FNDA:0,(anonymous_9)
FNDA:0,(anonymous_10)
DA:1,0
DA:2,0
DA:3,0
DA:9,0
DA:12,0
DA:13,0
DA:16,0
DA:19,0
DA:20,0
DA:23,0
DA:30,0
DA:47,0
DA:48,0
DA:56,0
DA:67,0
DA:68,0
DA:72,0
DA:73,0
DA:76,0
DA:77,0
DA:80,0
DA:84,0
DA:101,0
DA:109,0
DA:113,0
DA:114,0
DA:118,0
DA:119,0
DA:122,0
DA:141,0
DA:145,0
DA:149,0
DA:150,0
DA:154,0
DA:155,0
DA:158,0
DA:164,0
DA:171,0
LF:38
LH:0
BRDA:15,0,0,0
BRDA:15,1,0,0
BRDA:19,2,0,0
BRDA:67,3,0,0
BRDA:72,4,0,0
BRDA:76,5,0,0
BRDA:76,6,0,0
BRDA:76,6,1,0
BRDA:87,7,0,0
BRDA:87,7,1,0
BRDA:88,8,0,0
BRDA:88,8,1,0
BRDA:90,9,0,0
BRDA:90,9,1,0
BRDA:113,10,0,0
BRDA:118,11,0,0
BRDA:127,12,0,0
BRDA:127,12,1,0
BRDA:128,13,0,0
BRDA:128,13,1,0
BRDA:149,14,0,0
BRDA:154,15,0,0
BRDA:168,16,0,0
BRDA:168,16,1,0
BRDA:169,17,0,0
BRDA:169,17,1,0
BRDA:171,18,0,0
BRDA:171,18,1,0
BRDA:171,19,0,0
BRDA:171,19,1,0
BRF:30
BRH:0
end_of_record
TN:
SF:src/cramschool/services/courses.service.ts
FN:8,(anonymous_2)
FN:10,(anonymous_3)
FN:35,(anonymous_4)
FN:42,(anonymous_5)
FN:67,(anonymous_6)
FN:83,(anonymous_7)
FN:108,(anonymous_8)
FN:122,(anonymous_9)
FN:125,(anonymous_10)
FN:142,(anonymous_11)
FN:175,(anonymous_12)
FN:223,(anonymous_13)
FN:263,(anonymous_14)
FN:267,(anonymous_15)
FNF:14
FNH:8
FNDA:8,(anonymous_2)
FNDA:1,(anonymous_3)
FNDA:2,(anonymous_4)
FNDA:4,(anonymous_5)
FNDA:1,(anonymous_6)
FNDA:2,(anonymous_7)
FNDA:2,(anonymous_8)
FNDA:5,(anonymous_9)
FNDA:0,(anonymous_10)
FNDA:0,(anonymous_11)
FNDA:0,(anonymous_12)
FNDA:0,(anonymous_13)
FNDA:0,(anonymous_14)
FNDA:0,(anonymous_15)
DA:1,2
DA:2,2
DA:4,2
DA:7,2
DA:8,8
DA:11,1
DA:12,1
DA:34,1
DA:35,2
DA:43,4
DA:60,4
DA:61,1
DA:64,3
DA:68,1
DA:80,1
DA:84,2
DA:88,2
DA:89,1
DA:92,1
DA:105,1
DA:109,2
DA:113,2
DA:114,1
DA:117,1
DA:124,5
DA:125,0
DA:128,5
DA:139,5
DA:143,0
DA:158,0
DA:159,0
DA:162,0
DA:163,0
DA:164,0
DA:167,0
DA:175,0
DA:177,0
DA:178,0
DA:179,0
DA:182,0
DA:183,0
DA:186,0
DA:187,0
DA:188,0
DA:189,0
DA:193,0
DA:194,0
DA:195,0
DA:200,0
DA:201,0
DA:202,0
DA:206,0
DA:207,0
DA:209,0
DA:213,0
DA:224,0
DA:231,0
DA:232,0
DA:236,0
DA:237,0
DA:241,0
DA:242,0
DA:244,0
DA:245,0
DA:249,0
DA:263,0
DA:267,0
LF:67
LH:27
BRDA:10,0,0,0
BRDA:10,1,0,0
BRDA:60,2,0,1
BRDA:76,3,0,1
BRDA:76,3,1,0
BRDA:88,4,0,1
BRDA:113,5,0,1
BRDA:124,6,0,0
BRDA:124,6,1,5
BRDA:158,7,0,0
BRDA:189,8,0,0
BRDA:189,8,1,0
BRDA:193,9,0,0
BRDA:193,10,0,0
BRDA:193,10,1,0
BRDA:193,10,2,0
BRDA:200,11,0,0
BRDA:206,12,0,0
BRDA:206,12,1,0
BRDA:231,13,0,0
BRDA:236,14,0,0
BRDA:236,14,1,0
BRDA:241,15,0,0
BRDA:241,16,0,0
BRDA:241,16,1,0
BRDA:244,17,0,0
BRDA:267,18,0,0
BRDA:267,18,1,0
BRDA:268,19,0,0
BRDA:268,19,1,0
BRDA:269,20,0,0
BRDA:269,20,1,0
BRDA:270,21,0,0
BRDA:270,21,1,0
BRF:34
BRH:5
end_of_record
TN:
SF:src/cramschool/services/enrollment-periods.service.ts
FN:10,(anonymous_2)
FN:12,(anonymous_3)
FN:31,(anonymous_4)
FN:34,(anonymous_5)
FN:49,(anonymous_6)
FN:63,(anonymous_7)
FN:85,(anonymous_8)
FN:99,(anonymous_9)
FNF:8
FNH:0
FNDA:0,(anonymous_2)
FNDA:0,(anonymous_3)
FNDA:0,(anonymous_4)
FNDA:0,(anonymous_5)
FNDA:0,(anonymous_6)
FNDA:0,(anonymous_7)
FNDA:0,(anonymous_8)
FNDA:0,(anonymous_9)
DA:1,0
DA:2,0
DA:9,0
DA:10,0
DA:13,0
DA:14,0
DA:15,0
DA:18,0
DA:31,0
DA:35,0
DA:42,0
DA:43,0
DA:46,0
DA:50,0
DA:60,0
DA:64,0
DA:68,0
DA:69,0
DA:72,0
DA:82,0
DA:86,0
DA:90,0
DA:91,0
DA:94,0
DA:100,0
LF:25
LH:0
BRDA:14,0,0,0
BRDA:42,1,0,0
BRDA:54,2,0,0
BRDA:54,2,1,0
BRDA:55,3,0,0
BRDA:55,3,1,0
BRDA:56,4,0,0
BRDA:56,4,1,0
BRDA:68,5,0,0
BRDA:75,6,0,0
BRDA:75,6,1,0
BRDA:76,7,0,0
BRDA:76,7,1,0
BRDA:76,8,0,0
BRDA:76,8,1,0
BRDA:90,9,0,0
BRDA:104,10,0,0
BRDA:104,10,1,0
BRDA:106,11,0,0
BRDA:106,11,1,0
BRF:20
BRH:0
end_of_record
TN:
SF:src/cramschool/services/enrollments.service.ts
FN:11,(anonymous_2)
FN:13,(anonymous_3)
FN:40,(anonymous_4)
FN:47,(anonymous_5)
FN:64,(anonymous_6)
FN:85,(anonymous_7)
FN:109,(anonymous_8)
FN:128,(anonymous_9)
FNF:8
FNH:8
FNDA:8,(anonymous_2)
FNDA:1,(anonymous_3)
FNDA:2,(anonymous_4)
FNDA:4,(anonymous_5)
FNDA:1,(anonymous_6)
FNDA:2,(anonymous_7)
FNDA:2,(anonymous_8)
FNDA:5,(anonymous_9)
DA:1,2
DA:2,2
DA:7,2
DA:10,2
DA:11,8
DA:14,1
DA:15,1
DA:39,1
DA:40,2
DA:48,4
DA:57,4
DA:58,1
DA:61,3
DA:65,1
DA:68,1
DA:69,0
DA:72,1
DA:82,1
DA:89,2
DA:93,2
DA:94,1
DA:97,1
DA:106,1
DA:110,2
DA:114,2
DA:115,1
DA:119,1
DA:129,5
LF:28
LH:27
BRDA:13,0,0,0
BRDA:13,1,0,0
BRDA:57,2,0,1
BRDA:68,3,0,0
BRDA:68,4,0,1
BRDA:68,4,1,1
BRDA:77,5,0,1
BRDA:77,5,1,1
BRDA:78,6,0,1
BRDA:78,6,1,0
BRDA:93,7,0,1
BRDA:100,8,0,0
BRDA:100,8,1,1
BRDA:114,9,0,1
BRDA:137,10,0,5
BRDA:137,10,1,5
BRDA:138,11,0,5
BRDA:138,11,1,5
BRDA:139,12,0,5
BRDA:139,12,1,5
BRF:20
BRH:15
end_of_record
TN:
SF:src/cramschool/services/error-log-images.service.ts
FN:12,(anonymous_2)
FN:14,(anonymous_3)
FN:33,(anonymous_4)
FN:40,(anonymous_5)
FN:52,(anonymous_6)
FN:65,(anonymous_7)
FN:85,(anonymous_8)
FN:99,(anonymous_9)
FNF:8
FNH:0
FNDA:0,(anonymous_2)
FNDA:0,(anonymous_3)
FNDA:0,(anonymous_4)
FNDA:0,(anonymous_5)
FNDA:0,(anonymous_6)
FNDA:0,(anonymous_7)
FNDA:0,(anonymous_8)
FNDA:0,(anonymous_9)
DA:1,0
DA:2,0
DA:8,0
DA:11,0
DA:12,0
DA:15,0
DA:16,0
DA:18,0
DA:19,0
DA:22,0
DA:32,0
DA:33,0
DA:41,0
DA:45,0
DA:46,0
DA:49,0
DA:53,0
DA:62,0
DA:66,0
DA:70,0
DA:71,0
DA:74,0
DA:82,0
DA:86,0
DA:90,0
DA:91,0
DA:94,0
DA:100,0
LF:28
LH:0
BRDA:14,0,0,0
BRDA:14,1,0,0
BRDA:18,2,0,0
BRDA:45,3,0,0
BRDA:57,4,0,0
BRDA:57,4,1,0
BRDA:58,5,0,0
BRDA:58,5,1,0
BRDA:70,6,0,0
BRDA:77,7,0,0
BRDA:77,7,1,0
BRDA:78,8,0,0
BRDA:78,8,1,0
BRDA:90,9,0,0
BRDA:104,10,0,0
BRDA:104,10,1,0
BRF:16
BRH:0
end_of_record
TN:
SF:src/cramschool/services/error-logs.service.ts
FN:16,(anonymous_2)
FN:18,(anonymous_3)
FN:73,(anonymous_4)
FN:80,(anonymous_5)
FN:100,(anonymous_6)
FN:121,(anonymous_7)
FN:151,(anonymous_8)
FN:170,(anonymous_9)
FN:202,(anonymous_10)
FN:251,(anonymous_11)
FN:329,(anonymous_12)
FN:351,(anonymous_13)
FN:363,(anonymous_14)
FNF:13
FNH:0
FNDA:0,(anonymous_2)
FNDA:0,(anonymous_3)
FNDA:0,(anonymous_4)
FNDA:0,(anonymous_5)
FNDA:0,(anonymous_6)
FNDA:0,(anonymous_7)
FNDA:0,(anonymous_8)
FNDA:0,(anonymous_9)
FNDA:0,(anonymous_10)
FNDA:0,(anonymous_11)
FNDA:0,(anonymous_12)
FNDA:0,(anonymous_13)
FNDA:0,(anonymous_14)
DA:1,0
DA:2,0
DA:9,0
DA:10,0
DA:11,0
DA:12,0
DA:15,0
DA:16,0
DA:26,0
DA:27,0
DA:29,0
DA:30,0
DA:34,0
DA:35,0
DA:39,0
DA:40,0
DA:43,0
DA:44,0
DA:46,0
DA:50,0
DA:51,0
DA:54,0
DA:72,0
DA:73,0
DA:81,0
DA:93,0
DA:94,0
DA:97,0
DA:101,0
DA:118,0
DA:122,0
DA:126,0
DA:127,0
DA:130,0
DA:148,0
DA:152,0
DA:156,0
DA:157,0
DA:161,0
DA:171,0
DA:175,0
DA:176,0
DA:179,0
DA:180,0
DA:183,0
DA:199,0
DA:203,0
DA:211,0
DA:212,0
DA:216,0
DA:222,0
DA:223,0
DA:227,0
DA:228,0
DA:248,0
DA:252,0
DA:256,0
DA:257,0
DA:261,0
DA:265,0
DA:267,0
DA:269,0
DA:270,0
DA:273,0
DA:274,0
DA:275,0
DA:276,0
DA:282,0
DA:283,0
DA:287,0
DA:288,0
DA:289,0
DA:290,0
DA:293,0
DA:294,0
DA:295,0
DA:297,0
DA:298,0
DA:301,0
DA:302,0
DA:307,0
DA:315,0
DA:326,0
DA:330,0
DA:334,0
DA:335,0
DA:339,0
DA:346,0
DA:347,0
DA:351,0
DA:352,0
DA:358,0
DA:360,0
DA:364,0
LF:94
LH:0
BRDA:21,0,0,0
BRDA:23,1,0,0
BRDA:24,2,0,0
BRDA:29,3,0,0
BRDA:34,4,0,0
BRDA:39,5,0,0
BRDA:43,6,0,0
BRDA:43,6,1,0
BRDA:50,7,0,0
BRDA:93,8,0,0
BRDA:105,9,0,0
BRDA:105,9,1,0
BRDA:106,10,0,0
BRDA:106,10,1,0
BRDA:126,11,0,0
BRDA:156,12,0,0
BRDA:175,13,0,0
BRDA:179,14,0,0
BRDA:211,15,0,0
BRDA:222,16,0,0
BRDA:256,17,0,0
BRDA:265,18,0,0
BRDA:265,18,1,0
BRDA:275,19,0,0
BRDA:282,20,0,0
BRDA:293,21,0,0
BRDA:293,21,1,0
BRDA:301,22,0,0
BRDA:301,22,1,0
BRDA:302,23,0,0
BRDA:302,23,1,0
BRDA:304,24,0,0
BRDA:304,24,1,0
BRDA:320,25,0,0
BRDA:320,25,1,0
BRDA:334,26,0,0
BRDA:346,27,0,0
BRDA:371,28,0,0
BRDA:371,28,1,0
BRF:39
BRH:0
end_of_record
TN:
SF:src/cramschool/services/fees.service.ts
FN:13,(anonymous_2)
FN:15,(anonymous_3)
FN:51,(anonymous_4)
FN:58,(anonymous_5)
FN:78,(anonymous_6)
FN:102,(anonymous_7)
FN:135,(anonymous_8)
FN:154,(anonymous_9)
FN:176,(anonymous_10)
FNF:9
FNH:9
FNDA:24,(anonymous_2)
FNDA:5,(anonymous_3)
FNDA:5,(anonymous_4)
FNDA:3,(anonymous_5)
FNDA:3,(anonymous_6)
FNDA:5,(anonymous_7)
FNDA:4,(anonymous_8)
FNDA:8,(anonymous_9)
FNDA:12,(anonymous_10)
DA:1,2
DA:2,2
DA:9,2
DA:12,2
DA:13,24
DA:21,5
DA:22,5
DA:24,5
DA:25,1
DA:28,5
DA:29,4
DA:32,5
DA:50,5
DA:51,5
DA:59,3
DA:71,3
DA:72,2
DA:75,1
DA:79,3
DA:99,3
DA:103,5
DA:107,5
DA:108,2
DA:111,3
DA:132,3
DA:136,4
DA:140,4
DA:141,2
DA:145,2
DA:157,8
DA:159,8
DA:160,2
DA:163,6
DA:173,6
DA:177,12
LF:35
LH:35
BRDA:16,0,0,0
BRDA:17,1,0,0
BRDA:19,2,0,4
BRDA:24,3,0,1
BRDA:28,4,0,4
BRDA:71,5,0,2
BRDA:85,6,0,3
BRDA:85,6,1,0
BRDA:86,7,0,3
BRDA:86,7,1,2
BRDA:87,8,0,1
BRDA:87,8,1,2
BRDA:107,9,0,2
BRDA:117,10,0,1
BRDA:117,10,1,2
BRDA:120,11,0,0
BRDA:120,11,1,3
BRDA:120,12,0,1
BRDA:120,12,1,2
BRDA:140,13,0,2
BRDA:159,14,0,2
BRDA:169,15,0,3
BRDA:169,15,1,3
BRDA:184,16,0,12
BRDA:184,16,1,12
BRDA:185,17,0,12
BRDA:185,17,1,12
BRDA:187,18,0,12
BRDA:187,18,1,12
BRDA:188,19,0,12
BRDA:188,19,1,8
BRF:31
BRH:27
end_of_record
TN:
SF:src/cramschool/services/group-orders.service.ts
FN:12,(anonymous_2)
FN:14,(anonymous_3)
FN:36,(anonymous_4)
FN:43,(anonymous_5)
FN:64,(anonymous_6)
FN:86,(anonymous_7)
FN:119,(anonymous_8)
FN:133,(anonymous_9)
FN:227,(anonymous_10)
FNF:9
FNH:0
FNDA:0,(anonymous_2)
FNDA:0,(anonymous_3)
FNDA:0,(anonymous_4)
FNDA:0,(anonymous_5)
FNDA:0,(anonymous_6)
FNDA:0,(anonymous_7)
FNDA:0,(anonymous_8)
FNDA:0,(anonymous_9)
FNDA:0,(anonymous_10)
DA:1,0
DA:2,0
DA:8,0
DA:11,0
DA:12,0
DA:15,0
DA:17,0
DA:35,0
DA:36,0
DA:44,0
DA:57,0
DA:58,0
DA:61,0
DA:66,0
DA:68,0
DA:83,0
DA:87,0
DA:91,0
DA:92,0
DA:95,0
DA:116,0
DA:120,0
DA:124,0
DA:125,0
DA:128,0
DA:134,0
DA:150,0
DA:151,0
DA:155,0
DA:156,0
DA:158,0
DA:159,0
DA:163,0
DA:184,0
DA:185,0
DA:187,0
DA:189,0
DA:199,0
DA:201,0
DA:207,0
DA:208,0
DA:209,0
DA:211,0
DA:224,0
DA:231,0
LF:45
LH:0
BRDA:14,0,0,0
BRDA:14,1,0,0
BRDA:57,2,0,0
BRDA:73,3,0,0
BRDA:73,3,1,0
BRDA:75,4,0,0
BRDA:75,4,1,0
BRDA:91,5,0,0
BRDA:102,6,0,0
BRDA:102,6,1,0
BRDA:103,7,0,0
BRDA:103,7,1,0
BRDA:124,8,0,0
BRDA:150,9,0,0
BRDA:156,10,0,0
BRDA:156,10,1,0
BRDA:158,11,0,0
BRDA:158,12,0,0
BRDA:158,12,1,0
BRDA:199,13,0,0
BRDA:201,14,0,0
BRDA:201,14,1,0
BRDA:207,15,0,0
BRDA:207,15,1,0
BRDA:208,16,0,0
BRDA:208,16,1,0
BRDA:238,17,0,0
BRDA:238,17,1,0
BRDA:240,18,0,0
BRDA:240,18,1,0
BRF:30
BRH:0
end_of_record
TN:
SF:src/cramschool/services/hashtags.service.ts
FN:12,(anonymous_2)
FN:14,(anonymous_3)
FN:30,(anonymous_4)
FN:37,(anonymous_5)
FN:52,(anonymous_6)
FN:66,(anonymous_7)
FN:89,(anonymous_8)
FN:103,(anonymous_9)
FNF:8
FNH:0
FNDA:0,(anonymous_2)
FNDA:0,(anonymous_3)
FNDA:0,(anonymous_4)
FNDA:0,(anonymous_5)
FNDA:0,(anonymous_6)
FNDA:0,(anonymous_7)
FNDA:0,(anonymous_8)
FNDA:0,(anonymous_9)
DA:1,0
DA:2,0
DA:8,0
DA:11,0
DA:12,0
DA:15,0
DA:17,0
DA:29,0
DA:30,0
DA:38,0
DA:45,0
DA:46,0
DA:49,0
DA:53,0
DA:63,0
DA:67,0
DA:71,0
DA:72,0
DA:75,0
DA:86,0
DA:90,0
DA:94,0
DA:95,0
DA:98,0
DA:104,0
DA:111,0
LF:26
LH:0
BRDA:14,0,0,0
BRDA:14,1,0,0
BRDA:45,2,0,0
BRDA:56,3,0,0
BRDA:56,3,1,0
BRDA:71,4,0,0
BRDA:79,5,0,0
BRDA:79,5,1,0
BRDA:94,6,0,0
BRDA:107,7,0,0
BRDA:107,7,1,0
BRDA:108,8,0,0
BRDA:108,8,1,0
BRF:13
BRH:0
end_of_record
TN:
SF:src/cramschool/services/leaves.service.ts
FN:12,(anonymous_2)
FN:14,(anonymous_3)
FN:36,(anonymous_4)
FN:43,(anonymous_5)
FN:59,(anonymous_6)
FN:88,(anonymous_7)
FN:131,(anonymous_8)
FN:150,(anonymous_9)
FN:170,(anonymous_10)
FNF:9
FNH:0
FNDA:0,(anonymous_2)
FNDA:0,(anonymous_3)
FNDA:0,(anonymous_4)
FNDA:0,(anonymous_5)
FNDA:0,(anonymous_6)
FNDA:0,(anonymous_7)
FNDA:0,(anonymous_8)
FNDA:0,(anonymous_9)
FNDA:0,(anonymous_10)
DA:1,0
DA:2,0
DA:8,0
DA:11,0
DA:12,0
DA:15,0
DA:16,0
DA:17,0
DA:18,0
DA:21,0
DA:35,0
DA:36,0
DA:44,0
DA:52,0
DA:53,0
DA:56,0
DA:61,0
DA:69,0
DA:70,0
DA:75,0
DA:85,0
DA:89,0
DA:93,0
DA:94,0
DA:98,0
DA:99,0
DA:101,0
DA:102,0
DA:110,0
DA:111,0
DA:117,0
DA:128,0
DA:132,0
DA:136,0
DA:137,0
DA:141,0
DA:151,0
DA:155,0
DA:156,0
DA:159,0
DA:167,0
DA:171,0
DA:185,0
LF:43
LH:0
BRDA:14,0,0,0
BRDA:14,1,0,0
BRDA:14,2,0,0
BRDA:17,3,0,0
BRDA:52,4,0,0
BRDA:69,5,0,0
BRDA:81,6,0,0
BRDA:81,6,1,0
BRDA:93,7,0,0
BRDA:98,8,0,0
BRDA:98,8,1,0
BRDA:99,9,0,0
BRDA:99,9,1,0
BRDA:101,10,0,0
BRDA:101,11,0,0
BRDA:101,11,1,0
BRDA:110,12,0,0
BRDA:120,13,0,0
BRDA:120,13,1,0
BRDA:121,14,0,0
BRDA:121,14,1,0
BRDA:122,15,0,0
BRDA:122,15,1,0
BRDA:136,16,0,0
BRDA:155,17,0,0
BRDA:179,18,0,0
BRDA:179,18,1,0
BRDA:181,19,0,0
BRDA:181,19,1,0
BRDA:182,20,0,0
BRDA:182,20,1,0
BRF:31
BRH:0
end_of_record
TN:
SF:src/cramschool/services/markdown-importer.service.ts
FN:25,(anonymous_1)
FN:117,(anonymous_2)
FN:232,(anonymous_3)
FN:234,(anonymous_4)
FNF:4
FNH:0
FNDA:0,(anonymous_1)
FNDA:0,(anonymous_2)
FNDA:0,(anonymous_3)
FNDA:0,(anonymous_4)
DA:1,0
DA:2,0
DA:24,0
DA:33,0
DA:34,0
DA:36,0
DA:37,0
DA:38,0
DA:39,0
DA:41,0
DA:42,0
DA:45,0
DA:47,0
DA:48,0
DA:54,0
DA:55,0
DA:60,0
DA:61,0
DA:62,0
DA:63,0
DA:68,0
DA:69,0
DA:75,0
DA:76,0
DA:81,0
DA:82,0
DA:85,0
DA:86,0
DA:87,0
DA:88,0
DA:89,0
DA:90,0
DA:91,0
DA:93,0
DA:98,0
DA:99,0
DA:100,0
DA:101,0
DA:102,0
DA:110,0
DA:112,0
DA:113,0
DA:123,0
DA:124,0
DA:127,0
DA:128,0
DA:131,0
DA:132,0
DA:133,0
DA:136,0
DA:137,0
DA:140,0
DA:141,0
DA:144,0
DA:145,0
DA:146,0
DA:147,0
DA:149,0
DA:150,0
DA:151,0
DA:153,0
DA:154,0
DA:155,0
DA:156,0
DA:157,0
DA:158,0
DA:159,0
DA:160,0
DA:161,0
DA:162,0
DA:163,0
DA:165,0
DA:166,0
DA:167,0
DA:168,0
DA:173,0
DA:176,0
DA:177,0
DA:178,0
DA:181,0
DA:182,0
DA:185,0
DA:186,0
DA:187,0
DA:188,0
DA:193,0
DA:194,0
DA:196,0
DA:197,0
DA:198,0
DA:199,0
DA:200,0
DA:204,0
DA:205,0
DA:212,0
DA:228,0
DA:234,0
DA:236,0
DA:237,0
DA:240,0
DA:241,0
DA:244,0
LF:102
LH:0
BRDA:45,0,0,0
BRDA:45,0,1,0
BRDA:47,1,0,0
BRDA:54,2,0,0
BRDA:62,3,0,0
BRDA:68,4,0,0
BRDA:75,5,0,0
BRDA:81,6,0,0
BRDA:81,7,0,0
BRDA:81,7,1,0
BRDA:81,7,2,0
BRDA:87,8,0,0
BRDA:87,8,1,0
BRDA:101,9,0,0
BRDA:124,10,0,0
BRDA:124,10,1,0
BRDA:128,11,0,0
BRDA:128,11,1,0
BRDA:132,12,0,0
BRDA:132,12,1,0
BRDA:133,13,0,0
BRDA:133,13,1,0
BRDA:137,14,0,0
BRDA:137,14,1,0
BRDA:141,15,0,0
BRDA:141,15,1,0
BRDA:153,16,0,0
BRDA:153,16,1,0
BRDA:156,17,0,0
BRDA:156,17,1,0
BRDA:159,18,0,0
BRDA:159,18,1,0
BRDA:160,19,0,0
BRDA:160,19,1,0
BRDA:162,20,0,0
BRDA:162,21,0,0
BRDA:162,21,1,0
BRDA:165,22,0,0
BRDA:165,22,1,0
BRDA:167,23,0,0
BRDA:178,24,0,0
BRDA:178,24,1,0
BRDA:186,25,0,0
BRDA:186,26,0,0
BRDA:186,26,1,0
BRDA:187,27,0,0
BRDA:187,28,0,0
BRDA:187,28,1,0
BRDA:205,29,0,0
BRDA:205,29,1,0
BRDA:225,30,0,0
BRDA:225,30,1,0
BRDA:236,31,0,0
BRDA:240,32,0,0
BRF:54
BRH:0
end_of_record
TN:
SF:src/cramschool/services/order-items.service.ts
FN:12,(anonymous_2)
FN:14,(anonymous_3)
FN:36,(anonymous_4)
FN:43,(anonymous_5)
FN:58,(anonymous_6)
FN:75,(anonymous_7)
FN:101,(anonymous_8)
FN:115,(anonymous_9)
FNF:8
FNH:0
FNDA:0,(anonymous_2)
FNDA:0,(anonymous_3)
FNDA:0,(anonymous_4)
FNDA:0,(anonymous_5)
FNDA:0,(anonymous_6)
FNDA:0,(anonymous_7)
FNDA:0,(anonymous_8)
FNDA:0,(anonymous_9)
DA:1,0
DA:2,0
DA:8,0
DA:11,0
DA:12,0
DA:15,0
DA:16,0
DA:18,0
DA:19,0
DA:22,0
DA:35,0
DA:36,0
DA:44,0
DA:51,0
DA:52,0
DA:55,0
DA:59,0
DA:72,0
DA:76,0
DA:80,0
DA:81,0
DA:84,0
DA:98,0
DA:102,0
DA:106,0
DA:107,0
DA:110,0
DA:116,0
LF:28
LH:0
BRDA:14,0,0,0
BRDA:14,1,0,0
BRDA:18,2,0,0
BRDA:51,3,0,0
BRDA:63,4,0,0
BRDA:63,4,1,0
BRDA:65,5,0,0
BRDA:65,5,1,0
BRDA:65,6,0,0
BRDA:65,6,1,0
BRDA:80,7,0,0
BRDA:91,8,0,0
BRDA:91,8,1,0
BRDA:106,9,0,0
BRF:14
BRH:0
end_of_record
TN:
SF:src/cramschool/services/orders.service.ts
FN:12,(anonymous_2)
FN:14,(anonymous_3)
FN:56,(anonymous_4)
FN:63,(anonymous_5)
FN:84,(anonymous_6)
FN:107,(anonymous_7)
FN:139,(anonymous_8)
FN:158,(anonymous_9)
FN:191,(anonymous_10)
FNF:9
FNH:0
FNDA:0,(anonymous_2)
FNDA:0,(anonymous_3)
FNDA:0,(anonymous_4)
FNDA:0,(anonymous_5)
FNDA:0,(anonymous_6)
FNDA:0,(anonymous_7)
FNDA:0,(anonymous_8)
FNDA:0,(anonymous_9)
FNDA:0,(anonymous_10)
DA:1,0
DA:2,0
DA:8,0
DA:11,0
DA:12,0
DA:21,0
DA:22,0
DA:24,0
DA:25,0
DA:28,0
DA:29,0
DA:32,0
DA:33,0
DA:36,0
DA:55,0
DA:56,0
DA:64,0
DA:77,0
DA:78,0
DA:81,0
DA:85,0
DA:104,0
DA:108,0
DA:112,0
DA:113,0
DA:116,0
DA:136,0
DA:140,0
DA:144,0
DA:145,0
DA:149,0
DA:159,0
DA:163,0
DA:164,0
DA:167,0
DA:168,0
DA:171,0
DA:188,0
DA:192,0
LF:39
LH:0
BRDA:15,0,0,0
BRDA:18,1,0,0
BRDA:19,2,0,0
BRDA:24,3,0,0
BRDA:28,4,0,0
BRDA:32,5,0,0
BRDA:77,6,0,0
BRDA:89,7,0,0
BRDA:89,7,1,0
BRDA:90,8,0,0
BRDA:90,8,1,0
BRDA:91,9,0,0
BRDA:91,9,1,0
BRDA:112,10,0,0
BRDA:122,11,0,0
BRDA:122,11,1,0
BRDA:123,12,0,0
BRDA:123,12,1,0
BRDA:144,13,0,0
BRDA:163,14,0,0
BRDA:167,15,0,0
BRDA:198,16,0,0
BRDA:198,16,1,0
BRDA:202,17,0,0
BRDA:202,17,1,0
BRF:25
BRH:0
end_of_record
TN:
SF:src/cramschool/services/question-tags.service.ts
FN:12,(anonymous_2)
FN:14,(anonymous_3)
FN:30,(anonymous_4)
FN:37,(anonymous_5)
FN:53,(anonymous_6)
FN:68,(anonymous_7)
FN:92,(anonymous_8)
FN:106,(anonymous_9)
FNF:8
FNH:0
FNDA:0,(anonymous_2)
FNDA:0,(anonymous_3)
FNDA:0,(anonymous_4)
FNDA:0,(anonymous_5)
FNDA:0,(anonymous_6)
FNDA:0,(anonymous_7)
FNDA:0,(anonymous_8)
FNDA:0,(anonymous_9)
DA:1,0
DA:2,0
DA:8,0
DA:11,0
DA:12,0
DA:15,0
DA:17,0
DA:29,0
DA:30,0
DA:38,0
DA:46,0
DA:47,0
DA:50,0
DA:54,0
DA:65,0
DA:69,0
DA:73,0
DA:74,0
DA:77,0
DA:89,0
DA:93,0
DA:97,0
DA:98,0
DA:101,0
DA:107,0
LF:25
LH:0
BRDA:14,0,0,0
BRDA:14,1,0,0
BRDA:46,2,0,0
BRDA:73,3,0,0
BRDA:97,4,0,0
BRF:5
BRH:0
end_of_record
TN:
SF:src/cramschool/services/resources.service.ts
FN:12,(anonymous_2)
FN:14,(anonymous_3)
FN:33,(anonymous_4)
FN:53,(anonymous_5)
FN:60,(anonymous_6)
FN:102,(anonymous_7)
FN:110,(anonymous_8)
FN:127,(anonymous_9)
FN:128,(anonymous_10)
FN:168,(anonymous_11)
FN:175,(anonymous_12)
FN:204,(anonymous_13)
FN:226,(anonymous_14)
FN:228,(anonymous_15)
FN:256,(anonymous_16)
FN:270,(anonymous_17)
FN:284,(anonymous_18)
FN:298,(anonymous_19)
FN:341,(anonymous_20)
FN:361,(anonymous_21)
FN:381,(anonymous_22)
FN:396,(anonymous_23)
FN:415,(anonymous_24)
FN:489,(anonymous_25)
FN:511,(anonymous_26)
FN:529,(anonymous_27)
FN:534,(anonymous_28)
FN:535,(anonymous_29)
FN:539,(anonymous_30)
FNF:29
FNH:0
FNDA:0,(anonymous_2)
FNDA:0,(anonymous_3)
FNDA:0,(anonymous_4)
FNDA:0,(anonymous_5)
FNDA:0,(anonymous_6)
FNDA:0,(anonymous_7)
FNDA:0,(anonymous_8)
FNDA:0,(anonymous_9)
FNDA:0,(anonymous_10)
FNDA:0,(anonymous_11)
FNDA:0,(anonymous_12)
FNDA:0,(anonymous_13)
FNDA:0,(anonymous_14)
FNDA:0,(anonymous_15)
FNDA:0,(anonymous_16)
FNDA:0,(anonymous_17)
FNDA:0,(anonymous_18)
FNDA:0,(anonymous_19)
FNDA:0,(anonymous_20)
FNDA:0,(anonymous_21)
FNDA:0,(anonymous_22)
FNDA:0,(anonymous_23)
FNDA:0,(anonymous_24)
FNDA:0,(anonymous_25)
FNDA:0,(anonymous_26)
FNDA:0,(anonymous_27)
FNDA:0,(anonymous_28)
FNDA:0,(anonymous_29)
FNDA:0,(anonymous_30)
DA:1,0
DA:2,0
DA:8,0
DA:11,0
DA:12,0
DA:22,0
DA:23,0
DA:26,0
DA:28,0
DA:29,0
DA:33,0
DA:35,0
DA:36,0
DA:38,0
DA:40,0
DA:44,0
DA:45,0
DA:48,0
DA:53,0
DA:54,0
DA:60,0
DA:61,0
DA:63,0
DA:64,0
DA:66,0
DA:68,0
DA:72,0
DA:73,0
DA:76,0
DA:79,0
DA:83,0
DA:93,0
DA:102,0
DA:105,0
DA:110,0
DA:113,0
DA:126,0
DA:127,0
DA:128,0
DA:131,0
DA:133,0
DA:134,0
DA:137,0
DA:140,0
DA:167,0
DA:168,0
DA:176,0
DA:197,0
DA:198,0
DA:201,0
DA:210,0
DA:211,0
DA:215,0
DA:216,0
DA:220,0
DA:221,0
DA:226,0
DA:227,0
DA:228,0
DA:231,0
DA:232,0
DA:239,0
DA:254,0
DA:255,0
DA:257,0
DA:268,0
DA:269,0
DA:271,0
DA:282,0
DA:283,0
DA:285,0
DA:295,0
DA:305,0
DA:306,0
DA:309,0
DA:313,0
DA:314,0
DA:317,0
DA:332,0
DA:334,0
DA:339,0
DA:340,0
DA:342,0
DA:354,0
DA:355,0
DA:359,0
DA:360,0
DA:362,0
DA:374,0
DA:375,0
DA:379,0
DA:380,0
DA:382,0
DA:393,0
DA:398,0
DA:399,0
DA:402,0
DA:406,0
DA:407,0
DA:410,0
DA:422,0
DA:423,0
DA:426,0
DA:430,0
DA:431,0
DA:434,0
DA:441,0
DA:442,0
DA:446,0
DA:450,0
DA:451,0
DA:454,0
DA:456,0
DA:465,0
DA:466,0
DA:474,0
DA:475,0
DA:476,0
DA:483,0
DA:485,0
DA:493,0
DA:497,0
DA:498,0
DA:503,0
DA:512,0
DA:516,0
DA:517,0
DA:522,0
DA:530,0
DA:534,0
DA:535,0
DA:539,0
LF:132
LH:0
BRDA:17,0,0,0
BRDA:18,1,0,0
BRDA:26,2,0,0
BRDA:26,2,1,0
BRDA:28,3,0,0
BRDA:35,4,0,0
BRDA:38,5,0,0
BRDA:38,5,1,0
BRDA:44,6,0,0
BRDA:63,7,0,0
BRDA:66,8,0,0
BRDA:66,8,1,0
BRDA:72,9,0,0
BRDA:133,10,0,0
BRDA:197,11,0,0
BRDA:210,12,0,0
BRDA:215,13,0,0
BRDA:215,14,0,0
BRDA:215,14,1,0
BRDA:220,15,0,0
BRDA:231,16,0,0
BRDA:242,17,0,0
BRDA:242,17,1,0
BRDA:243,18,0,0
BRDA:243,18,1,0
BRDA:244,19,0,0
BRDA:244,19,1,0
BRDA:245,20,0,0
BRDA:245,20,1,0
BRDA:247,21,0,0
BRDA:247,21,1,0
BRDA:248,22,0,0
BRDA:248,22,1,0
BRDA:249,23,0,0
BRDA:249,23,1,0
BRDA:254,24,0,0
BRDA:254,25,0,0
BRDA:254,25,1,0
BRDA:268,26,0,0
BRDA:268,27,0,0
BRDA:268,27,1,0
BRDA:282,28,0,0
BRDA:282,29,0,0
BRDA:282,29,1,0
BRDA:305,30,0,0
BRDA:313,31,0,0
BRDA:326,32,0,0
BRDA:326,32,1,0
BRDA:327,33,0,0
BRDA:327,33,1,0
BRDA:332,34,0,0
BRDA:339,35,0,0
BRDA:354,36,0,0
BRDA:359,37,0,0
BRDA:374,38,0,0
BRDA:379,39,0,0
BRDA:398,40,0,0
BRDA:406,41,0,0
BRDA:422,42,0,0
BRDA:430,43,0,0
BRDA:441,44,0,0
BRDA:450,45,0,0
BRDA:450,46,0,0
BRDA:450,46,1,0
BRDA:454,47,0,0
BRDA:454,47,1,0
BRDA:465,48,0,0
BRDA:475,49,0,0
BRDA:475,49,1,0
BRDA:491,50,0,0
BRDA:497,51,0,0
BRDA:516,52,0,0
BRDA:534,53,0,0
BRDA:534,53,1,0
BRDA:535,54,0,0
BRDA:535,54,1,0
BRDA:539,55,0,0
BRDA:539,55,1,0
BRDA:542,56,0,0
BRDA:542,56,1,0
BRDA:543,57,0,0
BRDA:543,57,1,0
BRF:82
BRH:0
end_of_record
TN:
SF:src/cramschool/services/restaurants.service.ts
FN:12,(anonymous_2)
FN:14,(anonymous_3)
FN:27,(anonymous_4)
FN:34,(anonymous_5)
FN:46,(anonymous_6)
FN:60,(anonymous_7)
FN:83,(anonymous_8)
FN:97,(anonymous_9)
FNF:8
FNH:0
FNDA:0,(anonymous_2)
FNDA:0,(anonymous_3)
FNDA:0,(anonymous_4)
FNDA:0,(anonymous_5)
FNDA:0,(anonymous_6)
FNDA:0,(anonymous_7)
FNDA:0,(anonymous_8)
FNDA:0,(anonymous_9)
DA:1,0
DA:2,0
DA:8,0
DA:11,0
DA:12,0
DA:15,0
DA:17,0
DA:26,0
DA:27,0
DA:35,0
DA:39,0
DA:40,0
DA:43,0
DA:47,0
DA:57,0
DA:61,0
DA:65,0
DA:66,0
DA:69,0
DA:80,0
DA:84,0
DA:88,0
DA:89,0
DA:92,0
DA:98,0
LF:25
LH:0
BRDA:14,0,0,0
BRDA:14,1,0,0
BRDA:39,2,0,0
BRDA:50,3,0,0
BRDA:50,3,1,0
BRDA:51,4,0,0
BRDA:51,4,1,0
BRDA:52,5,0,0
BRDA:52,5,1,0
BRDA:53,6,0,0
BRDA:53,6,1,0
BRDA:65,7,0,0
BRDA:73,8,0,0
BRDA:73,8,1,0
BRDA:74,9,0,0
BRDA:74,9,1,0
BRDA:75,10,0,0
BRDA:75,10,1,0
BRDA:76,11,0,0
BRDA:76,11,1,0
BRDA:88,12,0,0
BRDA:101,13,0,0
BRDA:101,13,1,0
BRDA:102,14,0,0
BRDA:102,14,1,0
BRDA:103,15,0,0
BRDA:103,15,1,0
BRF:27
BRH:0
end_of_record
TN:
SF:src/cramschool/services/sessions.service.ts
FN:12,(anonymous_2)
FN:14,(anonymous_3)
FN:30,(anonymous_4)
FN:37,(anonymous_5)
FN:52,(anonymous_6)
FN:66,(anonymous_7)
FN:89,(anonymous_8)
FN:103,(anonymous_9)
FNF:8
FNH:0
FNDA:0,(anonymous_2)
FNDA:0,(anonymous_3)
FNDA:0,(anonymous_4)
FNDA:0,(anonymous_5)
FNDA:0,(anonymous_6)
FNDA:0,(anonymous_7)
FNDA:0,(anonymous_8)
FNDA:0,(anonymous_9)
DA:1,0
DA:2,0
DA:8,0
DA:11,0
DA:12,0
DA:15,0
DA:17,0
DA:29,0
DA:30,0
DA:38,0
DA:45,0
DA:46,0
DA:49,0
DA:53,0
DA:63,0
DA:67,0
DA:71,0
DA:72,0
DA:75,0
DA:86,0
DA:90,0
DA:94,0
DA:95,0
DA:98,0
DA:104,0
DA:111,0
LF:26
LH:0
BRDA:14,0,0,0
BRDA:14,1,0,0
BRDA:45,2,0,0
BRDA:71,3,0,0
BRDA:79,4,0,0
BRDA:79,4,1,0
BRDA:94,5,0,0
BRDA:108,6,0,0
BRDA:108,6,1,0
BRF:9
BRH:0
end_of_record
TN:
SF:src/cramschool/services/student-answers.service.ts
FN:12,(anonymous_2)
FN:14,(anonymous_3)
FN:36,(anonymous_4)
FN:43,(anonymous_5)
FN:59,(anonymous_6)
FN:78,(anonymous_7)
FN:106,(anonymous_8)
FN:125,(anonymous_9)
FN:153,(anonymous_10)
FNF:9
FNH:0
FNDA:0,(anonymous_2)
FNDA:0,(anonymous_3)
FNDA:0,(anonymous_4)
FNDA:0,(anonymous_5)
FNDA:0,(anonymous_6)
FNDA:0,(anonymous_7)
FNDA:0,(anonymous_8)
FNDA:0,(anonymous_9)
FNDA:0,(anonymous_10)
DA:1,0
DA:2,0
DA:8,0
DA:11,0
DA:12,0
DA:15,0
DA:16,0
DA:17,0
DA:18,0
DA:21,0
DA:35,0
DA:36,0
DA:44,0
DA:52,0
DA:53,0
DA:56,0
DA:60,0
DA:75,0
DA:79,0
DA:83,0
DA:84,0
DA:87,0
DA:103,0
DA:107,0
DA:111,0
DA:112,0
DA:116,0
DA:126,0
DA:130,0
DA:131,0
DA:134,0
DA:135,0
DA:138,0
DA:150,0
DA:154,0
LF:35
LH:0
BRDA:14,0,0,0
BRDA:14,1,0,0
BRDA:14,2,0,0
BRDA:17,3,0,0
BRDA:52,4,0,0
BRDA:65,5,0,0
BRDA:65,5,1,0
BRDA:66,6,0,0
BRDA:66,6,1,0
BRDA:67,7,0,0
BRDA:67,7,1,0
BRDA:83,8,0,0
BRDA:93,9,0,0
BRDA:93,9,1,0
BRDA:95,10,0,0
BRDA:95,10,1,0
BRDA:111,11,0,0
BRDA:130,12,0,0
BRDA:134,13,0,0
BRDA:159,14,0,0
BRDA:159,14,1,0
BRDA:161,15,0,0
BRDA:161,15,1,0
BRDA:163,16,0,0
BRDA:163,16,1,0
BRF:25
BRH:0
end_of_record
TN:
SF:src/cramschool/services/student-groups.service.ts
FN:15,(anonymous_2)
FN:17,(anonymous_3)
FN:53,(anonymous_4)
FN:61,(anonymous_5)
FN:80,(anonymous_6)
FN:93,(anonymous_7)
FN:114,(anonymous_8)
FN:129,(anonymous_9)
FN:147,(anonymous_10)
FN:148,(anonymous_11)
FN:154,(anonymous_12)
FN:164,(anonymous_13)
FN:185,(anonymous_14)
FNF:13
FNH:0
FNDA:0,(anonymous_2)
FNDA:0,(anonymous_3)
FNDA:0,(anonymous_4)
FNDA:0,(anonymous_5)
FNDA:0,(anonymous_6)
FNDA:0,(anonymous_7)
FNDA:0,(anonymous_8)
FNDA:0,(anonymous_9)
FNDA:0,(anonymous_10)
FNDA:0,(anonymous_11)
FNDA:0,(anonymous_12)
FNDA:0,(anonymous_13)
FNDA:0,(anonymous_14)
DA:1,0
DA:2,0
DA:11,0
DA:14,0
DA:15,0
DA:18,0
DA:19,0
DA:20,0
DA:23,0
DA:26,0
DA:27,0
DA:31,0
DA:32,0
DA:36,0
DA:39,0
DA:53,0
DA:58,0
DA:62,0
DA:73,0
DA:74,0
DA:77,0
DA:81,0
DA:90,0
DA:94,0
DA:98,0
DA:99,0
DA:102,0
DA:111,0
DA:115,0
DA:119,0
DA:120,0
DA:124,0
DA:131,0
DA:135,0
DA:136,0
DA:140,0
DA:146,0
DA:147,0
DA:148,0
DA:149,0
DA:153,0
DA:154,0
DA:161,0
DA:166,0
DA:170,0
DA:171,0
DA:175,0
DA:182,0
DA:186,0
LF:49
LH:0
BRDA:18,0,0,0
BRDA:18,0,1,0
BRDA:19,1,0,0
BRDA:19,1,1,0
BRDA:26,2,0,0
BRDA:31,3,0,0
BRDA:73,4,0,0
BRDA:84,5,0,0
BRDA:84,5,1,0
BRDA:85,6,0,0
BRDA:85,6,1,0
BRDA:86,7,0,0
BRDA:86,7,1,0
BRDA:98,8,0,0
BRDA:119,9,0,0
BRDA:135,10,0,0
BRDA:146,11,0,0
BRDA:170,12,0,0
BRF:18
BRH:0
end_of_record
TN:
SF:src/cramschool/services/student-mistake-note-images.service.ts
FN:12,(anonymous_2)
FN:14,(anonymous_3)
FN:52,(anonymous_4)
FN:73,(anonymous_5)
FN:80,(anonymous_6)
FN:112,(anonymous_7)
FN:158,(anonymous_8)
FN:210,(anonymous_9)
FN:244,(anonymous_10)
FNF:9
FNH:0
FNDA:0,(anonymous_2)
FNDA:0,(anonymous_3)
FNDA:0,(anonymous_4)
FNDA:0,(anonymous_5)
FNDA:0,(anonymous_6)
FNDA:0,(anonymous_7)
FNDA:0,(anonymous_8)
FNDA:0,(anonymous_9)
FNDA:0,(anonymous_10)
DA:1,0
DA:2,0
DA:8,0
DA:11,0
DA:12,0
DA:21,0
DA:22,0
DA:25,0
DA:26,0
DA:29,0
DA:33,0
DA:34,0
DA:37,0
DA:38,0
DA:40,0
DA:43,0
DA:44,0
DA:48,0
DA:52,0
DA:55,0
DA:72,0
DA:73,0
DA:81,0
DA:92,0
DA:93,0
DA:97,0
DA:98,0
DA:101,0
DA:105,0
DA:106,0
DA:109,0
DA:118,0
DA:119,0
DA:122,0
DA:126,0
DA:127,0
DA:131,0
DA:135,0
DA:136,0
DA:139,0
DA:155,0
DA:164,0
DA:175,0
DA:176,0
DA:180,0
DA:181,0
DA:184,0
DA:188,0
DA:189,0
DA:192,0
DA:207,0
DA:211,0
DA:222,0
DA:223,0
DA:227,0
DA:228,0
DA:231,0
DA:235,0
DA:236,0
DA:239,0
DA:245,0
LF:61
LH:0
BRDA:18,0,0,0
BRDA:19,1,0,0
BRDA:25,2,0,0
BRDA:33,3,0,0
BRDA:37,4,0,0
BRDA:37,4,1,0
BRDA:43,5,0,0
BRDA:43,6,0,0
BRDA:43,6,1,0
BRDA:92,7,0,0
BRDA:97,8,0,0
BRDA:105,9,0,0
BRDA:105,10,0,0
BRDA:105,10,1,0
BRDA:118,11,0,0
BRDA:126,12,0,0
BRDA:135,13,0,0
BRDA:135,14,0,0
BRDA:135,14,1,0
BRDA:143,15,0,0
BRDA:143,15,1,0
BRDA:144,16,0,0
BRDA:144,16,1,0
BRDA:175,17,0,0
BRDA:180,18,0,0
BRDA:188,19,0,0
BRDA:188,20,0,0
BRDA:188,20,1,0
BRDA:195,21,0,0
BRDA:195,21,1,0
BRDA:196,22,0,0
BRDA:196,22,1,0
BRDA:222,23,0,0
BRDA:227,24,0,0
BRDA:235,25,0,0
BRDA:235,26,0,0
BRDA:235,26,1,0
BRDA:249,27,0,0
BRDA:249,27,1,0
BRF:39
BRH:0
end_of_record
TN:
SF:src/cramschool/services/student-mistake-notes.service.ts
FN:15,(anonymous_2)
FN:17,(anonymous_3)
FN:82,(anonymous_4)
FN:89,(anonymous_5)
FN:116,(anonymous_6)
FN:149,(anonymous_7)
FN:191,(anonymous_8)
FN:223,(anonymous_9)
FN:250,(anonymous_10)
FN:305,(anonymous_11)
FN:319,(anonymous_12)
FN:416,(anonymous_13)
FN:447,(anonymous_14)
FN:459,(anonymous_15)
FNF:14
FNH:0
FNDA:0,(anonymous_2)
FNDA:0,(anonymous_3)
FNDA:0,(anonymous_4)
FNDA:0,(anonymous_5)
FNDA:0,(anonymous_6)
FNDA:0,(anonymous_7)
FNDA:0,(anonymous_8)
FNDA:0,(anonymous_9)
FNDA:0,(anonymous_10)
FNDA:0,(anonymous_11)
FNDA:0,(anonymous_12)
FNDA:0,(anonymous_13)
FNDA:0,(anonymous_14)
FNDA:0,(anonymous_15)
DA:1,0
DA:2,0
DA:8,0
DA:9,0
DA:10,0
DA:11,0
DA:14,0
DA:15,0
DA:26,0
DA:27,0
DA:30,0
DA:31,0
DA:35,0
DA:36,0
DA:39,0
DA:40,0
DA:42,0
DA:44,0
DA:46,0
DA:47,0
DA:49,0
DA:52,0
DA:55,0
DA:56,0
DA:60,0
DA:61,0
DA:68,0
DA:81,0
DA:82,0
DA:90,0
DA:97,0
DA:98,0
DA:102,0
DA:103,0
DA:106,0
DA:107,0
DA:109,0
DA:110,0
DA:113,0
DA:122,0
DA:123,0
DA:126,0
DA:130,0
DA:131,0
DA:134,0
DA:146,0
DA:155,0
DA:159,0
DA:160,0
DA:164,0
DA:165,0
DA:168,0
DA:172,0
DA:173,0
DA:176,0
DA:188,0
DA:192,0
DA:196,0
DA:197,0
DA:201,0
DA:202,0
DA:205,0
DA:209,0
DA:210,0
DA:214,0
DA:224,0
DA:228,0
DA:229,0
DA:232,0
DA:233,0
DA:236,0
DA:247,0
DA:268,0
DA:275,0
DA:276,0
DA:279,0
DA:280,0
DA:284,0
DA:304,0
DA:305,0
DA:310,0
DA:316,0
DA:320,0
DA:327,0
DA:328,0
DA:332,0
DA:336,0
DA:337,0
DA:341,0
DA:345,0
DA:347,0
DA:349,0
DA:350,0
DA:353,0
DA:354,0
DA:355,0
DA:356,0
DA:362,0
DA:363,0
DA:367,0
DA:368,0
DA:369,0
DA:370,0
DA:373,0
DA:374,0
DA:375,0
DA:377,0
DA:378,0
DA:381,0
DA:382,0
DA:387,0
DA:402,0
DA:413,0
DA:417,0
DA:421,0
DA:422,0
DA:426,0
DA:430,0
DA:431,0
DA:435,0
DA:442,0
DA:443,0
DA:447,0
DA:448,0
DA:454,0
DA:456,0
DA:460,0
LF:127
LH:0
BRDA:20,0,0,0
BRDA:23,1,0,0
BRDA:24,2,0,0
BRDA:30,3,0,0
BRDA:35,4,0,0
BRDA:35,4,1,0
BRDA:39,5,0,0
BRDA:39,5,1,0
BRDA:44,6,0,0
BRDA:44,6,1,0
BRDA:44,7,0,0
BRDA:44,7,1,0
BRDA:46,8,0,0
BRDA:46,8,1,0
BRDA:55,9,0,0
BRDA:60,10,0,0
BRDA:97,11,0,0
BRDA:102,12,0,0
BRDA:102,12,1,0
BRDA:106,13,0,0
BRDA:106,14,0,0
BRDA:106,14,1,0
BRDA:109,15,0,0
BRDA:122,16,0,0
BRDA:130,17,0,0
BRDA:138,18,0,0
BRDA:138,18,1,0
BRDA:139,19,0,0
BRDA:139,19,1,0
BRDA:159,20,0,0
BRDA:164,21,0,0
BRDA:172,22,0,0
BRDA:172,23,0,0
BRDA:172,23,1,0
BRDA:180,24,0,0
BRDA:180,24,1,0
BRDA:181,25,0,0
BRDA:181,25,1,0
BRDA:196,26,0,0
BRDA:201,27,0,0
BRDA:209,28,0,0
BRDA:209,29,0,0
BRDA:209,29,1,0
BRDA:228,30,0,0
BRDA:232,31,0,0
BRDA:275,32,0,0
BRDA:279,33,0,0
BRDA:291,34,0,0
BRDA:291,34,1,0
BRDA:292,35,0,0
BRDA:292,35,1,0
BRDA:293,36,0,0
BRDA:293,36,1,0
BRDA:294,37,0,0
BRDA:294,37,1,0
BRDA:295,38,0,0
BRDA:295,38,1,0
BRDA:296,39,0,0
BRDA:296,39,1,0
BRDA:304,40,0,0
BRDA:304,41,0,0
BRDA:304,41,1,0
BRDA:327,42,0,0
BRDA:336,43,0,0
BRDA:336,44,0,0
BRDA:336,44,1,0
BRDA:345,45,0,0
BRDA:345,45,1,0
BRDA:355,46,0,0
BRDA:362,47,0,0
BRDA:373,48,0,0
BRDA:373,48,1,0
BRDA:381,49,0,0
BRDA:381,49,1,0
BRDA:382,50,0,0
BRDA:382,50,1,0
BRDA:384,51,0,0
BRDA:384,51,1,0
BRDA:407,52,0,0
BRDA:407,52,1,0
BRDA:421,53,0,0
BRDA:430,54,0,0
BRDA:430,55,0,0
BRDA:430,55,1,0
BRDA:442,56,0,0
BRDA:464,57,0,0
BRDA:464,57,1,0
BRDA:465,58,0,0
BRDA:465,58,1,0
BRDA:469,59,0,0
BRDA:469,59,1,0
BRF:91
BRH:0
end_of_record
TN:
SF:src/cramschool/services/subjects.service.ts
FN:12,(anonymous_2)
FN:14,(anonymous_3)
FN:31,(anonymous_4)
FN:38,(anonymous_5)
FN:55,(anonymous_6)
FN:72,(anonymous_7)
FN:98,(anonymous_8)
FN:117,(anonymous_9)
FNF:8
FNH:0
FNDA:0,(anonymous_2)
FNDA:0,(anonymous_3)
FNDA:0,(anonymous_4)
FNDA:0,(anonymous_5)
FNDA:0,(anonymous_6)
FNDA:0,(anonymous_7)
FNDA:0,(anonymous_8)
FNDA:0,(anonymous_9)
DA:1,0
DA:2,0
DA:8,0
DA:11,0
DA:12,0
DA:16,0
DA:17,0
DA:20,0
DA:21,0
DA:30,0
DA:31,0
DA:40,0
DA:41,0
DA:44,0
DA:48,0
DA:49,0
DA:52,0
DA:57,0
DA:58,0
DA:61,0
DA:69,0
DA:74,0
DA:75,0
DA:78,0
DA:82,0
DA:83,0
DA:86,0
DA:95,0
DA:100,0
DA:101,0
DA:104,0
DA:108,0
DA:109,0
DA:112,0
DA:118,0
LF:35
LH:0
BRDA:14,0,0,0
BRDA:14,1,0,0
BRDA:16,2,0,0
BRDA:16,3,0,0
BRDA:16,3,1,0
BRDA:40,4,0,0
BRDA:40,5,0,0
BRDA:40,5,1,0
BRDA:48,6,0,0
BRDA:57,7,0,0
BRDA:57,8,0,0
BRDA:57,8,1,0
BRDA:64,9,0,0
BRDA:64,9,1,0
BRDA:65,10,0,0
BRDA:65,10,1,0
BRDA:74,11,0,0
BRDA:74,12,0,0
BRDA:74,12,1,0
BRDA:82,13,0,0
BRDA:100,14,0,0
BRDA:100,15,0,0
BRDA:100,15,1,0
BRDA:108,16,0,0
BRDA:121,17,0,0
BRDA:121,17,1,0
BRDA:122,18,0,0
BRDA:122,18,1,0
BRF:28
BRH:0
end_of_record
TN:
SF:src/cramschool/services/teachers.service.ts
FN:8,(anonymous_2)
FN:10,(anonymous_3)
FN:26,(anonymous_4)
FN:33,(anonymous_5)
FN:49,(anonymous_6)
FN:63,(anonymous_7)
FN:86,(anonymous_8)
FN:100,(anonymous_9)
FNF:8
FNH:0
FNDA:0,(anonymous_2)
FNDA:0,(anonymous_3)
FNDA:0,(anonymous_4)
FNDA:0,(anonymous_5)
FNDA:0,(anonymous_6)
FNDA:0,(anonymous_7)
FNDA:0,(anonymous_8)
FNDA:0,(anonymous_9)
DA:1,0
DA:2,0
DA:4,0
DA:7,0
DA:8,0
DA:11,0
DA:12,0
DA:25,0
DA:26,0
DA:34,0
DA:42,0
DA:43,0
DA:46,0
DA:50,0
DA:60,0
DA:64,0
DA:68,0
DA:69,0
DA:72,0
DA:83,0
DA:87,0
DA:91,0
DA:92,0
DA:95,0
DA:101,0
LF:25
LH:0
BRDA:10,0,0,0
BRDA:10,1,0,0
BRDA:42,2,0,0
BRDA:53,3,0,0
BRDA:53,3,1,0
BRDA:54,4,0,0
BRDA:54,4,1,0
BRDA:55,5,0,0
BRDA:55,5,1,0
BRDA:56,6,0,0
BRDA:56,6,1,0
BRDA:68,7,0,0
BRDA:78,8,0,0
BRDA:78,8,1,0
BRDA:91,9,0,0
BRDA:107,10,0,0
BRDA:107,10,1,0
BRF:17
BRH:0
end_of_record
TN:
SF:src/cramschool/services/word-importer.service.ts
FN:18,(anonymous_1)
FN:31,(anonymous_2)
FN:91,(anonymous_3)
FN:98,(anonymous_4)
FN:240,(anonymous_5)
FNF:5
FNH:0
FNDA:0,(anonymous_1)
FNDA:0,(anonymous_2)
FNDA:0,(anonymous_3)
FNDA:0,(anonymous_4)
FNDA:0,(anonymous_5)
DA:1,0
DA:2,0
DA:18,0
DA:19,0
DA:39,0
DA:40,0
DA:42,0
DA:44,0
DA:45,0
DA:49,0
DA:50,0
DA:51,0
DA:54,0
DA:55,0
DA:56,0
DA:66,0
DA:67,0
DA:68,0
DA:71,0
DA:75,0
DA:76,0
DA:77,0
DA:79,0
DA:80,0
DA:84,0
DA:86,0
DA:87,0
DA:96,0
DA:97,0
DA:98,0
DA:100,0
DA:102,0
DA:103,0
DA:104,0
DA:107,0
DA:108,0
DA:110,0
DA:112,0
DA:113,0
DA:117,0
DA:130,0
DA:131,0
DA:132,0
DA:134,0
DA:135,0
DA:139,0
DA:150,0
DA:154,0
DA:156,0
DA:157,0
DA:158,0
DA:159,0
DA:160,0
DA:165,0
DA:166,0
DA:167,0
DA:168,0
DA:169,0
DA:173,0
DA:174,0
DA:175,0
DA:176,0
DA:180,0
DA:181,0
DA:182,0
DA:183,0
DA:187,0
DA:188,0
DA:189,0
DA:190,0
DA:194,0
DA:195,0
DA:196,0
DA:197,0
DA:199,0
DA:203,0
DA:204,0
DA:205,0
DA:206,0
DA:207,0
DA:211,0
DA:215,0
DA:216,0
DA:219,0
DA:220,0
DA:221,0
DA:223,0
DA:226,0
DA:233,0
DA:234,0
DA:237,0
DA:242,0
DA:243,0
DA:244,0
DA:245,0
DA:249,0
DA:250,0
DA:251,0
DA:255,0
DA:256,0
DA:257,0
LF:101
LH:0
BRDA:44,0,0,0
BRDA:44,1,0,0
BRDA:44,1,1,0
BRDA:49,2,0,0
BRDA:49,2,1,0
BRDA:55,3,0,0
BRDA:76,4,0,0
BRDA:79,5,0,0
BRDA:104,6,0,0
BRDA:110,7,0,0
BRDA:110,7,1,0
BRDA:112,8,0,0
BRDA:132,9,0,0
BRDA:134,10,0,0
BRDA:154,11,0,0
BRDA:156,12,0,0
BRDA:158,13,0,0
BRDA:166,14,0,0
BRDA:168,15,0,0
BRDA:168,15,1,0
BRDA:174,16,0,0
BRDA:181,17,0,0
BRDA:188,18,0,0
BRDA:194,19,0,0
BRDA:196,20,0,0
BRDA:204,21,0,0
BRDA:215,22,0,0
BRDA:215,22,1,0
BRDA:219,23,0,0
BRDA:219,23,1,0
BRDA:220,24,0,0
BRDA:220,24,1,0
BRDA:233,25,0,0
BRDA:243,26,0,0
BRDA:245,27,0,0
BRDA:245,27,1,0
BRDA:250,28,0,0
BRDA:256,29,0,0
BRF:38
BRH:0
end_of_record
TN:
SF:src/cramschool/services/questions/questions-export.service.ts
FN:12,(anonymous_2)
FN:17,(anonymous_3)
FN:65,(anonymous_4)
FN:102,(anonymous_5)
FN:146,(anonymous_6)
FN:182,(anonymous_7)
FNF:6
FNH:0
FNDA:0,(anonymous_2)
FNDA:0,(anonymous_3)
FNDA:0,(anonymous_4)
FNDA:0,(anonymous_5)
FNDA:0,(anonymous_6)
FNDA:0,(anonymous_7)
DA:6,0
DA:7,0
DA:11,0
DA:12,0
DA:18,0
DA:26,0
DA:27,0
DA:31,0
DA:32,0
DA:33,0
DA:34,0
DA:37,0
DA:40,0
DA:41,0
DA:43,0
DA:44,0
DA:46,0
DA:47,0
DA:50,0
DA:53,0
DA:54,0
DA:57,0
DA:60,0
DA:61,0
DA:62,0
DA:63,0
DA:64,0
DA:65,0
DA:66,0
DA:67,0
DA:70,0
DA:74,0
DA:75,0
DA:76,0
DA:79,0
DA:83,0
DA:84,0
DA:85,0
DA:88,0
DA:91,0
DA:93,0
DA:103,0
DA:111,0
DA:112,0
DA:116,0
DA:119,0
DA:120,0
DA:121,0
DA:123,0
DA:124,0
DA:126,0
DA:127,0
DA:129,0
DA:130,0
DA:132,0
DA:135,0
DA:136,0
DA:139,0
DA:142,0
DA:143,0
DA:144,0
DA:145,0
DA:146,0
DA:147,0
DA:148,0
DA:149,0
DA:152,0
DA:156,0
DA:157,0
DA:158,0
DA:161,0
DA:165,0
DA:166,0
DA:167,0
DA:170,0
DA:173,0
DA:184,0
DA:187,0
DA:192,0
LF:79
LH:0
BRDA:26,0,0,0
BRDA:40,1,0,0
BRDA:43,2,0,0
BRDA:46,3,0,0
BRDA:54,4,0,0
BRDA:54,4,1,0
BRDA:54,5,0,0
BRDA:54,5,1,0
BRDA:60,6,0,0
BRDA:60,7,0,0
BRDA:60,7,1,0
BRDA:63,8,0,0
BRDA:63,8,1,0
BRDA:64,9,0,0
BRDA:66,10,0,0
BRDA:66,10,1,0
BRDA:66,11,0,0
BRDA:66,11,1,0
BRDA:66,11,2,0
BRDA:74,12,0,0
BRDA:76,13,0,0
BRDA:76,13,1,0
BRDA:83,14,0,0
BRDA:85,15,0,0
BRDA:85,15,1,0
BRDA:111,16,0,0
BRDA:120,17,0,0
BRDA:123,18,0,0
BRDA:126,19,0,0
BRDA:129,20,0,0
BRDA:136,21,0,0
BRDA:136,21,1,0
BRDA:136,22,0,0
BRDA:136,22,1,0
BRDA:142,23,0,0
BRDA:142,24,0,0
BRDA:142,24,1,0
BRDA:144,25,0,0
BRDA:144,25,1,0
BRDA:145,26,0,0
BRDA:148,27,0,0
BRDA:148,27,1,0
BRDA:148,28,0,0
BRDA:148,28,1,0
BRDA:148,28,2,0
BRDA:156,29,0,0
BRDA:158,30,0,0
BRDA:158,30,1,0
BRDA:165,31,0,0
BRDA:167,32,0,0
BRDA:167,32,1,0
BRF:51
BRH:0
end_of_record
TN:
SF:src/cramschool/services/questions/questions-import.service.ts
FN:15,(anonymous_2)
FN:24,(anonymous_3)
FN:54,(anonymous_4)
FN:103,(anonymous_5)
FN:113,(anonymous_6)
FN:128,(anonymous_7)
FN:151,(anonymous_8)
FN:168,(anonymous_9)
FN:207,(anonymous_10)
FNF:9
FNH:0
FNDA:0,(anonymous_2)
FNDA:0,(anonymous_3)
FNDA:0,(anonymous_4)
FNDA:0,(anonymous_5)
FNDA:0,(anonymous_6)
FNDA:0,(anonymous_7)
FNDA:0,(anonymous_8)
FNDA:0,(anonymous_9)
FNDA:0,(anonymous_10)
DA:6,0
DA:7,0
DA:8,0
DA:9,0
DA:10,0
DA:14,0
DA:16,0
DA:17,0
DA:18,0
DA:30,0
DA:31,0
DA:35,0
DA:43,0
DA:63,0
DA:64,0
DA:68,0
DA:75,0
DA:78,0
DA:79,0
DA:80,0
DA:97,0
DA:100,0
DA:103,0
DA:120,0
DA:122,0
DA:123,0
DA:127,0
DA:128,0
DA:129,0
DA:132,0
DA:140,0
DA:160,0
DA:162,0
DA:163,0
DA:167,0
DA:168,0
DA:169,0
DA:172,0
DA:179,0
DA:182,0
DA:183,0
DA:184,0
DA:201,0
DA:204,0
DA:207,0
LF:45
LH:0
BRDA:30,0,0,0
BRDA:39,1,0,0
BRDA:39,1,1,0
BRDA:40,2,0,0
BRDA:40,2,1,0
BRDA:63,3,0,0
BRDA:72,4,0,0
BRDA:72,4,1,0
BRDA:73,5,0,0
BRDA:73,5,1,0
BRDA:83,6,0,0
BRDA:83,6,1,0
BRDA:84,7,0,0
BRDA:84,7,1,0
BRDA:84,7,2,0
BRDA:86,8,0,0
BRDA:86,8,1,0
BRDA:87,9,0,0
BRDA:87,9,1,0
BRDA:88,10,0,0
BRDA:88,10,1,0
BRDA:90,11,0,0
BRDA:90,11,1,0
BRDA:91,12,0,0
BRDA:91,12,1,0
BRDA:92,13,0,0
BRDA:92,13,1,0
BRDA:93,14,0,0
BRDA:93,14,1,0
BRDA:122,15,0,0
BRDA:122,16,0,0
BRDA:122,16,1,0
BRDA:136,17,0,0
BRDA:136,17,1,0
BRDA:137,18,0,0
BRDA:137,18,1,0
BRDA:162,19,0,0
BRDA:162,20,0,0
BRDA:162,20,1,0
BRDA:176,21,0,0
BRDA:176,21,1,0
BRDA:177,22,0,0
BRDA:177,22,1,0
BRF:43
BRH:0
end_of_record
TN:
SF:src/cramschool/services/questions/questions-permission.service.ts
FN:13,(anonymous_1)
FN:22,(anonymous_2)
FN:31,(anonymous_3)
FN:40,(anonymous_4)
FNF:4
FNH:0
FNDA:0,(anonymous_1)
FNDA:0,(anonymous_2)
FNDA:0,(anonymous_3)
FNDA:0,(anonymous_4)
DA:6,0
DA:9,0
DA:14,0
DA:15,0
DA:23,0
DA:24,0
DA:32,0
DA:33,0
DA:41,0
DA:42,0
LF:10
LH:0
BRDA:14,0,0,0
BRDA:23,1,0,0
BRDA:32,2,0,0
BRDA:41,3,0,0
BRF:4
BRH:0
end_of_record
TN:
SF:src/cramschool/services/questions/questions-query.service.ts
FN:14,(anonymous_2)
FN:22,(anonymous_3)
FN:68,(anonymous_4)
FN:113,(anonymous_5)
FN:145,(anonymous_6)
FN:155,(anonymous_7)
FNF:6
FNH:0
FNDA:0,(anonymous_2)
FNDA:0,(anonymous_3)
FNDA:0,(anonymous_4)
FNDA:0,(anonymous_5)
FNDA:0,(anonymous_6)
FNDA:0,(anonymous_7)
DA:6,0
DA:7,0
DA:9,0
DA:10,0
DA:13,0
DA:15,0
DA:16,0
DA:23,0
DA:26,0
DA:27,0
DA:30,0
DA:31,0
DA:32,0
DA:34,0
DA:37,0
DA:38,0
DA:42,0
DA:43,0
DA:47,0
DA:48,0
DA:52,0
DA:53,0
DA:57,0
DA:58,0
DA:62,0
DA:63,0
DA:68,0
DA:69,0
DA:73,0
DA:74,0
DA:78,0
DA:79,0
DA:82,0
DA:102,0
DA:114,0
DA:115,0
DA:118,0
DA:122,0
DA:123,0
DA:126,0
DA:127,0
DA:131,0
DA:137,0
DA:138,0
DA:139,0
DA:140,0
DA:145,0
DA:146,0
DA:147,0
DA:155,0
DA:156,0
DA:157,0
DA:159,0
DA:163,0
LF:54
LH:0
BRDA:26,0,0,0
BRDA:26,1,0,0
BRDA:26,1,1,0
BRDA:27,2,0,0
BRDA:27,2,1,0
BRDA:27,3,0,0
BRDA:27,3,1,0
BRDA:30,4,0,0
BRDA:30,4,1,0
BRDA:31,5,0,0
BRDA:31,5,1,0
BRDA:37,6,0,0
BRDA:42,7,0,0
BRDA:47,8,0,0
BRDA:52,9,0,0
BRDA:57,10,0,0
BRDA:62,11,0,0
BRDA:62,12,0,0
BRDA:62,12,1,0
BRDA:73,13,0,0
BRDA:78,14,0,0
BRDA:114,15,0,0
BRDA:114,16,0,0
BRDA:114,16,1,0
BRDA:122,17,0,0
BRDA:126,18,0,0
BRDA:139,19,0,0
BRDA:140,20,0,0
BRDA:140,20,1,0
BRDA:146,21,0,0
BRDA:146,21,1,0
BRDA:156,22,0,0
BRF:32
BRH:0
end_of_record
TN:
SF:src/cramschool/services/questions/questions.service.ts
FN:16,(anonymous_2)
FN:27,(anonymous_3)
FN:51,(anonymous_4)
FN:52,(anonymous_5)
FN:59,(anonymous_6)
FN:82,(anonymous_7)
FN:86,(anonymous_8)
FN:93,(anonymous_9)
FN:117,(anonymous_10)
FN:150,(anonymous_11)
FN:200,(anonymous_12)
FN:219,(anonymous_13)
FN:226,(anonymous_14)
FN:244,(anonymous_15)
FN:251,(anonymous_16)
FN:258,(anonymous_17)
FN:270,(anonymous_18)
FN:283,(anonymous_19)
FN:296,(anonymous_20)
FNF:19
FNH:0
FNDA:0,(anonymous_2)
FNDA:0,(anonymous_3)
FNDA:0,(anonymous_4)
FNDA:0,(anonymous_5)
FNDA:0,(anonymous_6)
FNDA:0,(anonymous_7)
FNDA:0,(anonymous_8)
FNDA:0,(anonymous_9)
FNDA:0,(anonymous_10)
FNDA:0,(anonymous_11)
FNDA:0,(anonymous_12)
FNDA:0,(anonymous_13)
FNDA:0,(anonymous_14)
FNDA:0,(anonymous_15)
FNDA:0,(anonymous_16)
FNDA:0,(anonymous_17)
FNDA:0,(anonymous_18)
FNDA:0,(anonymous_19)
FNDA:0,(anonymous_20)
DA:6,0
DA:7,0
DA:9,0
DA:10,0
DA:11,0
DA:12,0
DA:15,0
DA:17,0
DA:18,0
DA:19,0
DA:20,0
DA:21,0
DA:28,0
DA:51,0
DA:52,0
DA:60,0
DA:61,0
DA:64,0
DA:66,0
DA:67,0
DA:70,0
DA:71,0
DA:72,0
DA:76,0
DA:83,0
DA:84,0
DA:86,0
DA:94,0
DA:107,0
DA:108,0
DA:111,0
DA:118,0
DA:120,0
DA:144,0
DA:156,0
DA:158,0
DA:162,0
DA:163,0
DA:167,0
DA:168,0
DA:169,0
DA:172,0
DA:194,0
DA:201,0
DA:203,0
DA:207,0
DA:208,0
DA:211,0
DA:220,0
DA:227,0
DA:235,0
DA:245,0
DA:252,0
DA:264,0
DA:277,0
DA:290,0
DA:304,0
LF:57
LH:0
BRDA:43,0,0,0
BRDA:43,0,1,0
BRDA:51,1,0,0
BRDA:51,1,1,0
BRDA:52,2,0,0
BRDA:52,2,1,0
BRDA:60,3,0,0
BRDA:60,4,0,0
BRDA:60,4,1,0
BRDA:66,5,0,0
BRDA:66,6,0,0
BRDA:66,6,1,0
BRDA:70,7,0,0
BRDA:70,8,0,0
BRDA:70,8,1,0
BRDA:107,9,0,0
BRDA:128,10,0,0
BRDA:128,10,1,0
BRDA:129,11,0,0
BRDA:129,11,1,0
BRDA:135,12,0,0
BRDA:135,12,1,0
BRDA:162,13,0,0
BRDA:168,14,0,0
BRDA:207,15,0,0
BRF:25
BRH:0
end_of_record
TN:
SF:src/cramschool/services/students/students-fee.service.ts
FN:11,(anonymous_2)
FN:16,(anonymous_3)
FN:69,(anonymous_4)
FN:97,(anonymous_5)
FN:132,(anonymous_6)
FN:177,(anonymous_7)
FNF:6
FNH:0
FNDA:0,(anonymous_2)
FNDA:0,(anonymous_3)
FNDA:0,(anonymous_4)
FNDA:0,(anonymous_5)
FNDA:0,(anonymous_6)
FNDA:0,(anonymous_7)
DA:6,2
DA:7,2
DA:10,2
DA:11,0
DA:17,0
DA:36,0
DA:37,0
DA:41,0
DA:60,0
DA:61,0
DA:62,0
DA:63,0
DA:65,0
DA:67,0
DA:68,0
DA:70,0
DA:75,0
DA:76,0
DA:87,0
DA:88,0
DA:89,0
DA:91,0
DA:92,0
DA:93,0
DA:94,0
DA:96,0
DA:98,0
DA:103,0
DA:104,0
DA:115,0
DA:121,0
DA:133,0
DA:145,0
DA:146,0
DA:149,0
DA:150,0
DA:151,0
DA:155,0
DA:156,0
DA:159,0
DA:160,0
DA:171,0
DA:178,0
DA:179,0
DA:180,0
DA:181,0
DA:182,0
DA:184,0
DA:185,0
DA:186,0
DA:187,0
DA:188,0
DA:190,0
DA:191,0
DA:192,0
DA:198,0
DA:200,0
DA:208,0
DA:210,0
DA:211,0
DA:218,0
LF:61
LH:3
BRDA:36,0,0,0
BRDA:67,1,0,0
BRDA:67,1,1,0
BRDA:67,2,0,0
BRDA:67,2,1,0
BRDA:70,3,0,0
BRDA:70,3,1,0
BRDA:70,3,2,0
BRDA:75,4,0,0
BRDA:89,5,0,0
BRDA:89,5,1,0
BRDA:98,6,0,0
BRDA:98,6,1,0
BRDA:98,6,2,0
BRDA:103,7,0,0
BRDA:123,8,0,0
BRDA:123,8,1,0
BRDA:124,9,0,0
BRDA:124,9,1,0
BRDA:124,10,0,0
BRDA:124,10,1,0
BRDA:145,11,0,0
BRDA:150,12,0,0
BRDA:155,13,0,0
BRDA:155,13,1,0
BRDA:177,14,0,0
BRDA:188,15,0,0
BRDA:188,15,1,0
BRF:28
BRH:0
end_of_record
TN:
SF:src/cramschool/services/students/students-permission.service.ts
FN:13,(anonymous_1)
FNF:1
FNH:0
FNDA:0,(anonymous_1)
DA:6,2
DA:9,2
DA:14,0
DA:15,0
LF:4
LH:2
BRDA:14,0,0,0
BRDA:14,1,0,0
BRDA:14,1,1,0
BRF:3
BRH:0
end_of_record
TN:
SF:src/cramschool/services/students/students-query.service.ts
FN:12,(anonymous_2)
FN:17,(anonymous_3)
FN:36,(anonymous_4)
FN:46,(anonymous_5)
FN:89,(anonymous_6)
FN:91,(anonymous_7)
FN:107,(anonymous_8)
FN:109,(anonymous_9)
FN:128,(anonymous_10)
FN:130,(anonymous_11)
FN:140,(anonymous_12)
FNF:11
FNH:0
FNDA:0,(anonymous_2)
FNDA:0,(anonymous_3)
FNDA:0,(anonymous_4)
FNDA:0,(anonymous_5)
FNDA:0,(anonymous_6)
FNDA:0,(anonymous_7)
FNDA:0,(anonymous_8)
FNDA:0,(anonymous_9)
FNDA:0,(anonymous_10)
FNDA:0,(anonymous_11)
FNDA:0,(anonymous_12)
DA:6,2
DA:7,2
DA:11,2
DA:12,0
DA:18,0
DA:21,0
DA:23,0
DA:27,0
DA:28,0
DA:31,0
DA:36,0
DA:37,0
DA:46,0
DA:47,0
DA:48,0
DA:50,0
DA:54,0
DA:55,0
DA:58,0
DA:62,0
DA:63,0
DA:67,0
DA:68,0
DA:72,0
DA:73,0
DA:77,0
DA:78,0
DA:82,0
DA:83,0
DA:84,0
DA:85,0
DA:89,0
DA:90,0
DA:91,0
DA:97,0
DA:98,0
DA:99,0
DA:100,0
DA:107,0
DA:108,0
DA:109,0
DA:115,0
DA:116,0
DA:128,0
DA:129,0
DA:130,0
DA:134,0
DA:141,0
LF:48
LH:3
BRDA:21,0,0,0
BRDA:21,0,1,0
BRDA:27,1,0,0
BRDA:48,2,0,0
BRDA:54,3,0,0
BRDA:62,4,0,0
BRDA:67,5,0,0
BRDA:72,6,0,0
BRDA:77,7,0,0
BRDA:82,8,0,0
BRDA:84,9,0,0
BRDA:90,10,0,0
BRDA:90,10,1,0
BRDA:91,11,0,0
BRDA:91,11,1,0
BRDA:97,12,0,0
BRDA:99,13,0,0
BRDA:108,14,0,0
BRDA:108,14,1,0
BRDA:109,15,0,0
BRDA:109,15,1,0
BRDA:115,16,0,0
BRDA:129,17,0,0
BRDA:129,17,1,0
BRDA:130,18,0,0
BRDA:130,18,1,0
BRF:26
BRH:0
end_of_record
TN:
SF:src/cramschool/services/students/students-stats.service.ts
FN:11,(anonymous_2)
FN:16,(anonymous_3)
FN:44,(anonymous_4)
FN:55,(anonymous_5)
FN:75,(anonymous_6)
FNF:5
FNH:0
FNDA:0,(anonymous_2)
FNDA:0,(anonymous_3)
FNDA:0,(anonymous_4)
FNDA:0,(anonymous_5)
FNDA:0,(anonymous_6)
DA:6,2
DA:7,2
DA:10,2
DA:11,0
DA:22,0
DA:41,0
DA:42,0
DA:43,0
DA:44,0
DA:47,0
DA:48,0
DA:49,0
DA:50,0
DA:52,0
DA:53,0
DA:54,0
DA:56,0
DA:60,0
DA:61,0
DA:62,0
DA:65,0
DA:66,0
DA:67,0
DA:69,0
DA:70,0
DA:71,0
DA:72,0
DA:74,0
DA:76,0
DA:81,0
DA:82,0
DA:83,0
DA:86,0
DA:89,0
DA:92,0
DA:98,0
LF:36
LH:3
BRDA:42,0,0,0
BRDA:42,1,0,0
BRDA:42,1,1,0
BRDA:44,2,0,0
BRDA:44,2,1,0
BRDA:47,3,0,0
BRDA:53,4,0,0
BRDA:53,4,1,0
BRDA:53,5,0,0
BRDA:53,5,1,0
BRDA:56,6,0,0
BRDA:56,6,1,0
BRDA:56,6,2,0
BRDA:60,7,0,0
BRDA:67,8,0,0
BRDA:67,8,1,0
BRDA:70,9,0,0
BRDA:70,9,1,0
BRDA:76,10,0,0
BRDA:76,10,1,0
BRDA:76,10,2,0
BRDA:81,11,0,0
BRDA:89,12,0,0
BRDA:92,13,0,0
BRDA:99,14,0,0
BRDA:99,14,1,0
BRDA:100,15,0,0
BRDA:100,15,1,0
BRF:28
BRH:0
end_of_record
TN:
SF:src/cramschool/services/students/students.service.ts
FN:26,(anonymous_2)
FN:34,(anonymous_3)
FN:84,(anonymous_4)
FN:90,(anonymous_5)
FN:96,(anonymous_6)
FN:111,(anonymous_7)
FN:142,(anonymous_8)
FN:148,(anonymous_9)
FN:159,(anonymous_10)
FN:204,(anonymous_11)
FN:229,(anonymous_12)
FN:268,(anonymous_13)
FN:289,(anonymous_14)
FN:293,(anonymous_15)
FN:297,(anonymous_16)
FN:301,(anonymous_17)
FN:326,(anonymous_18)
FN:360,(anonymous_19)
FN:377,(anonymous_20)
FN:423,(anonymous_21)
FN:439,(anonymous_22)
FNF:21
FNH:13
FNDA:26,(anonymous_2)
FNDA:6,(anonymous_3)
FNDA:3,(anonymous_4)
FNDA:0,(anonymous_5)
FNDA:0,(anonymous_6)
FNDA:12,(anonymous_7)
FNDA:0,(anonymous_8)
FNDA:1,(anonymous_9)
FNDA:4,(anonymous_10)
FNDA:5,(anonymous_11)
FNDA:5,(anonymous_12)
FNDA:2,(anonymous_13)
FNDA:1,(anonymous_14)
FNDA:1,(anonymous_15)
FNDA:1,(anonymous_16)
FNDA:0,(anonymous_17)
FNDA:0,(anonymous_18)
FNDA:13,(anonymous_19)
FNDA:0,(anonymous_20)
FNDA:0,(anonymous_21)
FNDA:0,(anonymous_22)
DA:6,2
DA:7,2
DA:14,2
DA:15,2
DA:16,2
DA:17,2
DA:18,2
DA:25,2
DA:27,26
DA:28,26
DA:29,26
DA:30,26
DA:31,26
DA:35,6
DA:36,6
DA:37,6
DA:40,6
DA:43,6
DA:44,1
DA:48,5
DA:51,5
DA:83,5
DA:85,3
DA:87,3
DA:90,0
DA:96,0
DA:108,5
DA:112,12
DA:136,12
DA:137,2
DA:140,10
DA:142,0
DA:148,1
DA:161,4
DA:164,4
DA:178,4
DA:179,1
DA:180,1
DA:181,1
DA:183,1
DA:195,1
DA:201,4
DA:205,5
DA:209,5
DA:210,2
DA:213,3
DA:226,3
DA:230,5
DA:234,5
DA:235,2
DA:239,3
DA:248,3
DA:269,2
DA:273,2
DA:274,1
DA:278,1
DA:286,1
DA:290,1
DA:294,1
DA:298,1
DA:302,0
DA:307,0
DA:308,0
DA:311,0
DA:312,0
DA:315,0
DA:316,0
DA:321,0
DA:327,0
DA:332,0
DA:333,0
DA:336,0
DA:337,0
DA:340,0
DA:344,0
DA:345,0
DA:348,0
DA:355,0
DA:361,13
DA:378,0
DA:382,0
DA:383,0
DA:387,0
DA:408,0
DA:423,0
DA:439,0
DA:452,0
LF:87
LH:58
BRDA:35,0,0,6
BRDA:35,0,1,0
BRDA:36,1,0,6
BRDA:36,1,1,0
BRDA:43,2,0,1
BRDA:90,3,0,3
BRDA:90,3,1,3
BRDA:136,4,0,2
BRDA:142,5,0,10
BRDA:142,5,1,10
BRDA:169,6,0,4
BRDA:169,6,1,3
BRDA:170,7,0,4
BRDA:170,7,1,3
BRDA:171,8,0,4
BRDA:171,8,1,3
BRDA:172,9,0,4
BRDA:172,9,1,3
BRDA:173,10,0,4
BRDA:173,10,1,3
BRDA:178,11,0,1
BRDA:209,12,0,2
BRDA:234,13,0,2
BRDA:273,14,0,1
BRDA:297,15,0,0
BRDA:307,16,0,0
BRDA:311,17,0,0
BRDA:332,18,0,0
BRDA:336,19,0,0
BRDA:344,20,0,0
BRDA:371,21,0,13
BRDA:371,21,1,13
BRDA:382,22,0,0
BRDA:431,23,0,0
BRDA:431,23,1,0
BRDA:435,24,0,0
BRDA:435,24,1,0
BRDA:449,25,0,0
BRDA:449,25,1,0
BRF:39
BRH:24
end_of_record
TN:
SF:src/prisma/prisma.module.ts
FNF:0
FNH:0
DA:1,0
DA:2,0
DA:9,0
LF:3
LH:0
BRF:0
BRH:0
end_of_record
TN:
SF:src/prisma/prisma.service.ts
FN:6,(anonymous_1)
FN:10,(anonymous_2)
FNF:2
FNH:0
FNDA:0,(anonymous_1)
FNDA:0,(anonymous_2)
DA:1,10
DA:2,10
DA:5,10
DA:7,0
DA:11,0
LF:5
LH:3
BRF:0
BRH:0
end_of_record
TN:
SF:src/scripts/flush-db.ts
FN:64,askConfirmation
FN:70,(anonymous_1)
FN:71,(anonymous_2)
FN:78,deleteModel
FN:107,flushDatabase
FN:120,(anonymous_5)
FN:153,(anonymous_6)
FN:178,main
FNF:8
FNH:0
FNDA:0,askConfirmation
FNDA:0,(anonymous_1)
FNDA:0,(anonymous_2)
FNDA:0,deleteModel
FNDA:0,flushDatabase
FNDA:0,(anonymous_5)
FNDA:0,(anonymous_6)
FNDA:0,main
DA:10,0
DA:11,0
DA:13,0
DA:17,0
DA:65,0
DA:70,0
DA:71,0
DA:72,0
DA:73,0
DA:83,0
DA:84,0
DA:87,0
DA:88,0
DA:89,0
DA:90,0
DA:91,0
DA:94,0
DA:95,0
DA:96,0
DA:97,0
DA:98,0
DA:100,0
DA:102,0
DA:103,0
DA:108,0
DA:109,0
DA:111,0
DA:112,0
DA:115,0
DA:116,0
DA:119,0
DA:120,0
DA:123,0
DA:124,0
DA:125,0
DA:126,0
DA:127,0
DA:128,0
DA:133,0
DA:134,0
DA:137,0
DA:138,0
DA:142,0
DA:143,0
DA:144,0
DA:148,0
DA:149,0
DA:151,0
DA:153,0
DA:154,0
DA:155,0
DA:156,0
DA:157,0
DA:158,0
DA:165,0
DA:166,0
DA:167,0
DA:168,0
DA:170,0
DA:171,0
DA:172,0
DA:173,0
DA:174,0
DA:179,0
DA:180,0
DA:181,0
DA:183,0
DA:184,0
DA:186,0
DA:187,0
DA:189,0
DA:193,0
LF:72
LH:0
BRDA:83,0,0,0
BRDA:83,1,0,0
BRDA:83,1,1,0
BRDA:89,2,0,0
BRDA:89,3,0,0
BRDA:89,3,1,0
BRDA:95,4,0,0
BRDA:111,5,0,0
BRDA:119,6,0,0
BRDA:119,6,1,0
BRDA:125,7,0,0
BRDA:125,8,0,0
BRDA:125,8,1,0
BRDA:127,9,0,0
BRDA:137,10,0,0
BRDA:142,11,0,0
BRDA:156,12,0,0
BRDA:180,13,0,0
BRDA:180,13,1,0
BRF:19
BRH:0
end_of_record
TN:
SF:src/scripts/seed-data.ts
FN:151,getModel
FN:169,snakeToCamel
FN:170,(anonymous_2)
FN:176,convertKeysToCamelCase
FN:184,resolveForeignKey
FN:229,processItem
FN:242,(anonymous_6)
FN:263,(anonymous_7)
FN:404,getDisplayName
FN:419,seedData
FN:450,(anonymous_10)
FN:526,main
FN:530,(anonymous_12)
FNF:13
FNH:0
FNDA:0,getModel
FNDA:0,snakeToCamel
FNDA:0,(anonymous_2)
FNDA:0,convertKeysToCamelCase
FNDA:0,resolveForeignKey
FNDA:0,processItem
FNDA:0,(anonymous_6)
FNDA:0,(anonymous_7)
FNDA:0,getDisplayName
FNDA:0,seedData
FNDA:0,(anonymous_10)
FNDA:0,main
FNDA:0,(anonymous_12)
DA:13,0
DA:14,0
DA:15,0
DA:16,0
DA:18,0
DA:57,0
DA:95,0
DA:149,0
DA:152,0
DA:153,0
DA:154,0
DA:157,0
DA:158,0
DA:159,0
DA:162,0
DA:170,0
DA:177,0
DA:178,0
DA:179,0
DA:181,0
DA:191,0
DA:192,0
DA:195,0
DA:198,0
DA:200,0
DA:203,0
DA:205,0
DA:206,0
DA:207,0
DA:210,0
DA:211,0
DA:215,0
DA:216,0
DA:218,0
DA:219,0
DA:220,0
DA:223,0
DA:225,0
DA:235,0
DA:236,0
DA:241,0
DA:242,0
DA:245,0
DA:246,0
DA:249,0
DA:250,0
DA:252,0
DA:255,0
DA:258,0
DA:259,0
DA:263,0
DA:268,0
DA:270,0
DA:273,0
DA:274,0
DA:276,0
DA:282,0
DA:283,0
DA:287,0
DA:289,0
DA:290,0
DA:291,0
DA:295,0
DA:296,0
DA:297,0
DA:298,0
DA:299,0
DA:301,0
DA:306,0
DA:308,0
DA:309,0
DA:310,0
DA:311,0
DA:312,0
DA:315,0
DA:316,0
DA:320,0
DA:322,0
DA:324,0
DA:326,0
DA:328,0
DA:329,0
DA:332,0
DA:333,0
DA:336,0
DA:338,0
DA:339,0
DA:344,0
DA:349,0
DA:350,0
DA:351,0
DA:355,0
DA:356,0
DA:357,0
DA:361,0
DA:363,0
DA:364,0
DA:365,0
DA:366,0
DA:371,0
DA:372,0
DA:373,0
DA:377,0
DA:379,0
DA:380,0
DA:381,0
DA:382,0
DA:387,0
DA:388,0
DA:389,0
DA:390,0
DA:391,0
DA:394,0
DA:397,0
DA:401,0
DA:406,0
DA:407,0
DA:408,0
DA:412,0
DA:413,0
DA:414,0
DA:416,0
DA:421,0
DA:422,0
DA:427,0
DA:428,0
DA:429,0
DA:431,0
DA:434,0
DA:435,0
DA:438,0
DA:439,0
DA:442,0
DA:449,0
DA:450,0
DA:452,0
DA:453,0
DA:454,0
DA:455,0
DA:456,0
DA:457,0
DA:458,0
DA:459,0
DA:460,0
DA:463,0
DA:469,0
DA:470,0
DA:471,0
DA:473,0
DA:474,0
DA:477,0
DA:478,0
DA:479,0
DA:480,0
DA:481,0
DA:482,0
DA:483,0
DA:485,0
DA:488,0
DA:489,0
DA:493,0
DA:494,0
DA:498,0
DA:500,0
DA:506,0
DA:509,0
DA:514,0
DA:515,0
DA:516,0
DA:517,0
DA:518,0
DA:519,0
DA:520,0
DA:521,0
DA:523,0
DA:527,0
DA:530,0
DA:531,0
DA:532,0
DA:536,0
DA:537,0
DA:540,0
DA:541,0
DA:544,0
DA:545,0
DA:546,0
DA:547,0
DA:552,0
DA:553,0
DA:555,0
DA:556,0
DA:558,0
DA:562,0
LF:193
LH:0
BRDA:153,0,0,0
BRDA:158,1,0,0
BRDA:191,2,0,0
BRDA:191,3,0,0
BRDA:191,3,1,0
BRDA:198,4,0,0
BRDA:198,5,0,0
BRDA:198,5,1,0
BRDA:210,6,0,0
BRDA:210,7,0,0
BRDA:210,7,1,0
BRDA:210,7,2,0
BRDA:219,8,0,0
BRDA:235,9,0,0
BRDA:242,10,0,0
BRDA:242,10,1,0
BRDA:246,11,0,0
BRDA:246,12,0,0
BRDA:246,12,1,0
BRDA:250,13,0,0
BRDA:258,14,0,0
BRDA:263,15,0,0
BRDA:263,15,1,0
BRDA:263,16,0,0
BRDA:263,16,1,0
BRDA:268,17,0,0
BRDA:268,17,1,0
BRDA:289,18,0,0
BRDA:290,19,0,0
BRDA:290,19,1,0
BRDA:290,19,2,0
BRDA:296,20,0,0
BRDA:298,21,0,0
BRDA:306,22,0,0
BRDA:308,23,0,0
BRDA:310,24,0,0
BRDA:322,25,0,0
BRDA:322,25,1,0
BRDA:326,26,0,0
BRDA:326,26,1,0
BRDA:329,27,0,0
BRDA:329,27,1,0
BRDA:336,28,0,0
BRDA:336,28,1,0
BRDA:336,29,0,0
BRDA:336,29,1,0
BRDA:350,30,0,0
BRDA:350,31,0,0
BRDA:350,31,1,0
BRDA:355,32,0,0
BRDA:355,32,1,0
BRDA:355,33,0,0
BRDA:355,33,1,0
BRDA:365,34,0,0
BRDA:365,35,0,0
BRDA:365,35,1,0
BRDA:371,36,0,0
BRDA:371,36,1,0
BRDA:371,37,0,0
BRDA:371,37,1,0
BRDA:381,38,0,0
BRDA:381,39,0,0
BRDA:381,39,1,0
BRDA:387,40,0,0
BRDA:389,41,0,0
BRDA:390,42,0,0
BRDA:394,43,0,0
BRDA:394,43,1,0
BRDA:396,44,0,0
BRDA:396,44,1,0
BRDA:401,45,0,0
BRDA:401,45,1,0
BRDA:407,46,0,0
BRDA:412,47,0,0
BRDA:421,48,0,0
BRDA:434,49,0,0
BRDA:438,50,0,0
BRDA:452,51,0,0
BRDA:452,52,0,0
BRDA:452,52,1,0
BRDA:458,53,0,0
BRDA:480,54,0,0
BRDA:480,54,1,0
BRDA:482,55,0,0
BRDA:482,55,1,0
BRDA:498,56,0,0
BRDA:506,57,0,0
BRDA:506,57,1,0
BRDA:520,58,0,0
BRDA:536,59,0,0
BRDA:536,59,1,0
BRDA:544,60,0,0
BRDA:546,61,0,0
BRF:93
BRH:0
end_of_record
TN:
SF:src/test/helpers/mock-prisma.helper.ts
FN:6,(anonymous_0)
FN:191,(anonymous_1)
FN:210,(anonymous_2)
FN:211,(anonymous_3)
FN:213,(anonymous_4)
FNF:5
FNH:4
FNDA:126,(anonymous_0)
FNDA:0,(anonymous_1)
FNDA:102,(anonymous_2)
FNDA:1836,(anonymous_3)
FNDA:12546,(anonymous_4)
DA:6,126
DA:191,0
DA:210,6
DA:211,102
DA:212,1836
DA:213,1734
DA:214,12546
DA:215,12546
LF:8
LH:7
BRDA:212,0,0,1734
BRDA:212,1,0,1836
BRDA:212,1,1,1734
BRDA:214,2,0,12546
BRF:4
BRH:4
end_of_record
TN:
SF:src/test/helpers/test-data.helper.ts
FN:9,(anonymous_0)
FN:34,(anonymous_1)
FN:52,(anonymous_2)
FN:77,(anonymous_3)
FN:92,(anonymous_4)
FN:114,(anonymous_5)
FN:135,(anonymous_6)
FN:156,(anonymous_7)
FN:174,(anonymous_8)
FN:189,(anonymous_9)
FN:204,(anonymous_10)
FN:217,(anonymous_11)
FN:238,(anonymous_12)
FN:249,(anonymous_13)
FN:265,(anonymous_14)
FNF:15
FNH:12
FNDA:64,(anonymous_0)
FNDA:9,(anonymous_1)
FNDA:33,(anonymous_2)
FNDA:20,(anonymous_3)
FNDA:11,(anonymous_4)
FNDA:11,(anonymous_5)
FNDA:22,(anonymous_6)
FNDA:0,(anonymous_7)
FNDA:0,(anonymous_8)
FNDA:2,(anonymous_9)
FNDA:0,(anonymous_10)
FNDA:2,(anonymous_11)
FNDA:1,(anonymous_12)
FNDA:19,(anonymous_13)
FNDA:15,(anonymous_14)
DA:9,64
DA:34,10
DA:52,33
DA:77,10
DA:78,20
DA:79,20
DA:92,11
DA:114,11
DA:135,22
DA:156,10
DA:174,10
DA:189,10
DA:204,10
DA:217,10
DA:238,10
DA:249,19
DA:265,10
DA:270,15
LF:18
LH:18
BRDA:9,0,0,4
BRDA:34,1,0,0
BRDA:36,2,0,9
BRDA:36,2,1,9
BRDA:46,3,0,9
BRDA:46,3,1,9
BRDA:52,4,0,5
BRDA:77,5,0,6
BRDA:81,6,0,20
BRDA:81,6,1,19
BRDA:82,7,0,20
BRDA:82,7,1,20
BRDA:83,8,0,20
BRDA:83,8,1,19
BRDA:84,9,0,20
BRDA:84,9,1,20
BRDA:85,10,0,20
BRDA:85,10,1,20
BRDA:92,11,0,9
BRDA:114,12,0,9
BRDA:135,13,0,9
BRDA:156,14,0,0
BRDA:174,15,0,0
BRDA:189,16,0,0
BRDA:204,17,0,0
BRDA:217,18,0,0
BRDA:238,19,0,0
BRDA:249,20,0,0
BRDA:255,21,0,19
BRDA:255,21,1,19
BRDA:256,22,0,19
BRDA:256,22,1,19
BRDA:257,23,0,19
BRDA:257,23,1,19
BRDA:258,24,0,19
BRDA:258,24,1,19
BRDA:268,25,0,0
BRDA:269,26,0,0
BRDA:272,27,0,6
BRDA:272,27,1,9
BRDA:273,28,0,5
BRDA:273,28,1,10
BRF:42
BRH:32
end_of_record
